<?xml version="1.0" encoding="utf-8"?>
<CoverageSession xmlns:xsd="http://www.w3.org/2001/XMLSchema" xmlns:xsi="http://www.w3.org/2001/XMLSchema-instance" Version="4.6.0.0">
  <Summary numSequencePoints="330" visitedSequencePoints="57" numBranchPoints="121" visitedBranchPoints="23" sequenceCoverage="17.27" branchCoverage="19.01" maxCyclomaticComplexity="7" minCyclomaticComplexity="1" maxCrapScore="56" minCrapScore="1" visitedClasses="8" numClasses="28" visitedMethods="16" numMethods="83" />
  <Modules>
    <Module hash="69-4C-F9-D8-9A-5B-FC-AE-AD-72-C4-E9-2F-4A-5C-40-75-6E-3E-FE">
      <Summary numSequencePoints="133" visitedSequencePoints="22" numBranchPoints="32" visitedBranchPoints="7" sequenceCoverage="16.54" branchCoverage="21.88" maxCyclomaticComplexity="1" minCyclomaticComplexity="1" maxCrapScore="2" minCrapScore="1" visitedClasses="1" numClasses="6" visitedMethods="7" numMethods="32" />
      <ModulePath>C:\Users\bruno\Desktop\Projeto-Banco-Tabajara\ws-banco-tabajara\Ws-BancoTabajara\Ws-BancoTabajara.Domain.Tests\bin\Debug\Ws-BancoTabajara.Domain.Tests.dll</ModulePath>
      <ModuleTime>2018-07-28T02:39:07.4084133Z</ModuleTime>
      <ModuleName>Ws-BancoTabajara.Domain.Tests</ModuleName>
      <Files>
        <File uid="1" fullPath="C:\Users\bruno\Desktop\Projeto-Banco-Tabajara\ws-banco-tabajara\Ws-BancoTabajara\Ws-BancoTabajara.Domain.Tests\Features\Transactions\TransactionTests.cs" />
        <File uid="2" fullPath="C:\Users\bruno\Desktop\Projeto-Banco-Tabajara\ws-banco-tabajara\Ws-BancoTabajara\Ws-BancoTabajara.Domain.Tests\Features\Clients\ClientTest.cs" />
        <File uid="3" fullPath="C:\Users\bruno\Desktop\Projeto-Banco-Tabajara\ws-banco-tabajara\Ws-BancoTabajara\Ws-BancoTabajara.Domain.Tests\Features\BankAccounts\BankAccountTest.cs" />
      </Files>
      <Classes>
        <Class>
          <Summary numSequencePoints="22" visitedSequencePoints="22" numBranchPoints="7" visitedBranchPoints="7" sequenceCoverage="100" branchCoverage="100" maxCyclomaticComplexity="1" minCyclomaticComplexity="1" maxCrapScore="2" minCrapScore="1" visitedClasses="1" numClasses="1" visitedMethods="7" numMethods="7" />
          <FullName>Ws_BancoTabajara.Domain.Tests.Features.Transactions.TransactionTests</FullName>
          <Methods>
            <Method visited="true" cyclomaticComplexity="1" nPathComplexity="0" sequenceCoverage="100" branchCoverage="100" crapScore="1" isConstructor="false" isStatic="false" isGetter="false" isSetter="false">
              <Summary numSequencePoints="4" visitedSequencePoints="4" numBranchPoints="1" visitedBranchPoints="1" sequenceCoverage="100" branchCoverage="100" maxCyclomaticComplexity="1" minCyclomaticComplexity="1" maxCrapScore="1" minCrapScore="1" visitedClasses="0" numClasses="0" visitedMethods="1" numMethods="1" />
              <MetadataToken>100663297</MetadataToken>
              <Name>System.Void Ws_BancoTabajara.Domain.Tests.Features.Transactions.TransactionTests::SetUp()</Name>
              <FileRef uid="1" />
              <SequencePoints>
                <SequencePoint vc="3" uspid="1" ordinal="0" offset="0" sl="23" sc="9" el="23" ec="10" bec="0" bev="0" fileid="1" />
                <SequencePoint vc="3" uspid="2" ordinal="1" offset="1" sl="24" sc="13" el="24" ec="46" bec="0" bev="0" fileid="1" />
                <SequencePoint vc="3" uspid="3" ordinal="2" offset="12" sl="25" sc="13" el="25" ec="56" bec="0" bev="0" fileid="1" />
                <SequencePoint vc="3" uspid="4" ordinal="3" offset="23" sl="26" sc="9" el="26" ec="10" bec="0" bev="0" fileid="1" />
              </SequencePoints>
              <BranchPoints />
              <MethodPoint xsi:type="SequencePoint" vc="3" uspid="1" ordinal="0" offset="0" sl="23" sc="9" el="23" ec="10" bec="0" bev="0" fileid="1" />
            </Method>
            <Method visited="true" cyclomaticComplexity="1" nPathComplexity="0" sequenceCoverage="100" branchCoverage="100" crapScore="1" isConstructor="false" isStatic="false" isGetter="false" isSetter="false">
              <Summary numSequencePoints="5" visitedSequencePoints="5" numBranchPoints="1" visitedBranchPoints="1" sequenceCoverage="100" branchCoverage="100" maxCyclomaticComplexity="1" minCyclomaticComplexity="1" maxCrapScore="1" minCrapScore="1" visitedClasses="0" numClasses="0" visitedMethods="1" numMethods="1" />
              <MetadataToken>100663298</MetadataToken>
              <Name>System.Void Ws_BancoTabajara.Domain.Tests.Features.Transactions.TransactionTests::Transaction_Domain_Validate_ShouldBeOk()</Name>
              <FileRef uid="1" />
              <SequencePoints>
                <SequencePoint vc="1" uspid="5" ordinal="0" offset="0" sl="30" sc="9" el="30" ec="10" bec="0" bev="0" fileid="1">
                  <TrackedMethodRefs>
                    <TrackedMethodRef uid="1" vc="1" />
                  </TrackedMethodRefs>
                </SequencePoint>
                <SequencePoint vc="1" uspid="6" ordinal="1" offset="1" sl="32" sc="13" el="32" ec="89" bec="0" bev="0" fileid="1">
                  <TrackedMethodRefs>
                    <TrackedMethodRef uid="1" vc="1" />
                  </TrackedMethodRefs>
                </SequencePoint>
                <SequencePoint vc="1" uspid="7" ordinal="2" offset="23" sl="35" sc="13" el="35" ec="56" bec="0" bev="0" fileid="1">
                  <TrackedMethodRefs>
                    <TrackedMethodRef uid="1" vc="1" />
                  </TrackedMethodRefs>
                </SequencePoint>
                <SequencePoint vc="1" uspid="8" ordinal="3" offset="36" sl="38" sc="13" el="38" ec="37" bec="0" bev="0" fileid="1">
                  <TrackedMethodRefs>
                    <TrackedMethodRef uid="1" vc="1" />
                  </TrackedMethodRefs>
                </SequencePoint>
                <SequencePoint vc="1" uspid="9" ordinal="4" offset="58" sl="39" sc="9" el="39" ec="10" bec="0" bev="0" fileid="1">
                  <TrackedMethodRefs>
                    <TrackedMethodRef uid="1" vc="1" />
                  </TrackedMethodRefs>
                </SequencePoint>
              </SequencePoints>
              <BranchPoints />
              <MethodPoint xsi:type="SequencePoint" vc="1" uspid="5" ordinal="0" offset="0" sl="30" sc="9" el="30" ec="10" bec="0" bev="0" fileid="1">
                <TrackedMethodRefs>
                  <TrackedMethodRef uid="1" vc="1" />
                </TrackedMethodRefs>
              </MethodPoint>
            </Method>
            <Method visited="true" cyclomaticComplexity="1" nPathComplexity="0" sequenceCoverage="100" branchCoverage="100" crapScore="1" isConstructor="false" isStatic="false" isGetter="false" isSetter="false">
              <Summary numSequencePoints="5" visitedSequencePoints="5" numBranchPoints="1" visitedBranchPoints="1" sequenceCoverage="100" branchCoverage="100" maxCyclomaticComplexity="1" minCyclomaticComplexity="1" maxCrapScore="1" minCrapScore="1" visitedClasses="0" numClasses="0" visitedMethods="1" numMethods="1" />
              <MetadataToken>100663299</MetadataToken>
              <Name>System.Void Ws_BancoTabajara.Domain.Tests.Features.Transactions.TransactionTests::Transaction_Domain_Validate_ShouldThrowTransactionInvalidValueException()</Name>
              <FileRef uid="1" />
              <SequencePoints>
                <SequencePoint vc="1" uspid="10" ordinal="0" offset="0" sl="43" sc="9" el="43" ec="10" bec="0" bev="0" fileid="1">
                  <TrackedMethodRefs>
                    <TrackedMethodRef uid="2" vc="1" />
                  </TrackedMethodRefs>
                </SequencePoint>
                <SequencePoint vc="1" uspid="11" ordinal="1" offset="1" sl="45" sc="13" el="45" ec="90" bec="0" bev="0" fileid="1">
                  <TrackedMethodRefs>
                    <TrackedMethodRef uid="2" vc="1" />
                  </TrackedMethodRefs>
                </SequencePoint>
                <SequencePoint vc="1" uspid="12" ordinal="2" offset="23" sl="48" sc="13" el="48" ec="56" bec="0" bev="0" fileid="1">
                  <TrackedMethodRefs>
                    <TrackedMethodRef uid="2" vc="1" />
                  </TrackedMethodRefs>
                </SequencePoint>
                <SequencePoint vc="1" uspid="13" ordinal="3" offset="36" sl="51" sc="13" el="51" ec="68" bec="0" bev="0" fileid="1">
                  <TrackedMethodRefs>
                    <TrackedMethodRef uid="2" vc="1" />
                  </TrackedMethodRefs>
                </SequencePoint>
                <SequencePoint vc="1" uspid="14" ordinal="4" offset="58" sl="52" sc="9" el="52" ec="10" bec="0" bev="0" fileid="1">
                  <TrackedMethodRefs>
                    <TrackedMethodRef uid="2" vc="1" />
                  </TrackedMethodRefs>
                </SequencePoint>
              </SequencePoints>
              <BranchPoints />
              <MethodPoint xsi:type="SequencePoint" vc="1" uspid="10" ordinal="0" offset="0" sl="43" sc="9" el="43" ec="10" bec="0" bev="0" fileid="1">
                <TrackedMethodRefs>
                  <TrackedMethodRef uid="2" vc="1" />
                </TrackedMethodRefs>
              </MethodPoint>
            </Method>
            <Method visited="true" cyclomaticComplexity="1" nPathComplexity="0" sequenceCoverage="100" branchCoverage="100" crapScore="1" isConstructor="false" isStatic="false" isGetter="false" isSetter="false">
              <Summary numSequencePoints="5" visitedSequencePoints="5" numBranchPoints="1" visitedBranchPoints="1" sequenceCoverage="100" branchCoverage="100" maxCyclomaticComplexity="1" minCyclomaticComplexity="1" maxCrapScore="1" minCrapScore="1" visitedClasses="0" numClasses="0" visitedMethods="1" numMethods="1" />
              <MetadataToken>100663300</MetadataToken>
              <Name>System.Void Ws_BancoTabajara.Domain.Tests.Features.Transactions.TransactionTests::Transaction_Domain_Validate_ShouldThrowTransactionNullBankAccount()</Name>
              <FileRef uid="1" />
              <SequencePoints>
                <SequencePoint vc="1" uspid="15" ordinal="0" offset="0" sl="56" sc="9" el="56" ec="10" bec="0" bev="0" fileid="1">
                  <TrackedMethodRefs>
                    <TrackedMethodRef uid="3" vc="1" />
                  </TrackedMethodRefs>
                </SequencePoint>
                <SequencePoint vc="1" uspid="16" ordinal="1" offset="1" sl="58" sc="13" el="58" ec="73" bec="0" bev="0" fileid="1">
                  <TrackedMethodRefs>
                    <TrackedMethodRef uid="3" vc="1" />
                  </TrackedMethodRefs>
                </SequencePoint>
                <SequencePoint vc="1" uspid="17" ordinal="2" offset="12" sl="61" sc="13" el="61" ec="56" bec="0" bev="0" fileid="1">
                  <TrackedMethodRefs>
                    <TrackedMethodRef uid="3" vc="1" />
                  </TrackedMethodRefs>
                </SequencePoint>
                <SequencePoint vc="1" uspid="18" ordinal="3" offset="25" sl="64" sc="13" el="64" ec="62" bec="0" bev="0" fileid="1">
                  <TrackedMethodRefs>
                    <TrackedMethodRef uid="3" vc="1" />
                  </TrackedMethodRefs>
                </SequencePoint>
                <SequencePoint vc="1" uspid="19" ordinal="4" offset="47" sl="65" sc="9" el="65" ec="10" bec="0" bev="0" fileid="1">
                  <TrackedMethodRefs>
                    <TrackedMethodRef uid="3" vc="1" />
                  </TrackedMethodRefs>
                </SequencePoint>
              </SequencePoints>
              <BranchPoints />
              <MethodPoint xsi:type="SequencePoint" vc="1" uspid="15" ordinal="0" offset="0" sl="56" sc="9" el="56" ec="10" bec="0" bev="0" fileid="1">
                <TrackedMethodRefs>
                  <TrackedMethodRef uid="3" vc="1" />
                </TrackedMethodRefs>
              </MethodPoint>
            </Method>
            <Method visited="false" cyclomaticComplexity="1" nPathComplexity="0" sequenceCoverage="0" branchCoverage="0" crapScore="2" isConstructor="true" isStatic="false" isGetter="false" isSetter="false">
              <Summary numSequencePoints="0" visitedSequencePoints="0" numBranchPoints="0" visitedBranchPoints="0" sequenceCoverage="0" branchCoverage="0" maxCyclomaticComplexity="1" minCyclomaticComplexity="1" maxCrapScore="2" minCrapScore="2" visitedClasses="0" numClasses="0" visitedMethods="0" numMethods="0" />
              <MetadataToken>100663301</MetadataToken>
              <Name>System.Void Ws_BancoTabajara.Domain.Tests.Features.Transactions.TransactionTests::.ctor()</Name>
              <SequencePoints />
              <BranchPoints />
              <MethodPoint vc="0" uspid="20" ordinal="0" offset="0" />
            </Method>
            <Method visited="true" cyclomaticComplexity="1" nPathComplexity="0" sequenceCoverage="100" branchCoverage="100" crapScore="1" isConstructor="false" isStatic="false" isGetter="false" isSetter="false">
              <Summary numSequencePoints="1" visitedSequencePoints="1" numBranchPoints="1" visitedBranchPoints="1" sequenceCoverage="100" branchCoverage="100" maxCyclomaticComplexity="1" minCyclomaticComplexity="1" maxCrapScore="1" minCrapScore="1" visitedClasses="0" numClasses="0" visitedMethods="1" numMethods="1" />
              <MetadataToken>100663302</MetadataToken>
              <Name>System.Void Ws_BancoTabajara.Domain.Tests.Features.Transactions.TransactionTests::&lt;Transaction_Domain_Validate_ShouldBeOk&gt;b__3_0()</Name>
              <FileRef uid="1" />
              <SequencePoints>
                <SequencePoint vc="1" uspid="21" ordinal="0" offset="0" sl="35" sc="32" el="35" ec="55" bec="0" bev="0" fileid="1">
                  <TrackedMethodRefs>
                    <TrackedMethodRef uid="1" vc="1" />
                  </TrackedMethodRefs>
                </SequencePoint>
              </SequencePoints>
              <BranchPoints />
              <MethodPoint xsi:type="SequencePoint" vc="1" uspid="21" ordinal="0" offset="0" sl="35" sc="32" el="35" ec="55" bec="0" bev="0" fileid="1">
                <TrackedMethodRefs>
                  <TrackedMethodRef uid="1" vc="1" />
                </TrackedMethodRefs>
              </MethodPoint>
            </Method>
            <Method visited="true" cyclomaticComplexity="1" nPathComplexity="0" sequenceCoverage="100" branchCoverage="100" crapScore="1" isConstructor="false" isStatic="false" isGetter="false" isSetter="false">
              <Summary numSequencePoints="1" visitedSequencePoints="1" numBranchPoints="1" visitedBranchPoints="1" sequenceCoverage="100" branchCoverage="100" maxCyclomaticComplexity="1" minCyclomaticComplexity="1" maxCrapScore="1" minCrapScore="1" visitedClasses="0" numClasses="0" visitedMethods="1" numMethods="1" />
              <MetadataToken>100663303</MetadataToken>
              <Name>System.Void Ws_BancoTabajara.Domain.Tests.Features.Transactions.TransactionTests::&lt;Transaction_Domain_Validate_ShouldThrowTransactionInvalidValueException&gt;b__4_0()</Name>
              <FileRef uid="1" />
              <SequencePoints>
                <SequencePoint vc="1" uspid="22" ordinal="0" offset="0" sl="48" sc="32" el="48" ec="55" bec="0" bev="0" fileid="1">
                  <TrackedMethodRefs>
                    <TrackedMethodRef uid="2" vc="1" />
                  </TrackedMethodRefs>
                </SequencePoint>
              </SequencePoints>
              <BranchPoints />
              <MethodPoint xsi:type="SequencePoint" vc="1" uspid="22" ordinal="0" offset="0" sl="48" sc="32" el="48" ec="55" bec="0" bev="0" fileid="1">
                <TrackedMethodRefs>
                  <TrackedMethodRef uid="2" vc="1" />
                </TrackedMethodRefs>
              </MethodPoint>
            </Method>
            <Method visited="true" cyclomaticComplexity="1" nPathComplexity="0" sequenceCoverage="100" branchCoverage="100" crapScore="1" isConstructor="false" isStatic="false" isGetter="false" isSetter="false">
              <Summary numSequencePoints="1" visitedSequencePoints="1" numBranchPoints="1" visitedBranchPoints="1" sequenceCoverage="100" branchCoverage="100" maxCyclomaticComplexity="1" minCyclomaticComplexity="1" maxCrapScore="1" minCrapScore="1" visitedClasses="0" numClasses="0" visitedMethods="1" numMethods="1" />
              <MetadataToken>100663304</MetadataToken>
              <Name>System.Void Ws_BancoTabajara.Domain.Tests.Features.Transactions.TransactionTests::&lt;Transaction_Domain_Validate_ShouldThrowTransactionNullBankAccount&gt;b__5_0()</Name>
              <FileRef uid="1" />
              <SequencePoints>
                <SequencePoint vc="1" uspid="23" ordinal="0" offset="0" sl="61" sc="32" el="61" ec="55" bec="0" bev="0" fileid="1">
                  <TrackedMethodRefs>
                    <TrackedMethodRef uid="3" vc="1" />
                  </TrackedMethodRefs>
                </SequencePoint>
              </SequencePoints>
              <BranchPoints />
              <MethodPoint xsi:type="SequencePoint" vc="1" uspid="23" ordinal="0" offset="0" sl="61" sc="32" el="61" ec="55" bec="0" bev="0" fileid="1">
                <TrackedMethodRefs>
                  <TrackedMethodRef uid="3" vc="1" />
                </TrackedMethodRefs>
              </MethodPoint>
            </Method>
          </Methods>
        </Class>
        <Class>
          <Summary numSequencePoints="38" visitedSequencePoints="0" numBranchPoints="8" visitedBranchPoints="0" sequenceCoverage="0" branchCoverage="0" maxCyclomaticComplexity="1" minCyclomaticComplexity="1" maxCrapScore="2" minCrapScore="2" visitedClasses="0" numClasses="1" visitedMethods="0" numMethods="8" />
          <FullName>Ws_BancoTabajara.Domain.Tests.Features.Clients.ClientTest</FullName>
          <Methods>
            <Method visited="false" cyclomaticComplexity="1" nPathComplexity="0" sequenceCoverage="0" branchCoverage="0" crapScore="2" isConstructor="false" isStatic="false" isGetter="false" isSetter="false">
              <Summary numSequencePoints="3" visitedSequencePoints="0" numBranchPoints="1" visitedBranchPoints="0" sequenceCoverage="0" branchCoverage="0" maxCyclomaticComplexity="1" minCyclomaticComplexity="1" maxCrapScore="2" minCrapScore="2" visitedClasses="0" numClasses="0" visitedMethods="0" numMethods="1" />
              <MetadataToken>100663305</MetadataToken>
              <Name>System.Void Ws_BancoTabajara.Domain.Tests.Features.Clients.ClientTest::Initialize()</Name>
              <FileRef uid="2" />
              <SequencePoints>
                <SequencePoint vc="0" uspid="24" ordinal="0" offset="0" sl="20" sc="9" el="20" ec="10" bec="0" bev="0" fileid="2" />
                <SequencePoint vc="0" uspid="25" ordinal="1" offset="1" sl="21" sc="13" el="21" ec="36" bec="0" bev="0" fileid="2" />
                <SequencePoint vc="0" uspid="26" ordinal="2" offset="12" sl="22" sc="9" el="22" ec="10" bec="0" bev="0" fileid="2" />
              </SequencePoints>
              <BranchPoints />
              <MethodPoint xsi:type="SequencePoint" vc="0" uspid="24" ordinal="0" offset="0" sl="20" sc="9" el="20" ec="10" bec="0" bev="0" fileid="2" />
            </Method>
            <Method visited="false" cyclomaticComplexity="1" nPathComplexity="0" sequenceCoverage="0" branchCoverage="0" crapScore="2" isConstructor="false" isStatic="false" isGetter="false" isSetter="false">
              <Summary numSequencePoints="5" visitedSequencePoints="0" numBranchPoints="1" visitedBranchPoints="0" sequenceCoverage="0" branchCoverage="0" maxCyclomaticComplexity="1" minCyclomaticComplexity="1" maxCrapScore="2" minCrapScore="2" visitedClasses="0" numClasses="0" visitedMethods="0" numMethods="1" />
              <MetadataToken>100663306</MetadataToken>
              <Name>System.Void Ws_BancoTabajara.Domain.Tests.Features.Clients.ClientTest::Client_Domain_Validate_ShouldBeOk()</Name>
              <FileRef uid="2" />
              <SequencePoints>
                <SequencePoint vc="0" uspid="27" ordinal="0" offset="0" sl="26" sc="9" el="26" ec="10" bec="0" bev="0" fileid="2" />
                <SequencePoint vc="0" uspid="28" ordinal="1" offset="1" sl="28" sc="13" el="28" ec="59" bec="0" bev="0" fileid="2" />
                <SequencePoint vc="0" uspid="29" ordinal="2" offset="12" sl="31" sc="13" el="31" ec="43" bec="0" bev="0" fileid="2" />
                <SequencePoint vc="0" uspid="30" ordinal="3" offset="31" sl="34" sc="13" el="34" ec="37" bec="0" bev="0" fileid="2" />
                <SequencePoint vc="0" uspid="31" ordinal="4" offset="53" sl="35" sc="9" el="35" ec="10" bec="0" bev="0" fileid="2" />
              </SequencePoints>
              <BranchPoints />
              <MethodPoint xsi:type="SequencePoint" vc="0" uspid="27" ordinal="0" offset="0" sl="26" sc="9" el="26" ec="10" bec="0" bev="0" fileid="2" />
            </Method>
            <Method visited="false" cyclomaticComplexity="1" nPathComplexity="0" sequenceCoverage="0" branchCoverage="0" crapScore="2" isConstructor="false" isStatic="false" isGetter="false" isSetter="false">
              <Summary numSequencePoints="5" visitedSequencePoints="0" numBranchPoints="1" visitedBranchPoints="0" sequenceCoverage="0" branchCoverage="0" maxCyclomaticComplexity="1" minCyclomaticComplexity="1" maxCrapScore="2" minCrapScore="2" visitedClasses="0" numClasses="0" visitedMethods="0" numMethods="1" />
              <MetadataToken>100663307</MetadataToken>
              <Name>System.Void Ws_BancoTabajara.Domain.Tests.Features.Clients.ClientTest::Client_Domain_Validate_ShouldThrowClientNullOrEmptyNameException()</Name>
              <FileRef uid="2" />
              <SequencePoints>
                <SequencePoint vc="0" uspid="32" ordinal="0" offset="0" sl="39" sc="9" el="39" ec="10" bec="0" bev="0" fileid="2" />
                <SequencePoint vc="0" uspid="33" ordinal="1" offset="1" sl="41" sc="13" el="41" ec="54" bec="0" bev="0" fileid="2" />
                <SequencePoint vc="0" uspid="34" ordinal="2" offset="12" sl="44" sc="13" el="44" ec="43" bec="0" bev="0" fileid="2" />
                <SequencePoint vc="0" uspid="35" ordinal="3" offset="31" sl="47" sc="13" el="47" ec="66" bec="0" bev="0" fileid="2" />
                <SequencePoint vc="0" uspid="36" ordinal="4" offset="53" sl="48" sc="9" el="48" ec="10" bec="0" bev="0" fileid="2" />
              </SequencePoints>
              <BranchPoints />
              <MethodPoint xsi:type="SequencePoint" vc="0" uspid="32" ordinal="0" offset="0" sl="39" sc="9" el="39" ec="10" bec="0" bev="0" fileid="2" />
            </Method>
            <Method visited="false" cyclomaticComplexity="1" nPathComplexity="0" sequenceCoverage="0" branchCoverage="0" crapScore="2" isConstructor="false" isStatic="false" isGetter="false" isSetter="false">
              <Summary numSequencePoints="5" visitedSequencePoints="0" numBranchPoints="1" visitedBranchPoints="0" sequenceCoverage="0" branchCoverage="0" maxCyclomaticComplexity="1" minCyclomaticComplexity="1" maxCrapScore="2" minCrapScore="2" visitedClasses="0" numClasses="0" visitedMethods="0" numMethods="1" />
              <MetadataToken>100663308</MetadataToken>
              <Name>System.Void Ws_BancoTabajara.Domain.Tests.Features.Clients.ClientTest::Client_Domain_Validate_ShouldThrowClientNameOverflowException()</Name>
              <FileRef uid="2" />
              <SequencePoints>
                <SequencePoint vc="0" uspid="37" ordinal="0" offset="0" sl="52" sc="9" el="52" ec="10" bec="0" bev="0" fileid="2" />
                <SequencePoint vc="0" uspid="38" ordinal="1" offset="1" sl="54" sc="13" el="54" ec="57" bec="0" bev="0" fileid="2" />
                <SequencePoint vc="0" uspid="39" ordinal="2" offset="12" sl="57" sc="13" el="57" ec="43" bec="0" bev="0" fileid="2" />
                <SequencePoint vc="0" uspid="40" ordinal="3" offset="31" sl="60" sc="13" el="60" ec="63" bec="0" bev="0" fileid="2" />
                <SequencePoint vc="0" uspid="41" ordinal="4" offset="53" sl="61" sc="9" el="61" ec="10" bec="0" bev="0" fileid="2" />
              </SequencePoints>
              <BranchPoints />
              <MethodPoint xsi:type="SequencePoint" vc="0" uspid="37" ordinal="0" offset="0" sl="52" sc="9" el="52" ec="10" bec="0" bev="0" fileid="2" />
            </Method>
            <Method visited="false" cyclomaticComplexity="1" nPathComplexity="0" sequenceCoverage="0" branchCoverage="0" crapScore="2" isConstructor="false" isStatic="false" isGetter="false" isSetter="false">
              <Summary numSequencePoints="5" visitedSequencePoints="0" numBranchPoints="1" visitedBranchPoints="0" sequenceCoverage="0" branchCoverage="0" maxCyclomaticComplexity="1" minCyclomaticComplexity="1" maxCrapScore="2" minCrapScore="2" visitedClasses="0" numClasses="0" visitedMethods="0" numMethods="1" />
              <MetadataToken>100663309</MetadataToken>
              <Name>System.Void Ws_BancoTabajara.Domain.Tests.Features.Clients.ClientTest::Client_Domain_Validate_ShouldThrowClientNullOrEmptyCPFException()</Name>
              <FileRef uid="2" />
              <SequencePoints>
                <SequencePoint vc="0" uspid="42" ordinal="0" offset="0" sl="65" sc="9" el="65" ec="10" bec="0" bev="0" fileid="2" />
                <SequencePoint vc="0" uspid="43" ordinal="1" offset="1" sl="67" sc="13" el="67" ec="53" bec="0" bev="0" fileid="2" />
                <SequencePoint vc="0" uspid="44" ordinal="2" offset="12" sl="70" sc="13" el="70" ec="43" bec="0" bev="0" fileid="2" />
                <SequencePoint vc="0" uspid="45" ordinal="3" offset="31" sl="73" sc="13" el="73" ec="65" bec="0" bev="0" fileid="2" />
                <SequencePoint vc="0" uspid="46" ordinal="4" offset="53" sl="74" sc="9" el="74" ec="10" bec="0" bev="0" fileid="2" />
              </SequencePoints>
              <BranchPoints />
              <MethodPoint xsi:type="SequencePoint" vc="0" uspid="42" ordinal="0" offset="0" sl="65" sc="9" el="65" ec="10" bec="0" bev="0" fileid="2" />
            </Method>
            <Method visited="false" cyclomaticComplexity="1" nPathComplexity="0" sequenceCoverage="0" branchCoverage="0" crapScore="2" isConstructor="false" isStatic="false" isGetter="false" isSetter="false">
              <Summary numSequencePoints="5" visitedSequencePoints="0" numBranchPoints="1" visitedBranchPoints="0" sequenceCoverage="0" branchCoverage="0" maxCyclomaticComplexity="1" minCyclomaticComplexity="1" maxCrapScore="2" minCrapScore="2" visitedClasses="0" numClasses="0" visitedMethods="0" numMethods="1" />
              <MetadataToken>100663310</MetadataToken>
              <Name>System.Void Ws_BancoTabajara.Domain.Tests.Features.Clients.ClientTest::Client_Domain_Validate_ShouldThrowClientCPFOverflowException()</Name>
              <FileRef uid="2" />
              <SequencePoints>
                <SequencePoint vc="0" uspid="47" ordinal="0" offset="0" sl="78" sc="9" el="78" ec="10" bec="0" bev="0" fileid="2" />
                <SequencePoint vc="0" uspid="48" ordinal="1" offset="1" sl="80" sc="13" el="80" ec="56" bec="0" bev="0" fileid="2" />
                <SequencePoint vc="0" uspid="49" ordinal="2" offset="12" sl="83" sc="13" el="83" ec="43" bec="0" bev="0" fileid="2" />
                <SequencePoint vc="0" uspid="50" ordinal="3" offset="31" sl="86" sc="13" el="86" ec="62" bec="0" bev="0" fileid="2" />
                <SequencePoint vc="0" uspid="51" ordinal="4" offset="53" sl="87" sc="9" el="87" ec="10" bec="0" bev="0" fileid="2" />
              </SequencePoints>
              <BranchPoints />
              <MethodPoint xsi:type="SequencePoint" vc="0" uspid="47" ordinal="0" offset="0" sl="78" sc="9" el="78" ec="10" bec="0" bev="0" fileid="2" />
            </Method>
            <Method visited="false" cyclomaticComplexity="1" nPathComplexity="0" sequenceCoverage="0" branchCoverage="0" crapScore="2" isConstructor="false" isStatic="false" isGetter="false" isSetter="false">
              <Summary numSequencePoints="5" visitedSequencePoints="0" numBranchPoints="1" visitedBranchPoints="0" sequenceCoverage="0" branchCoverage="0" maxCyclomaticComplexity="1" minCyclomaticComplexity="1" maxCrapScore="2" minCrapScore="2" visitedClasses="0" numClasses="0" visitedMethods="0" numMethods="1" />
              <MetadataToken>100663311</MetadataToken>
              <Name>System.Void Ws_BancoTabajara.Domain.Tests.Features.Clients.ClientTest::Client_Domain_Validate_ShouldThrowClientNullOrEmptyRGException()</Name>
              <FileRef uid="2" />
              <SequencePoints>
                <SequencePoint vc="0" uspid="52" ordinal="0" offset="0" sl="91" sc="9" el="91" ec="10" bec="0" bev="0" fileid="2" />
                <SequencePoint vc="0" uspid="53" ordinal="1" offset="1" sl="93" sc="13" el="93" ec="52" bec="0" bev="0" fileid="2" />
                <SequencePoint vc="0" uspid="54" ordinal="2" offset="12" sl="96" sc="13" el="96" ec="43" bec="0" bev="0" fileid="2" />
                <SequencePoint vc="0" uspid="55" ordinal="3" offset="31" sl="99" sc="13" el="99" ec="64" bec="0" bev="0" fileid="2" />
                <SequencePoint vc="0" uspid="56" ordinal="4" offset="53" sl="100" sc="9" el="100" ec="10" bec="0" bev="0" fileid="2" />
              </SequencePoints>
              <BranchPoints />
              <MethodPoint xsi:type="SequencePoint" vc="0" uspid="52" ordinal="0" offset="0" sl="91" sc="9" el="91" ec="10" bec="0" bev="0" fileid="2" />
            </Method>
            <Method visited="false" cyclomaticComplexity="1" nPathComplexity="0" sequenceCoverage="0" branchCoverage="0" crapScore="2" isConstructor="false" isStatic="false" isGetter="false" isSetter="false">
              <Summary numSequencePoints="5" visitedSequencePoints="0" numBranchPoints="1" visitedBranchPoints="0" sequenceCoverage="0" branchCoverage="0" maxCyclomaticComplexity="1" minCyclomaticComplexity="1" maxCrapScore="2" minCrapScore="2" visitedClasses="0" numClasses="0" visitedMethods="0" numMethods="1" />
              <MetadataToken>100663312</MetadataToken>
              <Name>System.Void Ws_BancoTabajara.Domain.Tests.Features.Clients.ClientTest::Client_Domain_Validate_ShouldThrowClientRGOverflowException()</Name>
              <FileRef uid="2" />
              <SequencePoints>
                <SequencePoint vc="0" uspid="57" ordinal="0" offset="0" sl="104" sc="9" el="104" ec="10" bec="0" bev="0" fileid="2" />
                <SequencePoint vc="0" uspid="58" ordinal="1" offset="1" sl="106" sc="13" el="106" ec="55" bec="0" bev="0" fileid="2" />
                <SequencePoint vc="0" uspid="59" ordinal="2" offset="12" sl="109" sc="13" el="109" ec="43" bec="0" bev="0" fileid="2" />
                <SequencePoint vc="0" uspid="60" ordinal="3" offset="31" sl="112" sc="13" el="112" ec="61" bec="0" bev="0" fileid="2" />
                <SequencePoint vc="0" uspid="61" ordinal="4" offset="53" sl="113" sc="9" el="113" ec="10" bec="0" bev="0" fileid="2" />
              </SequencePoints>
              <BranchPoints />
              <MethodPoint xsi:type="SequencePoint" vc="0" uspid="57" ordinal="0" offset="0" sl="104" sc="9" el="104" ec="10" bec="0" bev="0" fileid="2" />
            </Method>
            <Method visited="false" cyclomaticComplexity="1" nPathComplexity="0" sequenceCoverage="0" branchCoverage="0" crapScore="2" isConstructor="true" isStatic="false" isGetter="false" isSetter="false">
              <Summary numSequencePoints="0" visitedSequencePoints="0" numBranchPoints="0" visitedBranchPoints="0" sequenceCoverage="0" branchCoverage="0" maxCyclomaticComplexity="1" minCyclomaticComplexity="1" maxCrapScore="2" minCrapScore="2" visitedClasses="0" numClasses="0" visitedMethods="0" numMethods="0" />
              <MetadataToken>100663313</MetadataToken>
              <Name>System.Void Ws_BancoTabajara.Domain.Tests.Features.Clients.ClientTest::.ctor()</Name>
              <SequencePoints />
              <BranchPoints />
              <MethodPoint vc="0" uspid="62" ordinal="0" offset="0" />
            </Method>
          </Methods>
        </Class>
        <Class>
          <Summary numSequencePoints="70" visitedSequencePoints="0" numBranchPoints="14" visitedBranchPoints="0" sequenceCoverage="0" branchCoverage="0" maxCyclomaticComplexity="1" minCyclomaticComplexity="1" maxCrapScore="2" minCrapScore="2" visitedClasses="0" numClasses="1" visitedMethods="0" numMethods="14" />
          <FullName>Ws_BancoTabajara.Domain.Tests.Features.BankAccounts.BankAccountTest</FullName>
          <Methods>
            <Method visited="false" cyclomaticComplexity="1" nPathComplexity="0" sequenceCoverage="0" branchCoverage="0" crapScore="2" isConstructor="false" isStatic="false" isGetter="false" isSetter="false">
              <Summary numSequencePoints="4" visitedSequencePoints="0" numBranchPoints="1" visitedBranchPoints="0" sequenceCoverage="0" branchCoverage="0" maxCyclomaticComplexity="1" minCyclomaticComplexity="1" maxCrapScore="2" minCrapScore="2" visitedClasses="0" numClasses="0" visitedMethods="0" numMethods="1" />
              <MetadataToken>100663314</MetadataToken>
              <Name>System.Void Ws_BancoTabajara.Domain.Tests.Features.BankAccounts.BankAccountTest::Initializer()</Name>
              <FileRef uid="3" />
              <SequencePoints>
                <SequencePoint vc="0" uspid="63" ordinal="0" offset="0" sl="23" sc="9" el="23" ec="10" bec="0" bev="0" fileid="3" />
                <SequencePoint vc="0" uspid="64" ordinal="1" offset="1" sl="24" sc="13" el="24" ec="46" bec="0" bev="0" fileid="3" />
                <SequencePoint vc="0" uspid="65" ordinal="2" offset="12" sl="25" sc="13" el="25" ec="46" bec="0" bev="0" fileid="3" />
                <SequencePoint vc="0" uspid="66" ordinal="3" offset="23" sl="26" sc="9" el="26" ec="10" bec="0" bev="0" fileid="3" />
              </SequencePoints>
              <BranchPoints />
              <MethodPoint xsi:type="SequencePoint" vc="0" uspid="63" ordinal="0" offset="0" sl="23" sc="9" el="23" ec="10" bec="0" bev="0" fileid="3" />
            </Method>
            <Method visited="false" cyclomaticComplexity="1" nPathComplexity="0" sequenceCoverage="0" branchCoverage="0" crapScore="2" isConstructor="false" isStatic="false" isGetter="false" isSetter="false">
              <Summary numSequencePoints="5" visitedSequencePoints="0" numBranchPoints="1" visitedBranchPoints="0" sequenceCoverage="0" branchCoverage="0" maxCyclomaticComplexity="1" minCyclomaticComplexity="1" maxCrapScore="2" minCrapScore="2" visitedClasses="0" numClasses="0" visitedMethods="0" numMethods="1" />
              <MetadataToken>100663315</MetadataToken>
              <Name>System.Void Ws_BancoTabajara.Domain.Tests.Features.BankAccounts.BankAccountTest::BankAccount_Domain_Validate_ShouldBeOk()</Name>
              <FileRef uid="3" />
              <SequencePoints>
                <SequencePoint vc="0" uspid="67" ordinal="0" offset="0" sl="30" sc="9" el="30" ec="10" bec="0" bev="0" fileid="3" />
                <SequencePoint vc="0" uspid="68" ordinal="1" offset="1" sl="32" sc="13" el="32" ec="96" bec="0" bev="0" fileid="3" />
                <SequencePoint vc="0" uspid="69" ordinal="2" offset="23" sl="35" sc="13" el="35" ec="56" bec="0" bev="0" fileid="3" />
                <SequencePoint vc="0" uspid="70" ordinal="3" offset="36" sl="38" sc="13" el="38" ec="37" bec="0" bev="0" fileid="3" />
                <SequencePoint vc="0" uspid="71" ordinal="4" offset="58" sl="39" sc="9" el="39" ec="10" bec="0" bev="0" fileid="3" />
              </SequencePoints>
              <BranchPoints />
              <MethodPoint xsi:type="SequencePoint" vc="0" uspid="67" ordinal="0" offset="0" sl="30" sc="9" el="30" ec="10" bec="0" bev="0" fileid="3" />
            </Method>
            <Method visited="false" cyclomaticComplexity="1" nPathComplexity="0" sequenceCoverage="0" branchCoverage="0" crapScore="2" isConstructor="false" isStatic="false" isGetter="false" isSetter="false">
              <Summary numSequencePoints="5" visitedSequencePoints="0" numBranchPoints="1" visitedBranchPoints="0" sequenceCoverage="0" branchCoverage="0" maxCyclomaticComplexity="1" minCyclomaticComplexity="1" maxCrapScore="2" minCrapScore="2" visitedClasses="0" numClasses="0" visitedMethods="0" numMethods="1" />
              <MetadataToken>100663316</MetadataToken>
              <Name>System.Void Ws_BancoTabajara.Domain.Tests.Features.BankAccounts.BankAccountTest::BankAccount_Domain_Validate_ShouldThrowBankAccountInvalidNumberException()</Name>
              <FileRef uid="3" />
              <SequencePoints>
                <SequencePoint vc="0" uspid="72" ordinal="0" offset="0" sl="43" sc="9" el="43" ec="10" bec="0" bev="0" fileid="3" />
                <SequencePoint vc="0" uspid="73" ordinal="1" offset="1" sl="45" sc="13" el="45" ec="95" bec="0" bev="0" fileid="3" />
                <SequencePoint vc="0" uspid="74" ordinal="2" offset="23" sl="48" sc="13" el="48" ec="56" bec="0" bev="0" fileid="3" />
                <SequencePoint vc="0" uspid="75" ordinal="3" offset="36" sl="51" sc="13" el="51" ec="69" bec="0" bev="0" fileid="3" />
                <SequencePoint vc="0" uspid="76" ordinal="4" offset="58" sl="52" sc="9" el="52" ec="10" bec="0" bev="0" fileid="3" />
              </SequencePoints>
              <BranchPoints />
              <MethodPoint xsi:type="SequencePoint" vc="0" uspid="72" ordinal="0" offset="0" sl="43" sc="9" el="43" ec="10" bec="0" bev="0" fileid="3" />
            </Method>
            <Method visited="false" cyclomaticComplexity="1" nPathComplexity="0" sequenceCoverage="0" branchCoverage="0" crapScore="2" isConstructor="false" isStatic="false" isGetter="false" isSetter="false">
              <Summary numSequencePoints="5" visitedSequencePoints="0" numBranchPoints="1" visitedBranchPoints="0" sequenceCoverage="0" branchCoverage="0" maxCyclomaticComplexity="1" minCyclomaticComplexity="1" maxCrapScore="2" minCrapScore="2" visitedClasses="0" numClasses="0" visitedMethods="0" numMethods="1" />
              <MetadataToken>100663317</MetadataToken>
              <Name>System.Void Ws_BancoTabajara.Domain.Tests.Features.BankAccounts.BankAccountTest::BankAccount_Domain_Validate_ShouldThrowBankAccountWithoutClientException()</Name>
              <FileRef uid="3" />
              <SequencePoints>
                <SequencePoint vc="0" uspid="77" ordinal="0" offset="0" sl="56" sc="9" el="56" ec="10" bec="0" bev="0" fileid="3" />
                <SequencePoint vc="0" uspid="78" ordinal="1" offset="1" sl="58" sc="13" el="58" ec="77" bec="0" bev="0" fileid="3" />
                <SequencePoint vc="0" uspid="79" ordinal="2" offset="12" sl="61" sc="13" el="61" ec="56" bec="0" bev="0" fileid="3" />
                <SequencePoint vc="0" uspid="80" ordinal="3" offset="25" sl="64" sc="13" el="64" ec="69" bec="0" bev="0" fileid="3" />
                <SequencePoint vc="0" uspid="81" ordinal="4" offset="47" sl="65" sc="9" el="65" ec="10" bec="0" bev="0" fileid="3" />
              </SequencePoints>
              <BranchPoints />
              <MethodPoint xsi:type="SequencePoint" vc="0" uspid="77" ordinal="0" offset="0" sl="56" sc="9" el="56" ec="10" bec="0" bev="0" fileid="3" />
            </Method>
            <Method visited="false" cyclomaticComplexity="1" nPathComplexity="0" sequenceCoverage="0" branchCoverage="0" crapScore="2" isConstructor="false" isStatic="false" isGetter="false" isSetter="false">
              <Summary numSequencePoints="6" visitedSequencePoints="0" numBranchPoints="1" visitedBranchPoints="0" sequenceCoverage="0" branchCoverage="0" maxCyclomaticComplexity="1" minCyclomaticComplexity="1" maxCrapScore="2" minCrapScore="2" visitedClasses="0" numClasses="0" visitedMethods="0" numMethods="1" />
              <MetadataToken>100663318</MetadataToken>
              <Name>System.Void Ws_BancoTabajara.Domain.Tests.Features.BankAccounts.BankAccountTest::BankAccount_Domain_Activate_ShouldBeTrue()</Name>
              <FileRef uid="3" />
              <SequencePoints>
                <SequencePoint vc="0" uspid="82" ordinal="0" offset="0" sl="69" sc="9" el="69" ec="10" bec="0" bev="0" fileid="3" />
                <SequencePoint vc="0" uspid="83" ordinal="1" offset="1" sl="71" sc="13" el="71" ec="98" bec="0" bev="0" fileid="3" />
                <SequencePoint vc="0" uspid="84" ordinal="2" offset="23" sl="72" sc="13" el="72" ec="44" bec="0" bev="0" fileid="3" />
                <SequencePoint vc="0" uspid="85" ordinal="3" offset="36" sl="75" sc="13" el="75" ec="45" bec="0" bev="0" fileid="3" />
                <SequencePoint vc="0" uspid="86" ordinal="4" offset="48" sl="78" sc="13" el="78" ec="54" bec="0" bev="0" fileid="3" />
                <SequencePoint vc="0" uspid="87" ordinal="5" offset="80" sl="79" sc="9" el="79" ec="10" bec="0" bev="0" fileid="3" />
              </SequencePoints>
              <BranchPoints />
              <MethodPoint xsi:type="SequencePoint" vc="0" uspid="82" ordinal="0" offset="0" sl="69" sc="9" el="69" ec="10" bec="0" bev="0" fileid="3" />
            </Method>
            <Method visited="false" cyclomaticComplexity="1" nPathComplexity="0" sequenceCoverage="0" branchCoverage="0" crapScore="2" isConstructor="false" isStatic="false" isGetter="false" isSetter="false">
              <Summary numSequencePoints="6" visitedSequencePoints="0" numBranchPoints="1" visitedBranchPoints="0" sequenceCoverage="0" branchCoverage="0" maxCyclomaticComplexity="1" minCyclomaticComplexity="1" maxCrapScore="2" minCrapScore="2" visitedClasses="0" numClasses="0" visitedMethods="0" numMethods="1" />
              <MetadataToken>100663319</MetadataToken>
              <Name>System.Void Ws_BancoTabajara.Domain.Tests.Features.BankAccounts.BankAccountTest::BankAccount_Domain_Activate_ShouldBeFalse()</Name>
              <FileRef uid="3" />
              <SequencePoints>
                <SequencePoint vc="0" uspid="88" ordinal="0" offset="0" sl="83" sc="9" el="83" ec="10" bec="0" bev="0" fileid="3" />
                <SequencePoint vc="0" uspid="89" ordinal="1" offset="1" sl="85" sc="13" el="85" ec="96" bec="0" bev="0" fileid="3" />
                <SequencePoint vc="0" uspid="90" ordinal="2" offset="23" sl="86" sc="13" el="86" ec="43" bec="0" bev="0" fileid="3" />
                <SequencePoint vc="0" uspid="91" ordinal="3" offset="36" sl="89" sc="13" el="89" ec="45" bec="0" bev="0" fileid="3" />
                <SequencePoint vc="0" uspid="92" ordinal="4" offset="48" sl="92" sc="13" el="92" ec="55" bec="0" bev="0" fileid="3" />
                <SequencePoint vc="0" uspid="93" ordinal="5" offset="80" sl="93" sc="9" el="93" ec="10" bec="0" bev="0" fileid="3" />
              </SequencePoints>
              <BranchPoints />
              <MethodPoint xsi:type="SequencePoint" vc="0" uspid="88" ordinal="0" offset="0" sl="83" sc="9" el="83" ec="10" bec="0" bev="0" fileid="3" />
            </Method>
            <Method visited="false" cyclomaticComplexity="1" nPathComplexity="0" sequenceCoverage="0" branchCoverage="0" crapScore="2" isConstructor="false" isStatic="false" isGetter="false" isSetter="false">
              <Summary numSequencePoints="9" visitedSequencePoints="0" numBranchPoints="1" visitedBranchPoints="0" sequenceCoverage="0" branchCoverage="0" maxCyclomaticComplexity="1" minCyclomaticComplexity="1" maxCrapScore="2" minCrapScore="2" visitedClasses="0" numClasses="0" visitedMethods="0" numMethods="1" />
              <MetadataToken>100663320</MetadataToken>
              <Name>System.Void Ws_BancoTabajara.Domain.Tests.Features.BankAccounts.BankAccountTest::BankAccount_Domain_Withdraw_ShouldBeOk()</Name>
              <FileRef uid="3" />
              <SequencePoints>
                <SequencePoint vc="0" uspid="94" ordinal="0" offset="0" sl="97" sc="9" el="97" ec="10" bec="0" bev="0" fileid="3" />
                <SequencePoint vc="0" uspid="95" ordinal="1" offset="1" sl="99" sc="13" el="99" ec="96" bec="0" bev="0" fileid="3" />
                <SequencePoint vc="0" uspid="96" ordinal="2" offset="23" sl="100" sc="13" el="100" ec="32" bec="0" bev="0" fileid="3" />
                <SequencePoint vc="0" uspid="97" ordinal="3" offset="33" sl="101" sc="13" el="101" ec="43" bec="0" bev="0" fileid="3" />
                <SequencePoint vc="0" uspid="98" ordinal="4" offset="43" sl="102" sc="13" el="102" ec="47" bec="0" bev="0" fileid="3" />
                <SequencePoint vc="0" uspid="99" ordinal="5" offset="53" sl="105" sc="13" el="105" ec="42" bec="0" bev="0" fileid="3" />
                <SequencePoint vc="0" uspid="100" ordinal="6" offset="66" sl="108" sc="13" el="108" ec="63" bec="0" bev="0" fileid="3" />
                <SequencePoint vc="0" uspid="101" ordinal="7" offset="99" sl="109" sc="13" el="109" ec="73" bec="0" bev="0" fileid="3" />
                <SequencePoint vc="0" uspid="102" ordinal="8" offset="132" sl="110" sc="9" el="110" ec="10" bec="0" bev="0" fileid="3" />
              </SequencePoints>
              <BranchPoints />
              <MethodPoint xsi:type="SequencePoint" vc="0" uspid="94" ordinal="0" offset="0" sl="97" sc="9" el="97" ec="10" bec="0" bev="0" fileid="3" />
            </Method>
            <Method visited="false" cyclomaticComplexity="1" nPathComplexity="0" sequenceCoverage="0" branchCoverage="0" crapScore="2" isConstructor="false" isStatic="false" isGetter="false" isSetter="false">
              <Summary numSequencePoints="6" visitedSequencePoints="0" numBranchPoints="1" visitedBranchPoints="0" sequenceCoverage="0" branchCoverage="0" maxCyclomaticComplexity="1" minCyclomaticComplexity="1" maxCrapScore="2" minCrapScore="2" visitedClasses="0" numClasses="0" visitedMethods="0" numMethods="1" />
              <MetadataToken>100663321</MetadataToken>
              <Name>System.Void Ws_BancoTabajara.Domain.Tests.Features.BankAccounts.BankAccountTest::BankAccount_Domain_Withdraw_ShouldThrowBankAccountWhitdrawValueHigherThanTotalBalanceException()</Name>
              <FileRef uid="3" />
              <SequencePoints>
                <SequencePoint vc="0" uspid="103" ordinal="0" offset="13" sl="114" sc="9" el="114" ec="10" bec="0" bev="0" fileid="3" />
                <SequencePoint vc="0" uspid="104" ordinal="1" offset="14" sl="116" sc="13" el="116" ec="96" bec="0" bev="0" fileid="3" />
                <SequencePoint vc="0" uspid="105" ordinal="2" offset="36" sl="117" sc="13" el="117" ec="32" bec="0" bev="0" fileid="3" />
                <SequencePoint vc="0" uspid="106" ordinal="3" offset="51" sl="120" sc="13" el="120" ec="61" bec="0" bev="0" fileid="3" />
                <SequencePoint vc="0" uspid="107" ordinal="4" offset="64" sl="123" sc="13" el="123" ec="91" bec="0" bev="0" fileid="3" />
                <SequencePoint vc="0" uspid="108" ordinal="5" offset="86" sl="124" sc="9" el="124" ec="10" bec="0" bev="0" fileid="3" />
              </SequencePoints>
              <BranchPoints />
              <MethodPoint vc="0" uspid="109" ordinal="0" offset="0" />
            </Method>
            <Method visited="false" cyclomaticComplexity="1" nPathComplexity="0" sequenceCoverage="0" branchCoverage="0" crapScore="2" isConstructor="false" isStatic="false" isGetter="false" isSetter="false">
              <Summary numSequencePoints="6" visitedSequencePoints="0" numBranchPoints="1" visitedBranchPoints="0" sequenceCoverage="0" branchCoverage="0" maxCyclomaticComplexity="1" minCyclomaticComplexity="1" maxCrapScore="2" minCrapScore="2" visitedClasses="0" numClasses="0" visitedMethods="0" numMethods="1" />
              <MetadataToken>100663322</MetadataToken>
              <Name>System.Void Ws_BancoTabajara.Domain.Tests.Features.BankAccounts.BankAccountTest::BankAccount_Domain_Withdraw_ShouldThrowBankAccountInvalidTransactionValueException()</Name>
              <FileRef uid="3" />
              <SequencePoints>
                <SequencePoint vc="0" uspid="110" ordinal="0" offset="13" sl="128" sc="9" el="128" ec="10" bec="0" bev="0" fileid="3" />
                <SequencePoint vc="0" uspid="111" ordinal="1" offset="14" sl="130" sc="13" el="130" ec="96" bec="0" bev="0" fileid="3" />
                <SequencePoint vc="0" uspid="112" ordinal="2" offset="36" sl="131" sc="13" el="131" ec="33" bec="0" bev="0" fileid="3" />
                <SequencePoint vc="0" uspid="113" ordinal="3" offset="51" sl="134" sc="13" el="134" ec="61" bec="0" bev="0" fileid="3" />
                <SequencePoint vc="0" uspid="114" ordinal="4" offset="64" sl="137" sc="13" el="137" ec="79" bec="0" bev="0" fileid="3" />
                <SequencePoint vc="0" uspid="115" ordinal="5" offset="86" sl="138" sc="9" el="138" ec="10" bec="0" bev="0" fileid="3" />
              </SequencePoints>
              <BranchPoints />
              <MethodPoint vc="0" uspid="116" ordinal="0" offset="0" />
            </Method>
            <Method visited="false" cyclomaticComplexity="1" nPathComplexity="0" sequenceCoverage="0" branchCoverage="0" crapScore="2" isConstructor="false" isStatic="false" isGetter="false" isSetter="false">
              <Summary numSequencePoints="9" visitedSequencePoints="0" numBranchPoints="1" visitedBranchPoints="0" sequenceCoverage="0" branchCoverage="0" maxCyclomaticComplexity="1" minCyclomaticComplexity="1" maxCrapScore="2" minCrapScore="2" visitedClasses="0" numClasses="0" visitedMethods="0" numMethods="1" />
              <MetadataToken>100663323</MetadataToken>
              <Name>System.Void Ws_BancoTabajara.Domain.Tests.Features.BankAccounts.BankAccountTest::BankAccount_Domain_Deposite_ShouldBeOk()</Name>
              <FileRef uid="3" />
              <SequencePoints>
                <SequencePoint vc="0" uspid="117" ordinal="0" offset="0" sl="142" sc="9" el="142" ec="10" bec="0" bev="0" fileid="3" />
                <SequencePoint vc="0" uspid="118" ordinal="1" offset="1" sl="144" sc="13" el="144" ec="96" bec="0" bev="0" fileid="3" />
                <SequencePoint vc="0" uspid="119" ordinal="2" offset="23" sl="145" sc="13" el="145" ec="32" bec="0" bev="0" fileid="3" />
                <SequencePoint vc="0" uspid="120" ordinal="3" offset="33" sl="146" sc="13" el="146" ec="42" bec="0" bev="0" fileid="3" />
                <SequencePoint vc="0" uspid="121" ordinal="4" offset="43" sl="147" sc="13" el="147" ec="47" bec="0" bev="0" fileid="3" />
                <SequencePoint vc="0" uspid="122" ordinal="5" offset="53" sl="150" sc="13" el="150" ec="41" bec="0" bev="0" fileid="3" />
                <SequencePoint vc="0" uspid="123" ordinal="6" offset="66" sl="153" sc="13" el="153" ec="63" bec="0" bev="0" fileid="3" />
                <SequencePoint vc="0" uspid="124" ordinal="7" offset="99" sl="154" sc="13" el="154" ec="73" bec="0" bev="0" fileid="3" />
                <SequencePoint vc="0" uspid="125" ordinal="8" offset="132" sl="155" sc="9" el="155" ec="10" bec="0" bev="0" fileid="3" />
              </SequencePoints>
              <BranchPoints />
              <MethodPoint xsi:type="SequencePoint" vc="0" uspid="117" ordinal="0" offset="0" sl="142" sc="9" el="142" ec="10" bec="0" bev="0" fileid="3" />
            </Method>
            <Method visited="false" cyclomaticComplexity="1" nPathComplexity="0" sequenceCoverage="0" branchCoverage="0" crapScore="2" isConstructor="false" isStatic="false" isGetter="false" isSetter="false">
              <Summary numSequencePoints="6" visitedSequencePoints="0" numBranchPoints="1" visitedBranchPoints="0" sequenceCoverage="0" branchCoverage="0" maxCyclomaticComplexity="1" minCyclomaticComplexity="1" maxCrapScore="2" minCrapScore="2" visitedClasses="0" numClasses="0" visitedMethods="0" numMethods="1" />
              <MetadataToken>100663324</MetadataToken>
              <Name>System.Void Ws_BancoTabajara.Domain.Tests.Features.BankAccounts.BankAccountTest::BankAccount_Domain_Deposite_ShouldThrowBankAccountInvalidTransactionValueException()</Name>
              <FileRef uid="3" />
              <SequencePoints>
                <SequencePoint vc="0" uspid="126" ordinal="0" offset="13" sl="159" sc="9" el="159" ec="10" bec="0" bev="0" fileid="3" />
                <SequencePoint vc="0" uspid="127" ordinal="1" offset="14" sl="161" sc="13" el="161" ec="96" bec="0" bev="0" fileid="3" />
                <SequencePoint vc="0" uspid="128" ordinal="2" offset="36" sl="162" sc="13" el="162" ec="33" bec="0" bev="0" fileid="3" />
                <SequencePoint vc="0" uspid="129" ordinal="3" offset="51" sl="165" sc="13" el="165" ec="60" bec="0" bev="0" fileid="3" />
                <SequencePoint vc="0" uspid="130" ordinal="4" offset="64" sl="168" sc="13" el="168" ec="79" bec="0" bev="0" fileid="3" />
                <SequencePoint vc="0" uspid="131" ordinal="5" offset="86" sl="169" sc="9" el="169" ec="10" bec="0" bev="0" fileid="3" />
              </SequencePoints>
              <BranchPoints />
              <MethodPoint vc="0" uspid="132" ordinal="0" offset="0" />
            </Method>
            <Method visited="false" cyclomaticComplexity="1" nPathComplexity="0" sequenceCoverage="0" branchCoverage="0" crapScore="2" isConstructor="true" isStatic="false" isGetter="false" isSetter="false">
              <Summary numSequencePoints="0" visitedSequencePoints="0" numBranchPoints="0" visitedBranchPoints="0" sequenceCoverage="0" branchCoverage="0" maxCyclomaticComplexity="1" minCyclomaticComplexity="1" maxCrapScore="2" minCrapScore="2" visitedClasses="0" numClasses="0" visitedMethods="0" numMethods="0" />
              <MetadataToken>100663325</MetadataToken>
              <Name>System.Void Ws_BancoTabajara.Domain.Tests.Features.BankAccounts.BankAccountTest::.ctor()</Name>
              <SequencePoints />
              <BranchPoints />
              <MethodPoint vc="0" uspid="133" ordinal="0" offset="0" />
            </Method>
            <Method visited="false" cyclomaticComplexity="1" nPathComplexity="0" sequenceCoverage="0" branchCoverage="0" crapScore="2" isConstructor="false" isStatic="false" isGetter="false" isSetter="false">
              <Summary numSequencePoints="1" visitedSequencePoints="0" numBranchPoints="1" visitedBranchPoints="0" sequenceCoverage="0" branchCoverage="0" maxCyclomaticComplexity="1" minCyclomaticComplexity="1" maxCrapScore="2" minCrapScore="2" visitedClasses="0" numClasses="0" visitedMethods="0" numMethods="1" />
              <MetadataToken>100663326</MetadataToken>
              <Name>System.Void Ws_BancoTabajara.Domain.Tests.Features.BankAccounts.BankAccountTest::&lt;BankAccount_Domain_Validate_ShouldBeOk&gt;b__3_0()</Name>
              <FileRef uid="3" />
              <SequencePoints>
                <SequencePoint vc="0" uspid="134" ordinal="0" offset="0" sl="35" sc="32" el="35" ec="55" bec="0" bev="0" fileid="3" />
              </SequencePoints>
              <BranchPoints />
              <MethodPoint xsi:type="SequencePoint" vc="0" uspid="134" ordinal="0" offset="0" sl="35" sc="32" el="35" ec="55" bec="0" bev="0" fileid="3" />
            </Method>
            <Method visited="false" cyclomaticComplexity="1" nPathComplexity="0" sequenceCoverage="0" branchCoverage="0" crapScore="2" isConstructor="false" isStatic="false" isGetter="false" isSetter="false">
              <Summary numSequencePoints="1" visitedSequencePoints="0" numBranchPoints="1" visitedBranchPoints="0" sequenceCoverage="0" branchCoverage="0" maxCyclomaticComplexity="1" minCyclomaticComplexity="1" maxCrapScore="2" minCrapScore="2" visitedClasses="0" numClasses="0" visitedMethods="0" numMethods="1" />
              <MetadataToken>100663327</MetadataToken>
              <Name>System.Void Ws_BancoTabajara.Domain.Tests.Features.BankAccounts.BankAccountTest::&lt;BankAccount_Domain_Validate_ShouldThrowBankAccountInvalidNumberException&gt;b__4_0()</Name>
              <FileRef uid="3" />
              <SequencePoints>
                <SequencePoint vc="0" uspid="135" ordinal="0" offset="0" sl="48" sc="32" el="48" ec="55" bec="0" bev="0" fileid="3" />
              </SequencePoints>
              <BranchPoints />
              <MethodPoint xsi:type="SequencePoint" vc="0" uspid="135" ordinal="0" offset="0" sl="48" sc="32" el="48" ec="55" bec="0" bev="0" fileid="3" />
            </Method>
            <Method visited="false" cyclomaticComplexity="1" nPathComplexity="0" sequenceCoverage="0" branchCoverage="0" crapScore="2" isConstructor="false" isStatic="false" isGetter="false" isSetter="false">
              <Summary numSequencePoints="1" visitedSequencePoints="0" numBranchPoints="1" visitedBranchPoints="0" sequenceCoverage="0" branchCoverage="0" maxCyclomaticComplexity="1" minCyclomaticComplexity="1" maxCrapScore="2" minCrapScore="2" visitedClasses="0" numClasses="0" visitedMethods="0" numMethods="1" />
              <MetadataToken>100663328</MetadataToken>
              <Name>System.Void Ws_BancoTabajara.Domain.Tests.Features.BankAccounts.BankAccountTest::&lt;BankAccount_Domain_Validate_ShouldThrowBankAccountWithoutClientException&gt;b__5_0()</Name>
              <FileRef uid="3" />
              <SequencePoints>
                <SequencePoint vc="0" uspid="136" ordinal="0" offset="0" sl="61" sc="32" el="61" ec="55" bec="0" bev="0" fileid="3" />
              </SequencePoints>
              <BranchPoints />
              <MethodPoint xsi:type="SequencePoint" vc="0" uspid="136" ordinal="0" offset="0" sl="61" sc="32" el="61" ec="55" bec="0" bev="0" fileid="3" />
            </Method>
          </Methods>
        </Class>
        <Class>
          <Summary numSequencePoints="1" visitedSequencePoints="0" numBranchPoints="1" visitedBranchPoints="0" sequenceCoverage="0" branchCoverage="0" maxCyclomaticComplexity="1" minCyclomaticComplexity="1" maxCrapScore="2" minCrapScore="2" visitedClasses="0" numClasses="1" visitedMethods="0" numMethods="1" />
          <FullName>Ws_BancoTabajara.Domain.Tests.Features.BankAccounts.BankAccountTest/&lt;&gt;c__DisplayClass9_0</FullName>
          <Methods>
            <Method visited="false" cyclomaticComplexity="1" nPathComplexity="0" sequenceCoverage="0" branchCoverage="0" crapScore="2" isConstructor="true" isStatic="false" isGetter="false" isSetter="false">
              <Summary numSequencePoints="0" visitedSequencePoints="0" numBranchPoints="0" visitedBranchPoints="0" sequenceCoverage="0" branchCoverage="0" maxCyclomaticComplexity="1" minCyclomaticComplexity="1" maxCrapScore="2" minCrapScore="2" visitedClasses="0" numClasses="0" visitedMethods="0" numMethods="0" />
              <MetadataToken>100663329</MetadataToken>
              <Name>System.Void Ws_BancoTabajara.Domain.Tests.Features.BankAccounts.BankAccountTest/&lt;&gt;c__DisplayClass9_0::.ctor()</Name>
              <SequencePoints />
              <BranchPoints />
              <MethodPoint vc="0" uspid="137" ordinal="0" offset="0" />
            </Method>
            <Method visited="false" cyclomaticComplexity="1" nPathComplexity="0" sequenceCoverage="0" branchCoverage="0" crapScore="2" isConstructor="false" isStatic="false" isGetter="false" isSetter="false">
              <Summary numSequencePoints="1" visitedSequencePoints="0" numBranchPoints="1" visitedBranchPoints="0" sequenceCoverage="0" branchCoverage="0" maxCyclomaticComplexity="1" minCyclomaticComplexity="1" maxCrapScore="2" minCrapScore="2" visitedClasses="0" numClasses="0" visitedMethods="0" numMethods="1" />
              <MetadataToken>100663330</MetadataToken>
              <Name>System.Void Ws_BancoTabajara.Domain.Tests.Features.BankAccounts.BankAccountTest/&lt;&gt;c__DisplayClass9_0::&lt;BankAccount_Domain_Withdraw_ShouldThrowBankAccountWhitdrawValueHigherThanTotalBalanceException&gt;b__0()</Name>
              <FileRef uid="3" />
              <SequencePoints>
                <SequencePoint vc="0" uspid="138" ordinal="0" offset="0" sl="120" sc="32" el="120" ec="60" bec="0" bev="0" fileid="3" />
              </SequencePoints>
              <BranchPoints />
              <MethodPoint xsi:type="SequencePoint" vc="0" uspid="138" ordinal="0" offset="0" sl="120" sc="32" el="120" ec="60" bec="0" bev="0" fileid="3" />
            </Method>
          </Methods>
        </Class>
        <Class>
          <Summary numSequencePoints="1" visitedSequencePoints="0" numBranchPoints="1" visitedBranchPoints="0" sequenceCoverage="0" branchCoverage="0" maxCyclomaticComplexity="1" minCyclomaticComplexity="1" maxCrapScore="2" minCrapScore="2" visitedClasses="0" numClasses="1" visitedMethods="0" numMethods="1" />
          <FullName>Ws_BancoTabajara.Domain.Tests.Features.BankAccounts.BankAccountTest/&lt;&gt;c__DisplayClass10_0</FullName>
          <Methods>
            <Method visited="false" cyclomaticComplexity="1" nPathComplexity="0" sequenceCoverage="0" branchCoverage="0" crapScore="2" isConstructor="true" isStatic="false" isGetter="false" isSetter="false">
              <Summary numSequencePoints="0" visitedSequencePoints="0" numBranchPoints="0" visitedBranchPoints="0" sequenceCoverage="0" branchCoverage="0" maxCyclomaticComplexity="1" minCyclomaticComplexity="1" maxCrapScore="2" minCrapScore="2" visitedClasses="0" numClasses="0" visitedMethods="0" numMethods="0" />
              <MetadataToken>100663331</MetadataToken>
              <Name>System.Void Ws_BancoTabajara.Domain.Tests.Features.BankAccounts.BankAccountTest/&lt;&gt;c__DisplayClass10_0::.ctor()</Name>
              <SequencePoints />
              <BranchPoints />
              <MethodPoint vc="0" uspid="139" ordinal="0" offset="0" />
            </Method>
            <Method visited="false" cyclomaticComplexity="1" nPathComplexity="0" sequenceCoverage="0" branchCoverage="0" crapScore="2" isConstructor="false" isStatic="false" isGetter="false" isSetter="false">
              <Summary numSequencePoints="1" visitedSequencePoints="0" numBranchPoints="1" visitedBranchPoints="0" sequenceCoverage="0" branchCoverage="0" maxCyclomaticComplexity="1" minCyclomaticComplexity="1" maxCrapScore="2" minCrapScore="2" visitedClasses="0" numClasses="0" visitedMethods="0" numMethods="1" />
              <MetadataToken>100663332</MetadataToken>
              <Name>System.Void Ws_BancoTabajara.Domain.Tests.Features.BankAccounts.BankAccountTest/&lt;&gt;c__DisplayClass10_0::&lt;BankAccount_Domain_Withdraw_ShouldThrowBankAccountInvalidTransactionValueException&gt;b__0()</Name>
              <FileRef uid="3" />
              <SequencePoints>
                <SequencePoint vc="0" uspid="140" ordinal="0" offset="0" sl="134" sc="32" el="134" ec="60" bec="0" bev="0" fileid="3" />
              </SequencePoints>
              <BranchPoints />
              <MethodPoint xsi:type="SequencePoint" vc="0" uspid="140" ordinal="0" offset="0" sl="134" sc="32" el="134" ec="60" bec="0" bev="0" fileid="3" />
            </Method>
          </Methods>
        </Class>
        <Class>
          <Summary numSequencePoints="1" visitedSequencePoints="0" numBranchPoints="1" visitedBranchPoints="0" sequenceCoverage="0" branchCoverage="0" maxCyclomaticComplexity="1" minCyclomaticComplexity="1" maxCrapScore="2" minCrapScore="2" visitedClasses="0" numClasses="1" visitedMethods="0" numMethods="1" />
          <FullName>Ws_BancoTabajara.Domain.Tests.Features.BankAccounts.BankAccountTest/&lt;&gt;c__DisplayClass12_0</FullName>
          <Methods>
            <Method visited="false" cyclomaticComplexity="1" nPathComplexity="0" sequenceCoverage="0" branchCoverage="0" crapScore="2" isConstructor="true" isStatic="false" isGetter="false" isSetter="false">
              <Summary numSequencePoints="0" visitedSequencePoints="0" numBranchPoints="0" visitedBranchPoints="0" sequenceCoverage="0" branchCoverage="0" maxCyclomaticComplexity="1" minCyclomaticComplexity="1" maxCrapScore="2" minCrapScore="2" visitedClasses="0" numClasses="0" visitedMethods="0" numMethods="0" />
              <MetadataToken>100663333</MetadataToken>
              <Name>System.Void Ws_BancoTabajara.Domain.Tests.Features.BankAccounts.BankAccountTest/&lt;&gt;c__DisplayClass12_0::.ctor()</Name>
              <SequencePoints />
              <BranchPoints />
              <MethodPoint vc="0" uspid="141" ordinal="0" offset="0" />
            </Method>
            <Method visited="false" cyclomaticComplexity="1" nPathComplexity="0" sequenceCoverage="0" branchCoverage="0" crapScore="2" isConstructor="false" isStatic="false" isGetter="false" isSetter="false">
              <Summary numSequencePoints="1" visitedSequencePoints="0" numBranchPoints="1" visitedBranchPoints="0" sequenceCoverage="0" branchCoverage="0" maxCyclomaticComplexity="1" minCyclomaticComplexity="1" maxCrapScore="2" minCrapScore="2" visitedClasses="0" numClasses="0" visitedMethods="0" numMethods="1" />
              <MetadataToken>100663334</MetadataToken>
              <Name>System.Void Ws_BancoTabajara.Domain.Tests.Features.BankAccounts.BankAccountTest/&lt;&gt;c__DisplayClass12_0::&lt;BankAccount_Domain_Deposite_ShouldThrowBankAccountInvalidTransactionValueException&gt;b__0()</Name>
              <FileRef uid="3" />
              <SequencePoints>
                <SequencePoint vc="0" uspid="142" ordinal="0" offset="0" sl="165" sc="32" el="165" ec="59" bec="0" bev="0" fileid="3" />
              </SequencePoints>
              <BranchPoints />
              <MethodPoint xsi:type="SequencePoint" vc="0" uspid="142" ordinal="0" offset="0" sl="165" sc="32" el="165" ec="59" bec="0" bev="0" fileid="3" />
            </Method>
          </Methods>
        </Class>
      </Classes>
      <TrackedMethods>
        <TrackedMethod uid="1" token="100663298" name="System.Void Ws_BancoTabajara.Domain.Tests.Features.Transactions.TransactionTests::Transaction_Domain_Validate_ShouldBeOk()" strategy="NUnitTest" />
        <TrackedMethod uid="2" token="100663299" name="System.Void Ws_BancoTabajara.Domain.Tests.Features.Transactions.TransactionTests::Transaction_Domain_Validate_ShouldThrowTransactionInvalidValueException()" strategy="NUnitTest" />
        <TrackedMethod uid="3" token="100663300" name="System.Void Ws_BancoTabajara.Domain.Tests.Features.Transactions.TransactionTests::Transaction_Domain_Validate_ShouldThrowTransactionNullBankAccount()" strategy="NUnitTest" />
        <TrackedMethod uid="4" token="100663306" name="System.Void Ws_BancoTabajara.Domain.Tests.Features.Clients.ClientTest::Client_Domain_Validate_ShouldBeOk()" strategy="NUnitTest" />
        <TrackedMethod uid="5" token="100663307" name="System.Void Ws_BancoTabajara.Domain.Tests.Features.Clients.ClientTest::Client_Domain_Validate_ShouldThrowClientNullOrEmptyNameException()" strategy="NUnitTest" />
        <TrackedMethod uid="6" token="100663308" name="System.Void Ws_BancoTabajara.Domain.Tests.Features.Clients.ClientTest::Client_Domain_Validate_ShouldThrowClientNameOverflowException()" strategy="NUnitTest" />
        <TrackedMethod uid="7" token="100663309" name="System.Void Ws_BancoTabajara.Domain.Tests.Features.Clients.ClientTest::Client_Domain_Validate_ShouldThrowClientNullOrEmptyCPFException()" strategy="NUnitTest" />
        <TrackedMethod uid="8" token="100663310" name="System.Void Ws_BancoTabajara.Domain.Tests.Features.Clients.ClientTest::Client_Domain_Validate_ShouldThrowClientCPFOverflowException()" strategy="NUnitTest" />
        <TrackedMethod uid="9" token="100663311" name="System.Void Ws_BancoTabajara.Domain.Tests.Features.Clients.ClientTest::Client_Domain_Validate_ShouldThrowClientNullOrEmptyRGException()" strategy="NUnitTest" />
        <TrackedMethod uid="10" token="100663312" name="System.Void Ws_BancoTabajara.Domain.Tests.Features.Clients.ClientTest::Client_Domain_Validate_ShouldThrowClientRGOverflowException()" strategy="NUnitTest" />
        <TrackedMethod uid="11" token="100663315" name="System.Void Ws_BancoTabajara.Domain.Tests.Features.BankAccounts.BankAccountTest::BankAccount_Domain_Validate_ShouldBeOk()" strategy="NUnitTest" />
        <TrackedMethod uid="12" token="100663316" name="System.Void Ws_BancoTabajara.Domain.Tests.Features.BankAccounts.BankAccountTest::BankAccount_Domain_Validate_ShouldThrowBankAccountInvalidNumberException()" strategy="NUnitTest" />
        <TrackedMethod uid="13" token="100663317" name="System.Void Ws_BancoTabajara.Domain.Tests.Features.BankAccounts.BankAccountTest::BankAccount_Domain_Validate_ShouldThrowBankAccountWithoutClientException()" strategy="NUnitTest" />
        <TrackedMethod uid="14" token="100663318" name="System.Void Ws_BancoTabajara.Domain.Tests.Features.BankAccounts.BankAccountTest::BankAccount_Domain_Activate_ShouldBeTrue()" strategy="NUnitTest" />
        <TrackedMethod uid="15" token="100663319" name="System.Void Ws_BancoTabajara.Domain.Tests.Features.BankAccounts.BankAccountTest::BankAccount_Domain_Activate_ShouldBeFalse()" strategy="NUnitTest" />
        <TrackedMethod uid="16" token="100663320" name="System.Void Ws_BancoTabajara.Domain.Tests.Features.BankAccounts.BankAccountTest::BankAccount_Domain_Withdraw_ShouldBeOk()" strategy="NUnitTest" />
        <TrackedMethod uid="17" token="100663321" name="System.Void Ws_BancoTabajara.Domain.Tests.Features.BankAccounts.BankAccountTest::BankAccount_Domain_Withdraw_ShouldThrowBankAccountWhitdrawValueHigherThanTotalBalanceException()" strategy="NUnitTest" />
        <TrackedMethod uid="18" token="100663322" name="System.Void Ws_BancoTabajara.Domain.Tests.Features.BankAccounts.BankAccountTest::BankAccount_Domain_Withdraw_ShouldThrowBankAccountInvalidTransactionValueException()" strategy="NUnitTest" />
        <TrackedMethod uid="19" token="100663323" name="System.Void Ws_BancoTabajara.Domain.Tests.Features.BankAccounts.BankAccountTest::BankAccount_Domain_Deposite_ShouldBeOk()" strategy="NUnitTest" />
        <TrackedMethod uid="20" token="100663324" name="System.Void Ws_BancoTabajara.Domain.Tests.Features.BankAccounts.BankAccountTest::BankAccount_Domain_Deposite_ShouldThrowBankAccountInvalidTransactionValueException()" strategy="NUnitTest" />
      </TrackedMethods>
    </Module>
    <Module hash="B8-29-98-5D-8D-63-4F-1D-0A-DC-8A-71-CE-9D-5F-CA-44-A3-3B-4B">
      <Summary numSequencePoints="137" visitedSequencePoints="26" numBranchPoints="69" visitedBranchPoints="13" sequenceCoverage="18.98" branchCoverage="18.84" maxCyclomaticComplexity="7" minCyclomaticComplexity="1" maxCrapScore="56" minCrapScore="1" visitedClasses="6" numClasses="21" visitedMethods="6" numMethods="31" />
      <ModulePath>C:\Users\bruno\Desktop\Projeto-Banco-Tabajara\ws-banco-tabajara\Ws-BancoTabajara\Ws-BancoTabajara.Domain.Tests\bin\Debug\Ws-BancoTabajara.Domain.dll</ModulePath>
      <ModuleTime>2018-07-28T02:39:00.2770484Z</ModuleTime>
      <ModuleName>Ws-BancoTabajara.Domain</ModuleName>
      <Files>
        <File uid="13" fullPath="C:\Users\bruno\Desktop\Projeto-Banco-Tabajara\ws-banco-tabajara\Ws-BancoTabajara\Ws-BancoTabajara.Domain\Entity.cs" />
        <File uid="14" fullPath="C:\Users\bruno\Desktop\Projeto-Banco-Tabajara\ws-banco-tabajara\Ws-BancoTabajara\Ws-BancoTabajara.Domain\Features\Transactions\Transaction.cs" />
        <File uid="15" fullPath="C:\Users\bruno\Desktop\Projeto-Banco-Tabajara\ws-banco-tabajara\Ws-BancoTabajara\Ws-BancoTabajara.Domain\Features\Transactions\TransactionInvalidValueException.cs" />
        <File uid="16" fullPath="C:\Users\bruno\Desktop\Projeto-Banco-Tabajara\ws-banco-tabajara\Ws-BancoTabajara\Ws-BancoTabajara.Domain\Features\Transactions\TransactionNullBankAccount.cs" />
        <File uid="17" fullPath="C:\Users\bruno\Desktop\Projeto-Banco-Tabajara\ws-banco-tabajara\Ws-BancoTabajara\Ws-BancoTabajara.Domain\Features\Clients\Client.cs" />
        <File uid="18" fullPath="C:\Users\bruno\Desktop\Projeto-Banco-Tabajara\ws-banco-tabajara\Ws-BancoTabajara\Ws-BancoTabajara.Domain\Features\Clients\ClientNullOrEmptyCPFException.cs" />
        <File uid="19" fullPath="C:\Users\bruno\Desktop\Projeto-Banco-Tabajara\ws-banco-tabajara\Ws-BancoTabajara\Ws-BancoTabajara.Domain\Features\Clients\ClientNullOrEmptyNameException.cs" />
        <File uid="20" fullPath="C:\Users\bruno\Desktop\Projeto-Banco-Tabajara\ws-banco-tabajara\Ws-BancoTabajara\Ws-BancoTabajara.Domain\Features\Clients\ClientCPFOverflowException.cs" />
        <File uid="21" fullPath="C:\Users\bruno\Desktop\Projeto-Banco-Tabajara\ws-banco-tabajara\Ws-BancoTabajara\Ws-BancoTabajara.Domain\Features\Clients\ClientNameOverflowException.cs" />
        <File uid="22" fullPath="C:\Users\bruno\Desktop\Projeto-Banco-Tabajara\ws-banco-tabajara\Ws-BancoTabajara\Ws-BancoTabajara.Domain\Features\Clients\ClientNullOrEmptyRGException.cs" />
        <File uid="23" fullPath="C:\Users\bruno\Desktop\Projeto-Banco-Tabajara\ws-banco-tabajara\Ws-BancoTabajara\Ws-BancoTabajara.Domain\Features\Clients\ClientRGOverflowException.cs" />
        <File uid="24" fullPath="C:\Users\bruno\Desktop\Projeto-Banco-Tabajara\ws-banco-tabajara\Ws-BancoTabajara\Ws-BancoTabajara.Domain\Features\BankStatements\BankStatement.cs" />
        <File uid="25" fullPath="C:\Users\bruno\Desktop\Projeto-Banco-Tabajara\ws-banco-tabajara\Ws-BancoTabajara\Ws-BancoTabajara.Domain\Features\BankAccounts\BankAccount.cs" />
        <File uid="26" fullPath="C:\Users\bruno\Desktop\Projeto-Banco-Tabajara\ws-banco-tabajara\Ws-BancoTabajara\Ws-BancoTabajara.Domain\Features\BankAccounts\BankAccountInvalidTransactionValueException.cs" />
        <File uid="27" fullPath="C:\Users\bruno\Desktop\Projeto-Banco-Tabajara\ws-banco-tabajara\Ws-BancoTabajara\Ws-BancoTabajara.Domain\Features\BankAccounts\BankAccountInvalidNumberException.cs" />
        <File uid="28" fullPath="C:\Users\bruno\Desktop\Projeto-Banco-Tabajara\ws-banco-tabajara\Ws-BancoTabajara\Ws-BancoTabajara.Domain\Features\BankAccounts\BankAccountTransferToSameBankAccountException.cs" />
        <File uid="29" fullPath="C:\Users\bruno\Desktop\Projeto-Banco-Tabajara\ws-banco-tabajara\Ws-BancoTabajara\Ws-BancoTabajara.Domain\Features\BankAccounts\BankAccountWhitdrawValueHigherThanTotalBalanceException.cs" />
        <File uid="30" fullPath="C:\Users\bruno\Desktop\Projeto-Banco-Tabajara\ws-banco-tabajara\Ws-BancoTabajara\Ws-BancoTabajara.Domain\Features\BankAccounts\BankAccountWithoutClientException.cs" />
        <File uid="31" fullPath="C:\Users\bruno\Desktop\Projeto-Banco-Tabajara\ws-banco-tabajara\Ws-BancoTabajara\Ws-BancoTabajara.Domain\Exceptions\BusinessException.cs" />
        <File uid="32" fullPath="C:\Users\bruno\Desktop\Projeto-Banco-Tabajara\ws-banco-tabajara\Ws-BancoTabajara\Ws-BancoTabajara.Domain\Exceptions\IdentifierUndefinedException.cs" />
        <File uid="33" fullPath="C:\Users\bruno\Desktop\Projeto-Banco-Tabajara\ws-banco-tabajara\Ws-BancoTabajara\Ws-BancoTabajara.Domain\Exceptions\NotFoundException.cs" />
      </Files>
      <Classes>
        <Class>
          <Summary numSequencePoints="23" visitedSequencePoints="6" numBranchPoints="14" visitedBranchPoints="4" sequenceCoverage="26.09" branchCoverage="28.57" maxCyclomaticComplexity="5" minCyclomaticComplexity="1" maxCrapScore="30" minCrapScore="2" visitedClasses="1" numClasses="1" visitedMethods="1" numMethods="4" />
          <FullName>Ws_BancoTabajara.Domain.Entity</FullName>
          <Methods>
            <Method skippedDueTo="AutoImplementedProperty" visited="false" cyclomaticComplexity="1" nPathComplexity="0" sequenceCoverage="0" branchCoverage="0" crapScore="0" isConstructor="false" isStatic="false" isGetter="true" isSetter="false">
              <MetadataToken>100663297</MetadataToken>
              <Name>System.Int32 Ws_BancoTabajara.Domain.Entity::get_Id()</Name>
              <FileRef uid="13" />
              <SequencePoints />
              <BranchPoints />
            </Method>
            <Method skippedDueTo="AutoImplementedProperty" visited="false" cyclomaticComplexity="1" nPathComplexity="0" sequenceCoverage="0" branchCoverage="0" crapScore="0" isConstructor="false" isStatic="false" isGetter="false" isSetter="true">
              <MetadataToken>100663298</MetadataToken>
              <Name>System.Void Ws_BancoTabajara.Domain.Entity::set_Id(System.Int32)</Name>
              <FileRef uid="13" />
              <SequencePoints />
              <BranchPoints />
            </Method>
            <Method visited="false" cyclomaticComplexity="5" nPathComplexity="8" sequenceCoverage="0" branchCoverage="0" crapScore="30" isConstructor="false" isStatic="false" isGetter="false" isSetter="false">
              <Summary numSequencePoints="10" visitedSequencePoints="0" numBranchPoints="7" visitedBranchPoints="0" sequenceCoverage="0" branchCoverage="0" maxCyclomaticComplexity="5" minCyclomaticComplexity="5" maxCrapScore="30" minCrapScore="30" visitedClasses="0" numClasses="0" visitedMethods="0" numMethods="1" />
              <MetadataToken>100663299</MetadataToken>
              <Name>System.Boolean Ws_BancoTabajara.Domain.Entity::Equals(System.Object)</Name>
              <FileRef uid="13" />
              <SequencePoints>
                <SequencePoint vc="0" uspid="143" ordinal="0" offset="0" sl="20" sc="9" el="20" ec="10" bec="0" bev="0" fileid="13" />
                <SequencePoint vc="0" uspid="144" ordinal="1" offset="1" sl="21" sc="13" el="21" ec="39" bec="0" bev="0" fileid="13" />
                <SequencePoint vc="0" uspid="145" ordinal="2" offset="8" sl="23" sc="13" el="23" ec="46" bec="2" bev="0" fileid="13" />
                <SequencePoint vc="0" uspid="146" ordinal="3" offset="16" sl="24" sc="17" el="24" ec="30" bec="0" bev="0" fileid="13" />
                <SequencePoint vc="0" uspid="147" ordinal="4" offset="20" sl="26" sc="13" el="26" ec="46" bec="2" bev="0" fileid="13" />
                <SequencePoint vc="0" uspid="148" ordinal="5" offset="28" sl="27" sc="17" el="27" ec="29" bec="0" bev="0" fileid="13" />
                <SequencePoint vc="0" uspid="149" ordinal="6" offset="32" sl="29" sc="13" el="29" ec="42" bec="2" bev="0" fileid="13" />
                <SequencePoint vc="0" uspid="150" ordinal="7" offset="58" sl="30" sc="17" el="30" ec="30" bec="0" bev="0" fileid="13" />
                <SequencePoint vc="0" uspid="151" ordinal="8" offset="62" sl="32" sc="13" el="32" ec="35" bec="0" bev="0" fileid="13" />
                <SequencePoint vc="0" uspid="152" ordinal="9" offset="79" sl="33" sc="9" el="33" ec="10" bec="0" bev="0" fileid="13" />
              </SequencePoints>
              <BranchPoints>
                <BranchPoint vc="0" uspid="153" ordinal="0" offset="14" sl="23" path="0" offsetend="16" fileid="13" />
                <BranchPoint vc="0" uspid="154" ordinal="1" offset="14" sl="23" path="1" offsetend="20" fileid="13" />
                <BranchPoint vc="0" uspid="155" ordinal="2" offset="26" sl="26" path="0" offsetend="28" fileid="13" />
                <BranchPoint vc="0" uspid="156" ordinal="3" offset="26" sl="26" path="1" offsetend="32" fileid="13" />
                <BranchPoint vc="0" uspid="159" ordinal="6" offset="56" sl="29" path="0" offsetend="58" fileid="13" />
                <BranchPoint vc="0" uspid="160" ordinal="7" offset="56" sl="29" path="1" offsetend="62" fileid="13" />
              </BranchPoints>
              <MethodPoint xsi:type="SequencePoint" vc="0" uspid="143" ordinal="0" offset="0" sl="20" sc="9" el="20" ec="10" bec="0" bev="0" fileid="13" />
            </Method>
            <Method visited="true" cyclomaticComplexity="5" nPathComplexity="4" sequenceCoverage="85.71" branchCoverage="80" crapScore="5.07" isConstructor="false" isStatic="true" isGetter="false" isSetter="false">
              <Summary numSequencePoints="7" visitedSequencePoints="6" numBranchPoints="5" visitedBranchPoints="4" sequenceCoverage="85.71" branchCoverage="80" maxCyclomaticComplexity="5" minCyclomaticComplexity="5" maxCrapScore="5.07" minCrapScore="5.07" visitedClasses="0" numClasses="0" visitedMethods="1" numMethods="1" />
              <MetadataToken>100663300</MetadataToken>
              <Name>System.Boolean Ws_BancoTabajara.Domain.Entity::op_Equality(Ws_BancoTabajara.Domain.Entity,Ws_BancoTabajara.Domain.Entity)</Name>
              <FileRef uid="13" />
[...]
              </SequencePoints>
              <BranchPoints />
              <MethodPoint xsi:type="SequencePoint" vc="0" uspid="348" ordinal="0" offset="0" sl="102" sc="9" el="102" ec="10" bec="0" bev="0" fileid="55" />
            </Method>
            <Method visited="false" cyclomaticComplexity="1" nPathComplexity="0" sequenceCoverage="0" branchCoverage="0" crapScore="2" isConstructor="false" isStatic="true" isGetter="false" isSetter="false">
              <Summary numSequencePoints="3" visitedSequencePoints="0" numBranchPoints="1" visitedBranchPoints="0" sequenceCoverage="0" branchCoverage="0" maxCyclomaticComplexity="1" minCyclomaticComplexity="1" maxCrapScore="2" minCrapScore="2" visitedClasses="0" numClasses="0" visitedMethods="0" numMethods="1" />
              <MetadataToken>100663305</MetadataToken>
              <Name>Ws_BancoTabajara.Domain.Features.BankAccounts.BankAccount Ws_BancoTabajara.Common.Tests.Base.ObjectMother::BankAccountWithClientWithId(Ws_BancoTabajara.Domain.Features.Clients.Client)</Name>
              <FileRef uid="55" />
              <SequencePoints>
                <SequencePoint vc="0" uspid="351" ordinal="0" offset="0" sl="115" sc="9" el="115" ec="10" bec="0" bev="0" fileid="55" />
                <SequencePoint vc="0" uspid="352" ordinal="1" offset="1" sl="116" sc="13" el="124" ec="15" bec="0" bev="0" fileid="55" />
                <SequencePoint vc="0" uspid="353" ordinal="2" offset="77" sl="125" sc="9" el="125" ec="10" bec="0" bev="0" fileid="55" />
              </SequencePoints>
              <BranchPoints />
              <MethodPoint xsi:type="SequencePoint" vc="0" uspid="351" ordinal="0" offset="0" sl="115" sc="9" el="115" ec="10" bec="0" bev="0" fileid="55" />
            </Method>
            <Method visited="false" cyclomaticComplexity="1" nPathComplexity="0" sequenceCoverage="0" branchCoverage="0" crapScore="2" isConstructor="false" isStatic="true" isGetter="false" isSetter="false">
              <Summary numSequencePoints="3" visitedSequencePoints="0" numBranchPoints="1" visitedBranchPoints="0" sequenceCoverage="0" branchCoverage="0" maxCyclomaticComplexity="1" minCyclomaticComplexity="1" maxCrapScore="2" minCrapScore="2" visitedClasses="0" numClasses="0" visitedMethods="0" numMethods="1" />
              <MetadataToken>100663306</MetadataToken>
              <Name>Ws_BancoTabajara.Domain.Features.Clients.Client Ws_BancoTabajara.Common.Tests.Base.ObjectMother::ValidClientWithoutId()</Name>
              <FileRef uid="55" />
              <SequencePoints>
                <SequencePoint vc="0" uspid="354" ordinal="0" offset="0" sl="130" sc="9" el="130" ec="10" bec="0" bev="0" fileid="55" />
                <SequencePoint vc="0" uspid="355" ordinal="1" offset="1" sl="131" sc="13" el="137" ec="15" bec="0" bev="0" fileid="55" />
                <SequencePoint vc="0" uspid="356" ordinal="2" offset="67" sl="138" sc="9" el="138" ec="10" bec="0" bev="0" fileid="55" />
              </SequencePoints>
              <BranchPoints />
              <MethodPoint xsi:type="SequencePoint" vc="0" uspid="354" ordinal="0" offset="0" sl="130" sc="9" el="130" ec="10" bec="0" bev="0" fileid="55" />
            </Method>
            <Method visited="false" cyclomaticComplexity="1" nPathComplexity="0" sequenceCoverage="0" branchCoverage="0" crapScore="2" isConstructor="false" isStatic="true" isGetter="false" isSetter="false">
              <Summary numSequencePoints="3" visitedSequencePoints="0" numBranchPoints="1" visitedBranchPoints="0" sequenceCoverage="0" branchCoverage="0" maxCyclomaticComplexity="1" minCyclomaticComplexity="1" maxCrapScore="2" minCrapScore="2" visitedClasses="0" numClasses="0" visitedMethods="0" numMethods="1" />
              <MetadataToken>100663307</MetadataToken>
              <Name>Ws_BancoTabajara.Domain.Features.Clients.Client Ws_BancoTabajara.Common.Tests.Base.ObjectMother::ValidClientWithId()</Name>
              <FileRef uid="55" />
              <SequencePoints>
                <SequencePoint vc="0" uspid="357" ordinal="0" offset="0" sl="141" sc="9" el="141" ec="10" bec="0" bev="0" fileid="55" />
                <SequencePoint vc="0" uspid="358" ordinal="1" offset="1" sl="142" sc="13" el="149" ec="15" bec="0" bev="0" fileid="55" />
                <SequencePoint vc="0" uspid="359" ordinal="2" offset="75" sl="150" sc="9" el="150" ec="10" bec="0" bev="0" fileid="55" />
              </SequencePoints>
              <BranchPoints />
              <MethodPoint xsi:type="SequencePoint" vc="0" uspid="357" ordinal="0" offset="0" sl="141" sc="9" el="141" ec="10" bec="0" bev="0" fileid="55" />
            </Method>
            <Method visited="false" cyclomaticComplexity="1" nPathComplexity="0" sequenceCoverage="0" branchCoverage="0" crapScore="2" isConstructor="false" isStatic="true" isGetter="false" isSetter="false">
              <Summary numSequencePoints="3" visitedSequencePoints="0" numBranchPoints="1" visitedBranchPoints="0" sequenceCoverage="0" branchCoverage="0" maxCyclomaticComplexity="1" minCyclomaticComplexity="1" maxCrapScore="2" minCrapScore="2" visitedClasses="0" numClasses="0" visitedMethods="0" numMethods="1" />
              <MetadataToken>100663308</MetadataToken>
              <Name>Ws_BancoTabajara.Domain.Features.Clients.Client Ws_BancoTabajara.Common.Tests.Base.ObjectMother::ClientEmptyName()</Name>
              <FileRef uid="55" />
              <SequencePoints>
                <SequencePoint vc="0" uspid="360" ordinal="0" offset="0" sl="153" sc="9" el="153" ec="10" bec="0" bev="0" fileid="55" />
                <SequencePoint vc="0" uspid="361" ordinal="1" offset="1" sl="154" sc="13" el="159" ec="15" bec="0" bev="0" fileid="55" />
                <SequencePoint vc="0" uspid="362" ordinal="2" offset="55" sl="160" sc="9" el="160" ec="10" bec="0" bev="0" fileid="55" />
              </SequencePoints>
              <BranchPoints />
              <MethodPoint xsi:type="SequencePoint" vc="0" uspid="360" ordinal="0" offset="0" sl="153" sc="9" el="153" ec="10" bec="0" bev="0" fileid="55" />
            </Method>
            <Method visited="false" cyclomaticComplexity="1" nPathComplexity="0" sequenceCoverage="0" branchCoverage="0" crapScore="2" isConstructor="false" isStatic="true" isGetter="false" isSetter="false">
              <Summary numSequencePoints="3" visitedSequencePoints="0" numBranchPoints="1" visitedBranchPoints="0" sequenceCoverage="0" branchCoverage="0" maxCyclomaticComplexity="1" minCyclomaticComplexity="1" maxCrapScore="2" minCrapScore="2" visitedClasses="0" numClasses="0" visitedMethods="0" numMethods="1" />
              <MetadataToken>100663309</MetadataToken>
              <Name>Ws_BancoTabajara.Domain.Features.Clients.Client Ws_BancoTabajara.Common.Tests.Base.ObjectMother::ClientNameOverflow()</Name>
              <FileRef uid="55" />
              <SequencePoints>
                <SequencePoint vc="0" uspid="363" ordinal="0" offset="0" sl="163" sc="9" el="163" ec="10" bec="0" bev="0" fileid="55" />
                <SequencePoint vc="0" uspid="364" ordinal="1" offset="1" sl="164" sc="13" el="170" ec="15" bec="0" bev="0" fileid="55" />
                <SequencePoint vc="0" uspid="365" ordinal="2" offset="67" sl="171" sc="9" el="171" ec="10" bec="0" bev="0" fileid="55" />
              </SequencePoints>
              <BranchPoints />
              <MethodPoint xsi:type="SequencePoint" vc="0" uspid="363" ordinal="0" offset="0" sl="163" sc="9" el="163" ec="10" bec="0" bev="0" fileid="55" />
            </Method>
            <Method visited="false" cyclomaticComplexity="1" nPathComplexity="0" sequenceCoverage="0" branchCoverage="0" crapScore="2" isConstructor="false" isStatic="true" isGetter="false" isSetter="false">
              <Summary numSequencePoints="3" visitedSequencePoints="0" numBranchPoints="1" visitedBranchPoints="0" sequenceCoverage="0" branchCoverage="0" maxCyclomaticComplexity="1" minCyclomaticComplexity="1" maxCrapScore="2" minCrapScore="2" visitedClasses="0" numClasses="0" visitedMethods="0" numMethods="1" />
              <MetadataToken>100663310</MetadataToken>
              <Name>Ws_BancoTabajara.Domain.Features.Clients.Client Ws_BancoTabajara.Common.Tests.Base.ObjectMother::ClientEmptyCPF()</Name>
              <FileRef uid="55" />
              <SequencePoints>
                <SequencePoint vc="0" uspid="366" ordinal="0" offset="0" sl="174" sc="9" el="174" ec="10" bec="0" bev="0" fileid="55" />
                <SequencePoint vc="0" uspid="367" ordinal="1" offset="1" sl="175" sc="13" el="180" ec="15" bec="0" bev="0" fileid="55" />
                <SequencePoint vc="0" uspid="368" ordinal="2" offset="55" sl="181" sc="9" el="181" ec="10" bec="0" bev="0" fileid="55" />
              </SequencePoints>
              <BranchPoints />
              <MethodPoint xsi:type="SequencePoint" vc="0" uspid="366" ordinal="0" offset="0" sl="174" sc="9" el="174" ec="10" bec="0" bev="0" fileid="55" />
            </Method>
            <Method visited="false" cyclomaticComplexity="1" nPathComplexity="0" sequenceCoverage="0" branchCoverage="0" crapScore="2" isConstructor="false" isStatic="true" isGetter="false" isSetter="false">
              <Summary numSequencePoints="3" visitedSequencePoints="0" numBranchPoints="1" visitedBranchPoints="0" sequenceCoverage="0" branchCoverage="0" maxCyclomaticComplexity="1" minCyclomaticComplexity="1" maxCrapScore="2" minCrapScore="2" visitedClasses="0" numClasses="0" visitedMethods="0" numMethods="1" />
              <MetadataToken>100663311</MetadataToken>
              <Name>Ws_BancoTabajara.Domain.Features.Clients.Client Ws_BancoTabajara.Common.Tests.Base.ObjectMother::ClientCPFOverflow()</Name>
              <FileRef uid="55" />
              <SequencePoints>
                <SequencePoint vc="0" uspid="369" ordinal="0" offset="0" sl="184" sc="9" el="184" ec="10" bec="0" bev="0" fileid="55" />
                <SequencePoint vc="0" uspid="370" ordinal="1" offset="1" sl="185" sc="13" el="191" ec="15" bec="0" bev="0" fileid="55" />
                <SequencePoint vc="0" uspid="371" ordinal="2" offset="67" sl="192" sc="9" el="192" ec="10" bec="0" bev="0" fileid="55" />
              </SequencePoints>
              <BranchPoints />
              <MethodPoint xsi:type="SequencePoint" vc="0" uspid="369" ordinal="0" offset="0" sl="184" sc="9" el="184" ec="10" bec="0" bev="0" fileid="55" />
            </Method>
            <Method visited="false" cyclomaticComplexity="1" nPathComplexity="0" sequenceCoverage="0" branchCoverage="0" crapScore="2" isConstructor="false" isStatic="true" isGetter="false" isSetter="false">
              <Summary numSequencePoints="3" visitedSequencePoints="0" numBranchPoints="1" visitedBranchPoints="0" sequenceCoverage="0" branchCoverage="0" maxCyclomaticComplexity="1" minCyclomaticComplexity="1" maxCrapScore="2" minCrapScore="2" visitedClasses="0" numClasses="0" visitedMethods="0" numMethods="1" />
              <MetadataToken>100663312</MetadataToken>
              <Name>Ws_BancoTabajara.Domain.Features.Clients.Client Ws_BancoTabajara.Common.Tests.Base.ObjectMother::ClientEmptyRG()</Name>
              <FileRef uid="55" />
              <SequencePoints>
                <SequencePoint vc="0" uspid="372" ordinal="0" offset="0" sl="195" sc="9" el="195" ec="10" bec="0" bev="0" fileid="55" />
                <SequencePoint vc="0" uspid="373" ordinal="1" offset="1" sl="196" sc="13" el="201" ec="15" bec="0" bev="0" fileid="55" />
                <SequencePoint vc="0" uspid="374" ordinal="2" offset="55" sl="202" sc="9" el="202" ec="10" bec="0" bev="0" fileid="55" />
              </SequencePoints>
              <BranchPoints />
              <MethodPoint xsi:type="SequencePoint" vc="0" uspid="372" ordinal="0" offset="0" sl="195" sc="9" el="195" ec="10" bec="0" bev="0" fileid="55" />
            </Method>
            <Method visited="false" cyclomaticComplexity="1" nPathComplexity="0" sequenceCoverage="0" branchCoverage="0" crapScore="2" isConstructor="false" isStatic="true" isGetter="false" isSetter="false">
              <Summary numSequencePoints="3" visitedSequencePoints="0" numBranchPoints="1" visitedBranchPoints="0" sequenceCoverage="0" branchCoverage="0" maxCyclomaticComplexity="1" minCyclomaticComplexity="1" maxCrapScore="2" minCrapScore="2" visitedClasses="0" numClasses="0" visitedMethods="0" numMethods="1" />
              <MetadataToken>100663313</MetadataToken>
              <Name>Ws_BancoTabajara.Domain.Features.Clients.Client Ws_BancoTabajara.Common.Tests.Base.ObjectMother::ClientRGOverflow()</Name>
              <FileRef uid="55" />
              <SequencePoints>
                <SequencePoint vc="0" uspid="375" ordinal="0" offset="0" sl="205" sc="9" el="205" ec="10" bec="0" bev="0" fileid="55" />
                <SequencePoint vc="0" uspid="376" ordinal="1" offset="1" sl="206" sc="13" el="212" ec="15" bec="0" bev="0" fileid="55" />
                <SequencePoint vc="0" uspid="377" ordinal="2" offset="67" sl="213" sc="9" el="213" ec="10" bec="0" bev="0" fileid="55" />
              </SequencePoints>
              <BranchPoints />
              <MethodPoint xsi:type="SequencePoint" vc="0" uspid="375" ordinal="0" offset="0" sl="205" sc="9" el="205" ec="10" bec="0" bev="0" fileid="55" />
            </Method>
            <Method visited="true" cyclomaticComplexity="1" nPathComplexity="0" sequenceCoverage="100" branchCoverage="100" crapScore="1" isConstructor="false" isStatic="true" isGetter="false" isSetter="false">
              <Summary numSequencePoints="3" visitedSequencePoints="3" numBranchPoints="1" visitedBranchPoints="1" sequenceCoverage="100" branchCoverage="100" maxCyclomaticComplexity="1" minCyclomaticComplexity="1" maxCrapScore="1" minCrapScore="1" visitedClasses="0" numClasses="0" visitedMethods="1" numMethods="1" />
              <MetadataToken>100663314</MetadataToken>
              <Name>Ws_BancoTabajara.Domain.Features.Transactions.Transaction Ws_BancoTabajara.Common.Tests.Base.ObjectMother::ValidCreditTransaction(Ws_BancoTabajara.Domain.Features.BankAccounts.BankAccount)</Name>
              <FileRef uid="55" />
              <SequencePoints>
                <SequencePoint vc="1" uspid="378" ordinal="0" offset="0" sl="219" sc="9" el="219" ec="10" bec="0" bev="0" fileid="55">
                  <TrackedMethodRefs>
                    <TrackedMethodRef uid="1" vc="1" />
                  </TrackedMethodRefs>
                </SequencePoint>
                <SequencePoint vc="1" uspid="379" ordinal="1" offset="1" sl="220" sc="13" el="226" ec="15" bec="0" bev="0" fileid="55">
                  <TrackedMethodRefs>
                    <TrackedMethodRef uid="1" vc="1" />
                  </TrackedMethodRefs>
                </SequencePoint>
                <SequencePoint vc="1" uspid="380" ordinal="2" offset="53" sl="227" sc="9" el="227" ec="10" bec="0" bev="0" fileid="55">
                  <TrackedMethodRefs>
                    <TrackedMethodRef uid="1" vc="1" />
                  </TrackedMethodRefs>
                </SequencePoint>
              </SequencePoints>
              <BranchPoints />
              <MethodPoint xsi:type="SequencePoint" vc="1" uspid="378" ordinal="0" offset="0" sl="219" sc="9" el="219" ec="10" bec="0" bev="0" fileid="55">
                <TrackedMethodRefs>
                  <TrackedMethodRef uid="1" vc="1" />
                </TrackedMethodRefs>
              </MethodPoint>
            </Method>
            <Method visited="true" cyclomaticComplexity="1" nPathComplexity="0" sequenceCoverage="100" branchCoverage="100" crapScore="1" isConstructor="false" isStatic="true" isGetter="false" isSetter="false">
              <Summary numSequencePoints="3" visitedSequencePoints="3" numBranchPoints="1" visitedBranchPoints="1" sequenceCoverage="100" branchCoverage="100" maxCyclomaticComplexity="1" minCyclomaticComplexity="1" maxCrapScore="1" minCrapScore="1" visitedClasses="0" numClasses="0" visitedMethods="1" numMethods="1" />
              <MetadataToken>100663315</MetadataToken>
              <Name>Ws_BancoTabajara.Domain.Features.Transactions.Transaction Ws_BancoTabajara.Common.Tests.Base.ObjectMother::TransactionInvalidValue(Ws_BancoTabajara.Domain.Features.BankAccounts.BankAccount)</Name>
              <FileRef uid="55" />
              <SequencePoints>
                <SequencePoint vc="1" uspid="381" ordinal="0" offset="0" sl="230" sc="9" el="230" ec="10" bec="0" bev="0" fileid="55">
                  <TrackedMethodRefs>
                    <TrackedMethodRef uid="2" vc="1" />
                  </TrackedMethodRefs>
                </SequencePoint>
                <SequencePoint vc="1" uspid="382" ordinal="1" offset="1" sl="231" sc="13" el="237" ec="15" bec="0" bev="0" fileid="55">
                  <TrackedMethodRefs>
                    <TrackedMethodRef uid="2" vc="1" />
                  </TrackedMethodRefs>
                </SequencePoint>
                <SequencePoint vc="1" uspid="383" ordinal="2" offset="53" sl="238" sc="9" el="238" ec="10" bec="0" bev="0" fileid="55">
                  <TrackedMethodRefs>
                    <TrackedMethodRef uid="2" vc="1" />
                  </TrackedMethodRefs>
                </SequencePoint>
              </SequencePoints>
              <BranchPoints />
              <MethodPoint xsi:type="SequencePoint" vc="1" uspid="381" ordinal="0" offset="0" sl="230" sc="9" el="230" ec="10" bec="0" bev="0" fileid="55">
                <TrackedMethodRefs>
                  <TrackedMethodRef uid="2" vc="1" />
                </TrackedMethodRefs>
              </MethodPoint>
            </Method>
            <Method visited="true" cyclomaticComplexity="1" nPathComplexity="0" sequenceCoverage="100" branchCoverage="100" crapScore="1" isConstructor="false" isStatic="true" isGetter="false" isSetter="false">
              <Summary numSequencePoints="3" visitedSequencePoints="3" numBranchPoints="1" visitedBranchPoints="1" sequenceCoverage="100" branchCoverage="100" maxCyclomaticComplexity="1" minCyclomaticComplexity="1" maxCrapScore="1" minCrapScore="1" visitedClasses="0" numClasses="0" visitedMethods="1" numMethods="1" />
              <MetadataToken>100663316</MetadataToken>
              <Name>Ws_BancoTabajara.Domain.Features.Transactions.Transaction Ws_BancoTabajara.Common.Tests.Base.ObjectMother::TransactionWithoutBankAccount()</Name>
              <FileRef uid="55" />
              <SequencePoints>
                <SequencePoint vc="1" uspid="384" ordinal="0" offset="0" sl="241" sc="9" el="241" ec="10" bec="0" bev="0" fileid="55">
                  <TrackedMethodRefs>
                    <TrackedMethodRef uid="3" vc="1" />
                  </TrackedMethodRefs>
                </SequencePoint>
                <SequencePoint vc="1" uspid="385" ordinal="1" offset="1" sl="242" sc="13" el="247" ec="15" bec="0" bev="0" fileid="55">
                  <TrackedMethodRefs>
                    <TrackedMethodRef uid="3" vc="1" />
                  </TrackedMethodRefs>
                </SequencePoint>
                <SequencePoint vc="1" uspid="386" ordinal="2" offset="45" sl="248" sc="9" el="248" ec="10" bec="0" bev="0" fileid="55">
                  <TrackedMethodRefs>
                    <TrackedMethodRef uid="3" vc="1" />
                  </TrackedMethodRefs>
                </SequencePoint>
              </SequencePoints>
              <BranchPoints />
              <MethodPoint xsi:type="SequencePoint" vc="1" uspid="384" ordinal="0" offset="0" sl="241" sc="9" el="241" ec="10" bec="0" bev="0" fileid="55">
                <TrackedMethodRefs>
                  <TrackedMethodRef uid="3" vc="1" />
                </TrackedMethodRefs>
              </MethodPoint>
            </Method>
          </Methods>
        </Class>
      </Classes>
      <TrackedMethods />
    </Module>
  </Modules>
</CoverageSession>