<?xml version="1.0" encoding="utf-8"?>
<CoverageSession xmlns:xsd="http://www.w3.org/2001/XMLSchema" xmlns:xsi="http://www.w3.org/2001/XMLSchema-instance" Version="4.6.0.0">
  <Summary numSequencePoints="532" visitedSequencePoints="108" numBranchPoints="181" visitedBranchPoints="24" sequenceCoverage="20.30" branchCoverage="13.26" maxCyclomaticComplexity="22" minCyclomaticComplexity="1" maxCrapScore="506" minCrapScore="1" visitedClasses="12" numClasses="41" visitedMethods="22" numMethods="121" />
  <Modules>
    <Module hash="A8-9C-A8-C6-76-EB-A3-05-95-93-67-8E-08-FF-26-0C-12-C2-D9-D0">
      <Summary numSequencePoints="175" visitedSequencePoints="37" numBranchPoints="38" visitedBranchPoints="8" sequenceCoverage="21.14" branchCoverage="21.05" maxCyclomaticComplexity="3" minCyclomaticComplexity="1" maxCrapScore="12" minCrapScore="1" visitedClasses="4" numClasses="9" visitedMethods="8" numMethods="36" />
      <ModulePath>C:\Users\bruno\Desktop\Projeto-Banco-Tabajara\ws-banco-tabajara\Ws-BancoTabajara\Ws-BancoTabajara.Infra.ORM.Tests\bin\Debug\Ws-BancoTabajara.Infra.ORM.Tests.dll</ModulePath>
      <ModuleTime>2018-07-28T03:04:21.0486896Z</ModuleTime>
      <ModuleName>Ws-BancoTabajara.Infra.ORM.Tests</ModuleName>
      <Files>
        <File uid="1" fullPath="C:\Users\bruno\Desktop\Projeto-Banco-Tabajara\ws-banco-tabajara\Ws-BancoTabajara\Ws-BancoTabajara.Infra.ORM.Tests\Initializer\EffortProviderFactory.cs" />
        <File uid="2" fullPath="C:\Users\bruno\Desktop\Projeto-Banco-Tabajara\ws-banco-tabajara\Ws-BancoTabajara\Ws-BancoTabajara.Infra.ORM.Tests\Initializer\EffortTestBase.cs" />
        <File uid="3" fullPath="C:\Users\bruno\Desktop\Projeto-Banco-Tabajara\ws-banco-tabajara\Ws-BancoTabajara\Ws-BancoTabajara.Infra.ORM.Tests\Features\Transactions\TransactionRepositoryTests.cs" />
        <File uid="4" fullPath="C:\Users\bruno\Desktop\Projeto-Banco-Tabajara\ws-banco-tabajara\Ws-BancoTabajara\Ws-BancoTabajara.Infra.ORM.Tests\Features\Clients\ClientRepositoryTests.cs" />
        <File uid="5" fullPath="C:\Users\bruno\Desktop\Projeto-Banco-Tabajara\ws-banco-tabajara\Ws-BancoTabajara\Ws-BancoTabajara.Infra.ORM.Tests\Features\BankAccounts\BankAccountRepositoryTests.cs" />
        <File uid="9" fullPath="C:\Users\bruno\Desktop\Projeto-Banco-Tabajara\ws-banco-tabajara\Ws-BancoTabajara\Ws-BancoTabajara.Infra.ORM.Tests\Context\FakeDbContext.cs" />
      </Files>
      <Classes>
        <Class>
          <Summary numSequencePoints="16" visitedSequencePoints="7" numBranchPoints="5" visitedBranchPoints="2" sequenceCoverage="43.75" branchCoverage="40" maxCyclomaticComplexity="3" minCyclomaticComplexity="1" maxCrapScore="12" minCrapScore="1" visitedClasses="1" numClasses="1" visitedMethods="2" numMethods="3" />
          <FullName>Ws_BancoTabajara.Infra.ORM.Tests.Initializer.EffortProviderFactory</FullName>
          <Methods>
            <Method visited="true" cyclomaticComplexity="2" nPathComplexity="0" sequenceCoverage="100" branchCoverage="100" crapScore="2" isConstructor="false" isStatic="true" isGetter="false" isSetter="false">
              <Summary numSequencePoints="6" visitedSequencePoints="6" numBranchPoints="1" visitedBranchPoints="1" sequenceCoverage="100" branchCoverage="100" maxCyclomaticComplexity="2" minCyclomaticComplexity="2" maxCrapScore="2" minCrapScore="2" visitedClasses="0" numClasses="0" visitedMethods="1" numMethods="1" />
              <MetadataToken>100663297</MetadataToken>
              <Name>System.Void Ws_BancoTabajara.Infra.ORM.Tests.Initializer.EffortProviderFactory::ResetDb()</Name>
              <FileRef uid="1" />
              <SequencePoints>
                <SequencePoint vc="2" uspid="1" ordinal="0" offset="0" sl="18" sc="9" el="18" ec="10" bec="0" bev="0" fileid="1" />
                <SequencePoint vc="2" uspid="2" ordinal="1" offset="1" sl="19" sc="13" el="19" ec="25" bec="0" bev="0" fileid="1" />
                <SequencePoint vc="2" uspid="3" ordinal="2" offset="18" sl="20" sc="13" el="20" ec="14" bec="0" bev="0" fileid="1" />
                <SequencePoint vc="2" uspid="4" ordinal="3" offset="19" sl="21" sc="17" el="21" ec="36" bec="0" bev="0" fileid="1" />
                <SequencePoint vc="2" uspid="5" ordinal="4" offset="25" sl="22" sc="13" el="22" ec="14" bec="0" bev="0" fileid="1" />
                <SequencePoint vc="2" uspid="6" ordinal="5" offset="39" sl="23" sc="9" el="23" ec="10" bec="0" bev="0" fileid="1" />
              </SequencePoints>
              <BranchPoints />
              <MethodPoint xsi:type="SequencePoint" vc="2" uspid="1" ordinal="0" offset="0" sl="18" sc="9" el="18" ec="10" bec="0" bev="0" fileid="1" />
            </Method>
            <Method visited="false" cyclomaticComplexity="3" nPathComplexity="2" sequenceCoverage="0" branchCoverage="0" crapScore="12" isConstructor="false" isStatic="false" isGetter="false" isSetter="false">
              <Summary numSequencePoints="9" visitedSequencePoints="0" numBranchPoints="3" visitedBranchPoints="0" sequenceCoverage="0" branchCoverage="0" maxCyclomaticComplexity="3" minCyclomaticComplexity="3" maxCrapScore="12" minCrapScore="12" visitedClasses="0" numClasses="0" visitedMethods="0" numMethods="1" />
              <MetadataToken>100663298</MetadataToken>
              <Name>System.Data.Common.DbConnection Ws_BancoTabajara.Infra.ORM.Tests.Initializer.EffortProviderFactory::CreateConnection(System.String)</Name>
              <FileRef uid="1" />
              <SequencePoints>
                <SequencePoint vc="0" uspid="7" ordinal="0" offset="0" sl="26" sc="9" el="26" ec="10" bec="0" bev="0" fileid="1" />
                <SequencePoint vc="0" uspid="8" ordinal="1" offset="1" sl="27" sc="13" el="27" ec="25" bec="0" bev="0" fileid="1" />
                <SequencePoint vc="0" uspid="9" ordinal="2" offset="18" sl="28" sc="13" el="28" ec="14" bec="0" bev="0" fileid="1" />
                <SequencePoint vc="0" uspid="10" ordinal="3" offset="19" sl="29" sc="17" el="29" ec="41" bec="2" bev="0" fileid="1" />
                <SequencePoint vc="0" uspid="11" ordinal="4" offset="31" sl="30" sc="17" el="30" ec="18" bec="0" bev="0" fileid="1" />
                <SequencePoint vc="0" uspid="12" ordinal="5" offset="32" sl="31" sc="21" el="31" ec="73" bec="0" bev="0" fileid="1" />
                <SequencePoint vc="0" uspid="13" ordinal="6" offset="42" sl="32" sc="17" el="32" ec="18" bec="0" bev="0" fileid="1" />
                <SequencePoint vc="0" uspid="14" ordinal="7" offset="43" sl="34" sc="17" el="34" ec="36" bec="0" bev="0" fileid="1" />
                <SequencePoint vc="0" uspid="15" ordinal="8" offset="62" sl="36" sc="9" el="36" ec="10" bec="0" bev="0" fileid="1" />
              </SequencePoints>
              <BranchPoints>
                <BranchPoint vc="0" uspid="16" ordinal="0" offset="29" sl="29" path="0" offsetend="31" fileid="1" />
                <BranchPoint vc="0" uspid="17" ordinal="1" offset="29" sl="29" path="1" offsetend="43" fileid="1" />
              </BranchPoints>
              <MethodPoint xsi:type="SequencePoint" vc="0" uspid="7" ordinal="0" offset="0" sl="26" sc="9" el="26" ec="10" bec="0" bev="0" fileid="1" />
            </Method>
            <Method visited="false" cyclomaticComplexity="1" nPathComplexity="0" sequenceCoverage="0" branchCoverage="0" crapScore="2" isConstructor="true" isStatic="false" isGetter="false" isSetter="false">
              <Summary numSequencePoints="0" visitedSequencePoints="0" numBranchPoints="0" visitedBranchPoints="0" sequenceCoverage="0" branchCoverage="0" maxCyclomaticComplexity="1" minCyclomaticComplexity="1" maxCrapScore="2" minCrapScore="2" visitedClasses="0" numClasses="0" visitedMethods="0" numMethods="0" />
              <MetadataToken>100663299</MetadataToken>
              <Name>System.Void Ws_BancoTabajara.Infra.ORM.Tests.Initializer.EffortProviderFactory::.ctor()</Name>
              <SequencePoints />
              <BranchPoints />
              <MethodPoint vc="0" uspid="18" ordinal="0" offset="0" />
            </Method>
            <Method visited="true" cyclomaticComplexity="1" nPathComplexity="0" sequenceCoverage="100" branchCoverage="100" crapScore="1" isConstructor="true" isStatic="true" isGetter="false" isSetter="false">
              <Summary numSequencePoints="1" visitedSequencePoints="1" numBranchPoints="1" visitedBranchPoints="1" sequenceCoverage="100" branchCoverage="100" maxCyclomaticComplexity="1" minCyclomaticComplexity="1" maxCrapScore="1" minCrapScore="1" visitedClasses="0" numClasses="0" visitedMethods="1" numMethods="1" />
              <MetadataToken>100663300</MetadataToken>
              <Name>System.Void Ws_BancoTabajara.Infra.ORM.Tests.Initializer.EffortProviderFactory::.cctor()</Name>
              <FileRef uid="1" />
              <SequencePoints>
                <SequencePoint vc="1" uspid="19" ordinal="0" offset="0" sl="15" sc="9" el="15" ec="61" bec="0" bev="0" fileid="1" />
              </SequencePoints>
              <BranchPoints />
              <MethodPoint xsi:type="SequencePoint" vc="1" uspid="19" ordinal="0" offset="0" sl="15" sc="9" el="15" ec="61" bec="0" bev="0" fileid="1" />
            </Method>
          </Methods>
        </Class>
        <Class>
          <Summary numSequencePoints="6" visitedSequencePoints="6" numBranchPoints="2" visitedBranchPoints="2" sequenceCoverage="100" branchCoverage="100" maxCyclomaticComplexity="1" minCyclomaticComplexity="1" maxCrapScore="2" minCrapScore="1" visitedClasses="1" numClasses="1" visitedMethods="2" numMethods="2" />
          <FullName>Ws_BancoTabajara.Infra.ORM.Tests.Initializer.EffortTestBase</FullName>
          <Methods>
            <Method visited="true" cyclomaticComplexity="1" nPathComplexity="0" sequenceCoverage="100" branchCoverage="100" crapScore="1" isConstructor="false" isStatic="false" isGetter="false" isSetter="false">
              <Summary numSequencePoints="3" visitedSequencePoints="3" numBranchPoints="1" visitedBranchPoints="1" sequenceCoverage="100" branchCoverage="100" maxCyclomaticComplexity="1" minCyclomaticComplexity="1" maxCrapScore="1" minCrapScore="1" visitedClasses="0" numClasses="0" visitedMethods="1" numMethods="1" />
              <MetadataToken>100663301</MetadataToken>
              <Name>System.Void Ws_BancoTabajara.Infra.ORM.Tests.Initializer.EffortTestBase::InitializeOneTime()</Name>
              <FileRef uid="2" />
              <SequencePoints>
                <SequencePoint vc="1" uspid="20" ordinal="0" offset="0" sl="16" sc="9" el="16" ec="10" bec="0" bev="0" fileid="2" />
                <SequencePoint vc="1" uspid="21" ordinal="1" offset="1" sl="17" sc="13" el="17" ec="60" bec="0" bev="0" fileid="2" />
                <SequencePoint vc="1" uspid="22" ordinal="2" offset="7" sl="18" sc="9" el="18" ec="10" bec="0" bev="0" fileid="2" />
              </SequencePoints>
              <BranchPoints />
              <MethodPoint xsi:type="SequencePoint" vc="1" uspid="20" ordinal="0" offset="0" sl="16" sc="9" el="16" ec="10" bec="0" bev="0" fileid="2" />
            </Method>
            <Method visited="true" cyclomaticComplexity="1" nPathComplexity="0" sequenceCoverage="100" branchCoverage="100" crapScore="1" isConstructor="false" isStatic="false" isGetter="false" isSetter="false">
              <Summary numSequencePoints="3" visitedSequencePoints="3" numBranchPoints="1" visitedBranchPoints="1" sequenceCoverage="100" branchCoverage="100" maxCyclomaticComplexity="1" minCyclomaticComplexity="1" maxCrapScore="1" minCrapScore="1" visitedClasses="0" numClasses="0" visitedMethods="1" numMethods="1" />
              <MetadataToken>100663302</MetadataToken>
              <Name>System.Void Ws_BancoTabajara.Infra.ORM.Tests.Initializer.EffortTestBase::Initialize()</Name>
              <FileRef uid="2" />
              <SequencePoints>
                <SequencePoint vc="2" uspid="23" ordinal="0" offset="0" sl="22" sc="9" el="22" ec="10" bec="0" bev="0" fileid="2" />
                <SequencePoint vc="2" uspid="24" ordinal="1" offset="1" sl="23" sc="13" el="23" ec="45" bec="0" bev="0" fileid="2" />
                <SequencePoint vc="2" uspid="25" ordinal="2" offset="7" sl="24" sc="9" el="24" ec="10" bec="0" bev="0" fileid="2" />
              </SequencePoints>
              <BranchPoints />
              <MethodPoint xsi:type="SequencePoint" vc="2" uspid="23" ordinal="0" offset="0" sl="22" sc="9" el="22" ec="10" bec="0" bev="0" fileid="2" />
            </Method>
            <Method visited="false" cyclomaticComplexity="1" nPathComplexity="0" sequenceCoverage="0" branchCoverage="0" crapScore="2" isConstructor="true" isStatic="false" isGetter="false" isSetter="false">
              <Summary numSequencePoints="0" visitedSequencePoints="0" numBranchPoints="0" visitedBranchPoints="0" sequenceCoverage="0" branchCoverage="0" maxCyclomaticComplexity="1" minCyclomaticComplexity="1" maxCrapScore="2" minCrapScore="2" visitedClasses="0" numClasses="0" visitedMethods="0" numMethods="0" />
              <MetadataToken>100663303</MetadataToken>
              <Name>System.Void Ws_BancoTabajara.Infra.ORM.Tests.Initializer.EffortTestBase::.ctor()</Name>
              <SequencePoints />
              <BranchPoints />
              <MethodPoint vc="0" uspid="26" ordinal="0" offset="0" />
            </Method>
          </Methods>
        </Class>
        <Class>
          <Summary numSequencePoints="21" visitedSequencePoints="21" numBranchPoints="3" visitedBranchPoints="3" sequenceCoverage="100" branchCoverage="100" maxCyclomaticComplexity="1" minCyclomaticComplexity="1" maxCrapScore="2" minCrapScore="1" visitedClasses="1" numClasses="1" visitedMethods="3" numMethods="3" />
          <FullName>Ws_BancoTabajara.Infra.ORM.Tests.Features.Transactions.TransactionRepositoryTests</FullName>
          <Methods>
            <Method visited="true" cyclomaticComplexity="1" nPathComplexity="0" sequenceCoverage="100" branchCoverage="100" crapScore="1" isConstructor="false" isStatic="false" isGetter="false" isSetter="false">
              <Summary numSequencePoints="10" visitedSequencePoints="10" numBranchPoints="1" visitedBranchPoints="1" sequenceCoverage="100" branchCoverage="100" maxCyclomaticComplexity="1" minCyclomaticComplexity="1" maxCrapScore="1" minCrapScore="1" visitedClasses="0" numClasses="0" visitedMethods="1" numMethods="1" />
              <MetadataToken>100663304</MetadataToken>
              <Name>System.Void Ws_BancoTabajara.Infra.ORM.Tests.Features.Transactions.TransactionRepositoryTests::Setup()</Name>
              <FileRef uid="3" />
              <SequencePoints>
                <SequencePoint vc="2" uspid="27" ordinal="0" offset="0" sl="29" sc="9" el="29" ec="10" bec="0" bev="0" fileid="3" />
                <SequencePoint vc="2" uspid="28" ordinal="1" offset="1" sl="30" sc="13" el="30" ec="46" bec="0" bev="0" fileid="3" />
                <SequencePoint vc="2" uspid="29" ordinal="2" offset="12" sl="32" sc="13" el="32" ec="94" bec="0" bev="0" fileid="3" />
                <SequencePoint vc="2" uspid="30" ordinal="3" offset="37" sl="33" sc="13" el="33" ec="54" bec="0" bev="0" fileid="3" />
                <SequencePoint vc="2" uspid="31" ordinal="4" offset="49" sl="34" sc="13" el="34" ec="63" bec="0" bev="0" fileid="3" />
                <SequencePoint vc="2" uspid="32" ordinal="5" offset="66" sl="37" sc="13" el="37" ec="78" bec="0" bev="0" fileid="3" />
                <SequencePoint vc="2" uspid="33" ordinal="6" offset="77" sl="38" sc="13" el="38" ec="86" bec="0" bev="0" fileid="3" />
                <SequencePoint vc="2" uspid="34" ordinal="7" offset="94" sl="39" sc="13" el="39" ec="76" bec="0" bev="0" fileid="3" />
                <SequencePoint vc="2" uspid="35" ordinal="8" offset="122" sl="40" sc="13" el="40" ec="36" bec="0" bev="0" fileid="3" />
                <SequencePoint vc="2" uspid="36" ordinal="9" offset="134" sl="41" sc="9" el="41" ec="10" bec="0" bev="0" fileid="3" />
              </SequencePoints>
              <BranchPoints />
              <MethodPoint xsi:type="SequencePoint" vc="2" uspid="27" ordinal="0" offset="0" sl="29" sc="9" el="29" ec="10" bec="0" bev="0" fileid="3" />
            </Method>
            <Method visited="true" cyclomaticComplexity="1" nPathComplexity="0" sequenceCoverage="100" branchCoverage="100" crapScore="1" isConstructor="false" isStatic="false" isGetter="false" isSetter="false">
              <Summary numSequencePoints="5" visitedSequencePoints="5" numBranchPoints="1" visitedBranchPoints="1" sequenceCoverage="100" branchCoverage="100" maxCyclomaticComplexity="1" minCyclomaticComplexity="1" maxCrapScore="1" minCrapScore="1" visitedClasses="0" numClasses="0" visitedMethods="1" numMethods="1" />
              <MetadataToken>100663305</MetadataToken>
              <Name>System.Void Ws_BancoTabajara.Infra.ORM.Tests.Features.Transactions.TransactionRepositoryTests::Transaction_Repository_Add_ShouldBeOk()</Name>
              <FileRef uid="3" />
              <SequencePoints>
                <SequencePoint vc="1" uspid="37" ordinal="0" offset="0" sl="45" sc="9" el="45" ec="10" bec="0" bev="0" fileid="3">
                  <TrackedMethodRefs>
                    <TrackedMethodRef uid="1" vc="1" />
                  </TrackedMethodRefs>
                </SequencePoint>
                <SequencePoint vc="1" uspid="38" ordinal="1" offset="1" sl="47" sc="13" el="47" ec="94" bec="0" bev="0" fileid="3">
                  <TrackedMethodRefs>
                    <TrackedMethodRef uid="1" vc="1" />
                  </TrackedMethodRefs>
                </SequencePoint>
                <SequencePoint vc="1" uspid="39" ordinal="2" offset="23" sl="50" sc="13" el="50" ec="74" bec="0" bev="0" fileid="3">
                  <TrackedMethodRefs>
                    <TrackedMethodRef uid="1" vc="1" />
                  </TrackedMethodRefs>
                </SequencePoint>
                <SequencePoint vc="1" uspid="40" ordinal="3" offset="41" sl="53" sc="13" el="53" ec="56" bec="0" bev="0" fileid="3">
                  <TrackedMethodRefs>
                    <TrackedMethodRef uid="1" vc="1" />
                  </TrackedMethodRefs>
                </SequencePoint>
                <SequencePoint vc="1" uspid="41" ordinal="4" offset="69" sl="54" sc="9" el="54" ec="10" bec="0" bev="0" fileid="3">
                  <TrackedMethodRefs>
                    <TrackedMethodRef uid="1" vc="1" />
                  </TrackedMethodRefs>
                </SequencePoint>
              </SequencePoints>
              <BranchPoints />
              <MethodPoint xsi:type="SequencePoint" vc="1" uspid="37" ordinal="0" offset="0" sl="45" sc="9" el="45" ec="10" bec="0" bev="0" fileid="3">
                <TrackedMethodRefs>
                  <TrackedMethodRef uid="1" vc="1" />
                </TrackedMethodRefs>
              </MethodPoint>
            </Method>
            <Method visited="true" cyclomaticComplexity="1" nPathComplexity="0" sequenceCoverage="100" branchCoverage="100" crapScore="1" isConstructor="false" isStatic="false" isGetter="false" isSetter="false">
              <Summary numSequencePoints="6" visitedSequencePoints="6" numBranchPoints="1" visitedBranchPoints="1" sequenceCoverage="100" branchCoverage="100" maxCyclomaticComplexity="1" minCyclomaticComplexity="1" maxCrapScore="1" minCrapScore="1" visitedClasses="0" numClasses="0" visitedMethods="1" numMethods="1" />
              <MetadataToken>100663306</MetadataToken>
              <Name>System.Void Ws_BancoTabajara.Infra.ORM.Tests.Features.Transactions.TransactionRepositoryTests::Transaction_Repository_GetManyByBankAccountId_ShouldBeOk()</Name>
              <FileRef uid="3" />
              <SequencePoints>
                <SequencePoint vc="1" uspid="42" ordinal="0" offset="0" sl="58" sc="9" el="58" ec="10" bec="0" bev="0" fileid="3">
                  <TrackedMethodRefs>
                    <TrackedMethodRef uid="2" vc="1" />
                  </TrackedMethodRefs>
                </SequencePoint>
                <SequencePoint vc="1" uspid="43" ordinal="1" offset="1" sl="60" sc="13" el="60" ec="112" bec="0" bev="0" fileid="3">
                  <TrackedMethodRefs>
                    <TrackedMethodRef uid="2" vc="1" />
                  </TrackedMethodRefs>
                </SequencePoint>
                <SequencePoint vc="1" uspid="44" ordinal="2" offset="34" sl="63" sc="13" el="63" ec="57" bec="0" bev="0" fileid="3">
                  <TrackedMethodRefs>
                    <TrackedMethodRef uid="2" vc="1" />
                  </TrackedMethodRefs>
                </SequencePoint>
                <SequencePoint vc="1" uspid="45" ordinal="3" offset="56" sl="64" sc="13" el="64" ec="51" bec="0" bev="0" fileid="3">
                  <TrackedMethodRefs>
                    <TrackedMethodRef uid="2" vc="1" />
                  </TrackedMethodRefs>
                </SequencePoint>
                <SequencePoint vc="1" uspid="46" ordinal="4" offset="79" sl="65" sc="13" el="65" ec="66" bec="0" bev="0" fileid="3">
                  <TrackedMethodRefs>
                    <TrackedMethodRef uid="2" vc="1" />
                  </TrackedMethodRefs>
                </SequencePoint>
                <SequencePoint vc="1" uspid="47" ordinal="5" offset="112" sl="66" sc="9" el="66" ec="10" bec="0" bev="0" fileid="3">
                  <TrackedMethodRefs>
                    <TrackedMethodRef uid="2" vc="1" />
                  </TrackedMethodRefs>
                </SequencePoint>
              </SequencePoints>
              <BranchPoints />
              <MethodPoint xsi:type="SequencePoint" vc="1" uspid="42" ordinal="0" offset="0" sl="58" sc="9" el="58" ec="10" bec="0" bev="0" fileid="3">
                <TrackedMethodRefs>
                  <TrackedMethodRef uid="2" vc="1" />
                </TrackedMethodRefs>
              </MethodPoint>
            </Method>
            <Method visited="false" cyclomaticComplexity="1" nPathComplexity="0" sequenceCoverage="0" branchCoverage="0" crapScore="2" isConstructor="true" isStatic="false" isGetter="false" isSetter="false">
              <Summary numSequencePoints="0" visitedSequencePoints="0" numBranchPoints="0" visitedBranchPoints="0" sequenceCoverage="0" branchCoverage="0" maxCyclomaticComplexity="1" minCyclomaticComplexity="1" maxCrapScore="2" minCrapScore="2" visitedClasses="0" numClasses="0" visitedMethods="0" numMethods="0" />
              <MetadataToken>100663307</MetadataToken>
              <Name>System.Void Ws_BancoTabajara.Infra.ORM.Tests.Features.Transactions.TransactionRepositoryTests::.ctor()</Name>
              <SequencePoints />
              <BranchPoints />
              <MethodPoint vc="0" uspid="48" ordinal="0" offset="0" />
            </Method>
          </Methods>
        </Class>
        <Class>
          <Summary numSequencePoints="65" visitedSequencePoints="0" numBranchPoints="13" visitedBranchPoints="0" sequenceCoverage="0" branchCoverage="0" maxCyclomaticComplexity="1" minCyclomaticComplexity="1" maxCrapScore="2" minCrapScore="2" visitedClasses="0" numClasses="1" visitedMethods="0" numMethods="13" />
          <FullName>Ws_BancoTabajara.Infra.ORM.Tests.Features.Clients.ClientRepositoryTests</FullName>
          <Methods>
            <Method visited="false" cyclomaticComplexity="1" nPathComplexity="0" sequenceCoverage="0" branchCoverage="0" crapScore="2" isConstructor="false" isStatic="false" isGetter="false" isSetter="false">
              <Summary numSequencePoints="9" visitedSequencePoints="0" numBranchPoints="1" visitedBranchPoints="0" sequenceCoverage="0" branchCoverage="0" maxCyclomaticComplexity="1" minCyclomaticComplexity="1" maxCrapScore="2" minCrapScore="2" visitedClasses="0" numClasses="0" visitedMethods="0" numMethods="1" />
              <MetadataToken>100663308</MetadataToken>
              <Name>System.Void Ws_BancoTabajara.Infra.ORM.Tests.Features.Clients.ClientRepositoryTests::Setup()</Name>
              <FileRef uid="4" />
              <SequencePoints>
                <SequencePoint vc="0" uspid="49" ordinal="0" offset="0" sl="28" sc="9" el="28" ec="10" bec="0" bev="0" fileid="4" />
                <SequencePoint vc="0" uspid="50" ordinal="1" offset="1" sl="29" sc="13" el="29" ec="36" bec="0" bev="0" fileid="4" />
                <SequencePoint vc="0" uspid="51" ordinal="2" offset="12" sl="31" sc="13" el="31" ec="94" bec="0" bev="0" fileid="4" />
                <SequencePoint vc="0" uspid="52" ordinal="3" offset="37" sl="32" sc="13" el="32" ec="54" bec="0" bev="0" fileid="4" />
                <SequencePoint vc="0" uspid="53" ordinal="4" offset="49" sl="33" sc="13" el="33" ec="58" bec="0" bev="0" fileid="4" />
                <SequencePoint vc="0" uspid="54" ordinal="5" offset="66" sl="36" sc="13" el="36" ec="63" bec="0" bev="0" fileid="4" />
                <SequencePoint vc="0" uspid="55" ordinal="6" offset="77" sl="37" sc="13" el="37" ec="47" bec="0" bev="0" fileid="4" />
                <SequencePoint vc="0" uspid="56" ordinal="7" offset="100" sl="38" sc="13" el="38" ec="36" bec="0" bev="0" fileid="4" />
                <SequencePoint vc="0" uspid="57" ordinal="8" offset="112" sl="39" sc="9" el="39" ec="10" bec="0" bev="0" fileid="4" />
              </SequencePoints>
              <BranchPoints />
              <MethodPoint xsi:type="SequencePoint" vc="0" uspid="49" ordinal="0" offset="0" sl="28" sc="9" el="28" ec="10" bec="0" bev="0" fileid="4" />
            </Method>
            <Method visited="false" cyclomaticComplexity="1" nPathComplexity="0" sequenceCoverage="0" branchCoverage="0" crapScore="2" isConstructor="false" isStatic="false" isGetter="false" isSetter="false">
              <Summary numSequencePoints="5" visitedSequencePoints="0" numBranchPoints="1" visitedBranchPoints="0" sequenceCoverage="0" branchCoverage="0" maxCyclomaticComplexity="1" minCyclomaticComplexity="1" maxCrapScore="2" minCrapScore="2" visitedClasses="0" numClasses="0" visitedMethods="0" numMethods="1" />
              <MetadataToken>100663309</MetadataToken>
              <Name>System.Void Ws_BancoTabajara.Infra.ORM.Tests.Features.Clients.ClientRepositoryTests::Client_Repository_Add_ShouldBeOk()</Name>
              <FileRef uid="4" />
              <SequencePoints>
                <SequencePoint vc="0" uspid="58" ordinal="0" offset="0" sl="43" sc="9" el="43" ec="10" bec="0" bev="0" fileid="4" />
                <SequencePoint vc="0" uspid="59" ordinal="1" offset="1" sl="45" sc="13" el="45" ec="59" bec="0" bev="0" fileid="4" />
                <SequencePoint vc="0" uspid="60" ordinal="2" offset="12" sl="48" sc="13" el="48" ec="59" bec="0" bev="0" fileid="4" />
                <SequencePoint vc="0" uspid="61" ordinal="3" offset="30" sl="51" sc="13" el="51" ec="46" bec="0" bev="0" fileid="4" />
                <SequencePoint vc="0" uspid="62" ordinal="4" offset="58" sl="52" sc="9" el="52" ec="10" bec="0" bev="0" fileid="4" />
              </SequencePoints>
              <BranchPoints />
              <MethodPoint xsi:type="SequencePoint" vc="0" uspid="58" ordinal="0" offset="0" sl="43" sc="9" el="43" ec="10" bec="0" bev="0" fileid="4" />
            </Method>
            <Method visited="false" cyclomaticComplexity="1" nPathComplexity="0" sequenceCoverage="0" branchCoverage="0" crapScore="2" isConstructor="false" isStatic="false" isGetter="false" isSetter="false">
              <Summary numSequencePoints="8" visitedSequencePoints="0" numBranchPoints="1" visitedBranchPoints="0" sequenceCoverage="0" branchCoverage="0" maxCyclomaticComplexity="1" minCyclomaticComplexity="1" maxCrapScore="2" minCrapScore="2" visitedClasses="0" numClasses="0" visitedMethods="0" numMethods="1" />
              <MetadataToken>100663310</MetadataToken>
              <Name>System.Void Ws_BancoTabajara.Infra.ORM.Tests.Features.Clients.ClientRepositoryTests::Client_Repository_Update_ShouldBeOk()</Name>
              <FileRef uid="4" />
              <SequencePoints>
                <SequencePoint vc="0" uspid="63" ordinal="0" offset="0" sl="56" sc="9" el="56" ec="10" bec="0" bev="0" fileid="4" />
                <SequencePoint vc="0" uspid="64" ordinal="1" offset="1" sl="58" sc="13" el="58" ec="24" bec="0" bev="0" fileid="4" />
                <SequencePoint vc="0" uspid="65" ordinal="2" offset="3" sl="59" sc="13" el="59" ec="47" bec="0" bev="0" fileid="4" />
                <SequencePoint vc="0" uspid="66" ordinal="3" offset="21" sl="60" sc="13" el="60" ec="36" bec="0" bev="0" fileid="4" />
                <SequencePoint vc="0" uspid="67" ordinal="4" offset="38" sl="63" sc="13" el="63" ec="62" bec="0" bev="0" fileid="4" />
                <SequencePoint vc="0" uspid="68" ordinal="5" offset="56" sl="66" sc="13" el="66" ec="45" bec="0" bev="0" fileid="4" />
                <SequencePoint vc="0" uspid="69" ordinal="6" offset="79" sl="67" sc="13" el="67" ec="66" bec="0" bev="0" fileid="4" />
                <SequencePoint vc="0" uspid="70" ordinal="7" offset="128" sl="68" sc="9" el="68" ec="10" bec="0" bev="0" fileid="4" />
              </SequencePoints>
              <BranchPoints />
              <MethodPoint xsi:type="SequencePoint" vc="0" uspid="63" ordinal="0" offset="0" sl="56" sc="9" el="56" ec="10" bec="0" bev="0" fileid="4" />
            </Method>
            <Method visited="false" cyclomaticComplexity="1" nPathComplexity="0" sequenceCoverage="0" branchCoverage="0" crapScore="2" isConstructor="false" isStatic="false" isGetter="false" isSetter="false">
              <Summary numSequencePoints="5" visitedSequencePoints="0" numBranchPoints="1" visitedBranchPoints="0" sequenceCoverage="0" branchCoverage="0" maxCyclomaticComplexity="1" minCyclomaticComplexity="1" maxCrapScore="2" minCrapScore="2" visitedClasses="0" numClasses="0" visitedMethods="0" numMethods="1" />
              <MetadataToken>100663311</MetadataToken>
              <Name>System.Void Ws_BancoTabajara.Infra.ORM.Tests.Features.Clients.ClientRepositoryTests::Client_Repository_Update_ShouldThrowIdentifierUndefinedException()</Name>
              <FileRef uid="4" />
              <SequencePoints>
                <SequencePoint vc="0" uspid="71" ordinal="0" offset="0" sl="72" sc="9" el="72" ec="10" bec="0" bev="0" fileid="4" />
                <SequencePoint vc="0" uspid="72" ordinal="1" offset="1" sl="74" sc="13" el="74" ec="59" bec="0" bev="0" fileid="4" />
                <SequencePoint vc="0" uspid="73" ordinal="2" offset="12" sl="77" sc="13" el="77" ec="60" bec="0" bev="0" fileid="4" />
                <SequencePoint vc="0" uspid="74" ordinal="3" offset="25" sl="80" sc="13" el="80" ec="64" bec="0" bev="0" fileid="4" />
                <SequencePoint vc="0" uspid="75" ordinal="4" offset="47" sl="81" sc="9" el="81" ec="10" bec="0" bev="0" fileid="4" />
              </SequencePoints>
              <BranchPoints />
              <MethodPoint xsi:type="SequencePoint" vc="0" uspid="71" ordinal="0" offset="0" sl="72" sc="9" el="72" ec="10" bec="0" bev="0" fileid="4" />
            </Method>
            <Method visited="false" cyclomaticComplexity="1" nPathComplexity="0" sequenceCoverage="0" branchCoverage="0" crapScore="2" isConstructor="false" isStatic="false" isGetter="false" isSetter="false">
              <Summary numSequencePoints="6" visitedSequencePoints="0" numBranchPoints="1" visitedBranchPoints="0" sequenceCoverage="0" branchCoverage="0" maxCyclomaticComplexity="1" minCyclomaticComplexity="1" maxCrapScore="2" minCrapScore="2" visitedClasses="0" numClasses="0" visitedMethods="0" numMethods="1" />
              <MetadataToken>100663312</MetadataToken>
              <Name>System.Void Ws_BancoTabajara.Infra.ORM.Tests.Features.Clients.ClientRepositoryTests::Client_Repository_GetById_ShouldBeOk()</Name>
              <FileRef uid="4" />
              <SequencePoints>
                <SequencePoint vc="0" uspid="76" ordinal="0" offset="0" sl="85" sc="9" el="85" ec="10" bec="0" bev="0" fileid="4" />
                <SequencePoint vc="0" uspid="77" ordinal="1" offset="1" sl="87" sc="13" el="87" ec="59" bec="0" bev="0" fileid="4" />
                <SequencePoint vc="0" uspid="78" ordinal="2" offset="12" sl="88" sc="13" el="88" ec="28" bec="0" bev="0" fileid="4" />
                <SequencePoint vc="0" uspid="79" ordinal="3" offset="25" sl="91" sc="13" el="91" ec="64" bec="0" bev="0" fileid="4" />
                <SequencePoint vc="0" uspid="80" ordinal="4" offset="48" sl="94" sc="13" el="94" ec="44" bec="0" bev="0" fileid="4" />
                <SequencePoint vc="0" uspid="81" ordinal="5" offset="76" sl="95" sc="9" el="95" ec="10" bec="0" bev="0" fileid="4" />
              </SequencePoints>
              <BranchPoints />
              <MethodPoint xsi:type="SequencePoint" vc="0" uspid="76" ordinal="0" offset="0" sl="85" sc="9" el="85" ec="10" bec="0" bev="0" fileid="4" />
            </Method>
            <Method visited="false" cyclomaticComplexity="1" nPathComplexity="0" sequenceCoverage="0" branchCoverage="0" crapScore="2" isConstructor="false" isStatic="false" isGetter="false" isSetter="false">
              <Summary numSequencePoints="5" visitedSequencePoints="0" numBranchPoints="1" visitedBranchPoints="0" sequenceCoverage="0" branchCoverage="0" maxCyclomaticComplexity="1" minCyclomaticComplexity="1" maxCrapScore="2" minCrapScore="2" visitedClasses="0" numClasses="0" visitedMethods="0" numMethods="1" />
              <MetadataToken>100663313</MetadataToken>
              <Name>System.Void Ws_BancoTabajara.Infra.ORM.Tests.Features.Clients.ClientRepositoryTests::Client_Repository_GetById_ShouldThrowIdentifierUndefinedException()</Name>
              <FileRef uid="4" />
              <SequencePoints>
                <SequencePoint vc="0" uspid="82" ordinal="0" offset="0" sl="99" sc="9" el="99" ec="10" bec="0" bev="0" fileid="4" />
                <SequencePoint vc="0" uspid="83" ordinal="1" offset="1" sl="101" sc="13" el="101" ec="59" bec="0" bev="0" fileid="4" />
                <SequencePoint vc="0" uspid="84" ordinal="2" offset="12" sl="104" sc="13" el="104" ec="64" bec="0" bev="0" fileid="4" />
                <SequencePoint vc="0" uspid="85" ordinal="3" offset="25" sl="107" sc="13" el="107" ec="64" bec="0" bev="0" fileid="4" />
                <SequencePoint vc="0" uspid="86" ordinal="4" offset="47" sl="108" sc="9" el="108" ec="10" bec="0" bev="0" fileid="4" />
              </SequencePoints>
              <BranchPoints />
              <MethodPoint xsi:type="SequencePoint" vc="0" uspid="82" ordinal="0" offset="0" sl="99" sc="9" el="99" ec="10" bec="0" bev="0" fileid="4" />
            </Method>
            <Method visited="false" cyclomaticComplexity="1" nPathComplexity="0" sequenceCoverage="0" branchCoverage="0" crapScore="2" isConstructor="false" isStatic="false" isGetter="false" isSetter="false">
              <Summary numSequencePoints="7" visitedSequencePoints="0" numBranchPoints="1" visitedBranchPoints="0" sequenceCoverage="0" branchCoverage="0" maxCyclomaticComplexity="1" minCyclomaticComplexity="1" maxCrapScore="2" minCrapScore="2" visitedClasses="0" numClasses="0" visitedMethods="0" numMethods="1" />
              <MetadataToken>100663314</MetadataToken>
              <Name>System.Void Ws_BancoTabajara.Infra.ORM.Tests.Features.Clients.ClientRepositoryTests::Client_Repository_GetAll_ShouldBeOk()</Name>
              <FileRef uid="4" />
              <SequencePoints>
                <SequencePoint vc="0" uspid="87" ordinal="0" offset="0" sl="112" sc="9" el="112" ec="10" bec="0" bev="0" fileid="4" />
                <SequencePoint vc="0" uspid="88" ordinal="1" offset="1" sl="114" sc="13" el="114" ec="30" bec="0" bev="0" fileid="4" />
                <SequencePoint vc="0" uspid="89" ordinal="2" offset="3" sl="117" sc="13" el="117" ec="56" bec="0" bev="0" fileid="4" />
                <SequencePoint vc="0" uspid="90" ordinal="3" offset="16" sl="120" sc="13" el="120" ec="42" bec="0" bev="0" fileid="4" />
                <SequencePoint vc="0" uspid="91" ordinal="4" offset="38" sl="121" sc="13" el="121" ec="43" bec="0" bev="0" fileid="4" />
                <SequencePoint vc="0" uspid="92" ordinal="5" offset="61" sl="122" sc="13" el="122" ec="54" bec="0" bev="0" fileid="4" />
                <SequencePoint vc="0" uspid="93" ordinal="6" offset="94" sl="123" sc="9" el="123" ec="10" bec="0" bev="0" fileid="4" />
              </SequencePoints>
              <BranchPoints />
              <MethodPoint xsi:type="SequencePoint" vc="0" uspid="87" ordinal="0" offset="0" sl="112" sc="9" el="112" ec="10" bec="0" bev="0" fileid="4" />
            </Method>
            <Method visited="false" cyclomaticComplexity="1" nPathComplexity="0" sequenceCoverage="0" branchCoverage="0" crapScore="2" isConstructor="false" isStatic="false" isGetter="false" isSetter="false">
              <Summary numSequencePoints="6" visitedSequencePoints="0" numBranchPoints="1" visitedBranchPoints="0" sequenceCoverage="0" branchCoverage="0" maxCyclomaticComplexity="1" minCyclomaticComplexity="1" maxCrapScore="2" minCrapScore="2" visitedClasses="0" numClasses="0" visitedMethods="0" numMethods="1" />
              <MetadataToken>100663315</MetadataToken>
              <Name>System.Void Ws_BancoTabajara.Infra.ORM.Tests.Features.Clients.ClientRepositoryTests::Client_Repository_GetAllWithoutQuantity_ShouldBeOk()</Name>
              <FileRef uid="4" />
              <SequencePoints>
                <SequencePoint vc="0" uspid="94" ordinal="0" offset="0" sl="127" sc="9" el="127" ec="10" bec="0" bev="0" fileid="4" />
                <SequencePoint vc="0" uspid="95" ordinal="1" offset="1" sl="129" sc="13" el="129" ec="30" bec="0" bev="0" fileid="4" />
                <SequencePoint vc="0" uspid="96" ordinal="2" offset="3" sl="132" sc="13" el="132" ec="56" bec="0" bev="0" fileid="4" />
                <SequencePoint vc="0" uspid="97" ordinal="3" offset="16" sl="135" sc="13" el="135" ec="42" bec="0" bev="0" fileid="4" />
                <SequencePoint vc="0" uspid="98" ordinal="4" offset="38" sl="136" sc="13" el="136" ec="54" bec="0" bev="0" fileid="4" />
                <SequencePoint vc="0" uspid="99" ordinal="5" offset="71" sl="137" sc="9" el="137" ec="10" bec="0" bev="0" fileid="4" />
              </SequencePoints>
              <BranchPoints />
              <MethodPoint xsi:type="SequencePoint" vc="0" uspid="94" ordinal="0" offset="0" sl="127" sc="9" el="127" ec="10" bec="0" bev="0" fileid="4" />
            </Method>
            <Method visited="false" cyclomaticComplexity="1" nPathComplexity="0" sequenceCoverage="0" branchCoverage="0" crapScore="2" isConstructor="false" isStatic="false" isGetter="false" isSetter="false">
              <Summary numSequencePoints="6" visitedSequencePoints="0" numBranchPoints="1" visitedBranchPoints="0" sequenceCoverage="0" branchCoverage="0" maxCyclomaticComplexity="1" minCyclomaticComplexity="1" maxCrapScore="2" minCrapScore="2" visitedClasses="0" numClasses="0" visitedMethods="0" numMethods="1" />
              <MetadataToken>100663316</MetadataToken>
              <Name>System.Void Ws_BancoTabajara.Infra.ORM.Tests.Features.Clients.ClientRepositoryTests::Client_Repository_Remove_ShouldBeOk()</Name>
              <FileRef uid="4" />
              <SequencePoints>
                <SequencePoint vc="0" uspid="100" ordinal="0" offset="0" sl="141" sc="9" el="141" ec="10" bec="0" bev="0" fileid="4" />
                <SequencePoint vc="0" uspid="101" ordinal="1" offset="1" sl="143" sc="13" el="143" ec="59" bec="0" bev="0" fileid="4" />
                <SequencePoint vc="0" uspid="102" ordinal="2" offset="12" sl="144" sc="13" el="144" ec="28" bec="0" bev="0" fileid="4" />
                <SequencePoint vc="0" uspid="103" ordinal="3" offset="25" sl="147" sc="13" el="147" ec="65" bec="0" bev="0" fileid="4" />
                <SequencePoint vc="0" uspid="104" ordinal="4" offset="48" sl="150" sc="13" el="150" ec="45" bec="0" bev="0" fileid="4" />
                <SequencePoint vc="0" uspid="105" ordinal="5" offset="70" sl="151" sc="9" el="151" ec="10" bec="0" bev="0" fileid="4" />
              </SequencePoints>
              <BranchPoints />
              <MethodPoint xsi:type="SequencePoint" vc="0" uspid="100" ordinal="0" offset="0" sl="141" sc="9" el="141" ec="10" bec="0" bev="0" fileid="4" />
            </Method>
            <Method visited="false" cyclomaticComplexity="1" nPathComplexity="0" sequenceCoverage="0" branchCoverage="0" crapScore="2" isConstructor="false" isStatic="false" isGetter="false" isSetter="false">
              <Summary numSequencePoints="5" visitedSequencePoints="0" numBranchPoints="1" visitedBranchPoints="0" sequenceCoverage="0" branchCoverage="0" maxCyclomaticComplexity="1" minCyclomaticComplexity="1" maxCrapScore="2" minCrapScore="2" visitedClasses="0" numClasses="0" visitedMethods="0" numMethods="1" />
              <MetadataToken>100663317</MetadataToken>
              <Name>System.Void Ws_BancoTabajara.Infra.ORM.Tests.Features.Clients.ClientRepositoryTests::Client_Repository_Remove_ShouldThrowIdentifierUndefinedException()</Name>
              <FileRef uid="4" />
              <SequencePoints>
                <SequencePoint vc="0" uspid="106" ordinal="0" offset="0" sl="155" sc="9" el="155" ec="10" bec="0" bev="0" fileid="4" />
                <SequencePoint vc="0" uspid="107" ordinal="1" offset="1" sl="157" sc="13" el="157" ec="59" bec="0" bev="0" fileid="4" />
                <SequencePoint vc="0" uspid="108" ordinal="2" offset="12" sl="160" sc="13" el="160" ec="63" bec="0" bev="0" fileid="4" />
                <SequencePoint vc="0" uspid="109" ordinal="3" offset="25" sl="163" sc="13" el="163" ec="64" bec="0" bev="0" fileid="4" />
                <SequencePoint vc="0" uspid="110" ordinal="4" offset="47" sl="164" sc="9" el="164" ec="10" bec="0" bev="0" fileid="4" />
              </SequencePoints>
              <BranchPoints />
              <MethodPoint xsi:type="SequencePoint" vc="0" uspid="106" ordinal="0" offset="0" sl="155" sc="9" el="155" ec="10" bec="0" bev="0" fileid="4" />
            </Method>
            <Method visited="false" cyclomaticComplexity="1" nPathComplexity="0" sequenceCoverage="0" branchCoverage="0" crapScore="2" isConstructor="true" isStatic="false" isGetter="false" isSetter="false">
              <Summary numSequencePoints="0" visitedSequencePoints="0" numBranchPoints="0" visitedBranchPoints="0" sequenceCoverage="0" branchCoverage="0" maxCyclomaticComplexity="1" minCyclomaticComplexity="1" maxCrapScore="2" minCrapScore="2" visitedClasses="0" numClasses="0" visitedMethods="0" numMethods="0" />
              <MetadataToken>100663318</MetadataToken>
              <Name>System.Void Ws_BancoTabajara.Infra.ORM.Tests.Features.Clients.ClientRepositoryTests::.ctor()</Name>
              <SequencePoints />
              <BranchPoints />
              <MethodPoint vc="0" uspid="111" ordinal="0" offset="0" />
            </Method>
            <Method visited="false" cyclomaticComplexity="1" nPathComplexity="0" sequenceCoverage="0" branchCoverage="0" crapScore="2" isConstructor="false" isStatic="false" isGetter="false" isSetter="false">
              <Summary numSequencePoints="1" visitedSequencePoints="0" numBranchPoints="1" visitedBranchPoints="0" sequenceCoverage="0" branchCoverage="0" maxCyclomaticComplexity="1" minCyclomaticComplexity="1" maxCrapScore="2" minCrapScore="2" visitedClasses="0" numClasses="0" visitedMethods="0" numMethods="1" />
              <MetadataToken>100663319</MetadataToken>
              <Name>System.Void Ws_BancoTabajara.Infra.ORM.Tests.Features.Clients.ClientRepositoryTests::&lt;Client_Repository_Update_ShouldThrowIdentifierUndefinedException&gt;b__7_0()</Name>
              <FileRef uid="4" />
              <SequencePoints>
                <SequencePoint vc="0" uspid="112" ordinal="0" offset="0" sl="77" sc="32" el="77" ec="59" bec="0" bev="0" fileid="4" />
              </SequencePoints>
              <BranchPoints />
              <MethodPoint xsi:type="SequencePoint" vc="0" uspid="112" ordinal="0" offset="0" sl="77" sc="32" el="77" ec="59" bec="0" bev="0" fileid="4" />
            </Method>
            <Method visited="false" cyclomaticComplexity="1" nPathComplexity="0" sequenceCoverage="0" branchCoverage="0" crapScore="2" isConstructor="false" isStatic="false" isGetter="false" isSetter="false">
              <Summary numSequencePoints="1" visitedSequencePoints="0" numBranchPoints="1" visitedBranchPoints="0" sequenceCoverage="0" branchCoverage="0" maxCyclomaticComplexity="1" minCyclomaticComplexity="1" maxCrapScore="2" minCrapScore="2" visitedClasses="0" numClasses="0" visitedMethods="0" numMethods="1" />
              <MetadataToken>100663320</MetadataToken>
              <Name>System.Void Ws_BancoTabajara.Infra.ORM.Tests.Features.Clients.ClientRepositoryTests::&lt;Client_Repository_GetById_ShouldThrowIdentifierUndefinedException&gt;b__9_0()</Name>
              <FileRef uid="4" />
              <SequencePoints>
                <SequencePoint vc="0" uspid="113" ordinal="0" offset="0" sl="104" sc="32" el="104" ec="63" bec="0" bev="0" fileid="4" />
              </SequencePoints>
              <BranchPoints />
              <MethodPoint xsi:type="SequencePoint" vc="0" uspid="113" ordinal="0" offset="0" sl="104" sc="32" el="104" ec="63" bec="0" bev="0" fileid="4" />
            </Method>
            <Method visited="false" cyclomaticComplexity="1" nPathComplexity="0" sequenceCoverage="0" branchCoverage="0" crapScore="2" isConstructor="false" isStatic="false" isGetter="false" isSetter="false">
              <Summary numSequencePoints="1" visitedSequencePoints="0" numBranchPoints="1" visitedBranchPoints="0" sequenceCoverage="0" branchCoverage="0" maxCyclomaticComplexity="1" minCyclomaticComplexity="1" maxCrapScore="2" minCrapScore="2" visitedClasses="0" numClasses="0" visitedMethods="0" numMethods="1" />
              <MetadataToken>100663321</MetadataToken>
              <Name>System.Void Ws_BancoTabajara.Infra.ORM.Tests.Features.Clients.ClientRepositoryTests::&lt;Client_Repository_Remove_ShouldThrowIdentifierUndefinedException&gt;b__13_0()</Name>
              <FileRef uid="4" />
              <SequencePoints>
                <SequencePoint vc="0" uspid="114" ordinal="0" offset="0" sl="160" sc="32" el="160" ec="62" bec="0" bev="0" fileid="4" />
              </SequencePoints>
              <BranchPoints />
              <MethodPoint xsi:type="SequencePoint" vc="0" uspid="114" ordinal="0" offset="0" sl="160" sc="32" el="160" ec="62" bec="0" bev="0" fileid="4" />
            </Method>
          </Methods>
        </Class>
        <Class>
          <Summary numSequencePoints="61" visitedSequencePoints="0" numBranchPoints="11" visitedBranchPoints="0" sequenceCoverage="0" branchCoverage="0" maxCyclomaticComplexity="1" minCyclomaticComplexity="1" maxCrapScore="2" minCrapScore="2" visitedClasses="0" numClasses="1" visitedMethods="0" numMethods="11" />
          <FullName>Ws_BancoTabajara.Infra.ORM.Tests.Features.BankAccounts.BankAccountRepositoryTests</FullName>
          <Methods>
            <Method visited="false" cyclomaticComplexity="1" nPathComplexity="0" sequenceCoverage="0" branchCoverage="0" crapScore="2" isConstructor="false" isStatic="false" isGetter="false" isSetter="false">
              <Summary numSequencePoints="9" visitedSequencePoints="0" numBranchPoints="1" visitedBranchPoints="0" sequenceCoverage="0" branchCoverage="0" maxCyclomaticComplexity="1" minCyclomaticComplexity="1" maxCrapScore="2" minCrapScore="2" visitedClasses="0" numClasses="0" visitedMethods="0" numMethods="1" />
              <MetadataToken>100663322</MetadataToken>
              <Name>System.Void Ws_BancoTabajara.Infra.ORM.Tests.Features.BankAccounts.BankAccountRepositoryTests::Setup()</Name>
              <FileRef uid="5" />
              <SequencePoints>
                <SequencePoint vc="0" uspid="115" ordinal="0" offset="0" sl="28" sc="9" el="28" ec="10" bec="0" bev="0" fileid="5" />
                <SequencePoint vc="0" uspid="116" ordinal="1" offset="1" sl="29" sc="13" el="29" ec="94" bec="0" bev="0" fileid="5" />
                <SequencePoint vc="0" uspid="117" ordinal="2" offset="26" sl="30" sc="13" el="30" ec="54" bec="0" bev="0" fileid="5" />
                <SequencePoint vc="0" uspid="118" ordinal="3" offset="38" sl="31" sc="13" el="31" ec="63" bec="0" bev="0" fileid="5" />
                <SequencePoint vc="0" uspid="119" ordinal="4" offset="55" sl="32" sc="13" el="32" ec="71" bec="0" bev="0" fileid="5" />
                <SequencePoint vc="0" uspid="120" ordinal="5" offset="66" sl="34" sc="13" el="34" ec="78" bec="0" bev="0" fileid="5" />
                <SequencePoint vc="0" uspid="121" ordinal="6" offset="77" sl="35" sc="13" el="35" ec="57" bec="0" bev="0" fileid="5" />
                <SequencePoint vc="0" uspid="122" ordinal="7" offset="100" sl="36" sc="13" el="36" ec="36" bec="0" bev="0" fileid="5" />
                <SequencePoint vc="0" uspid="123" ordinal="8" offset="112" sl="37" sc="9" el="37" ec="10" bec="0" bev="0" fileid="5" />
              </SequencePoints>
              <BranchPoints />
              <MethodPoint xsi:type="SequencePoint" vc="0" uspid="115" ordinal="0" offset="0" sl="28" sc="9" el="28" ec="10" bec="0" bev="0" fileid="5" />
            </Method>
            <Method visited="false" cyclomaticComplexity="1" nPathComplexity="0" sequenceCoverage="0" branchCoverage="0" crapScore="2" isConstructor="false" isStatic="false" isGetter="false" isSetter="false">
              <Summary numSequencePoints="5" visitedSequencePoints="0" numBranchPoints="1" visitedBranchPoints="0" sequenceCoverage="0" branchCoverage="0" maxCyclomaticComplexity="1" minCyclomaticComplexity="1" maxCrapScore="2" minCrapScore="2" visitedClasses="0" numClasses="0" visitedMethods="0" numMethods="1" />
              <MetadataToken>100663323</MetadataToken>
              <Name>System.Void Ws_BancoTabajara.Infra.ORM.Tests.Features.BankAccounts.BankAccountRepositoryTests::BankAccount_Repository_Add_ShouldBeOk()</Name>
              <FileRef uid="5" />
              <SequencePoints>
                <SequencePoint vc="0" uspid="124" ordinal="0" offset="0" sl="41" sc="9" el="41" ec="10" bec="0" bev="0" fileid="5" />
                <SequencePoint vc="0" uspid="125" ordinal="1" offset="1" sl="43" sc="13" el="43" ec="71" bec="0" bev="0" fileid="5" />
                <SequencePoint vc="0" uspid="126" ordinal="2" offset="19" sl="46" sc="13" el="46" ec="56" bec="0" bev="0" fileid="5" />
                <SequencePoint vc="0" uspid="127" ordinal="3" offset="41" sl="47" sc="13" el="47" ec="61" bec="0" bev="0" fileid="5" />
                <SequencePoint vc="0" uspid="128" ordinal="4" offset="69" sl="48" sc="9" el="48" ec="10" bec="0" bev="0" fileid="5" />
              </SequencePoints>
              <BranchPoints />
              <MethodPoint xsi:type="SequencePoint" vc="0" uspid="124" ordinal="0" offset="0" sl="41" sc="9" el="41" ec="10" bec="0" bev="0" fileid="5" />
            </Method>
            <Method visited="false" cyclomaticComplexity="1" nPathComplexity="0" sequenceCoverage="0" branchCoverage="0" crapScore="2" isConstructor="false" isStatic="false" isGetter="false" isSetter="false">
              <Summary numSequencePoints="7" visitedSequencePoints="0" numBranchPoints="1" visitedBranchPoints="0" sequenceCoverage="0" branchCoverage="0" maxCyclomaticComplexity="1" minCyclomaticComplexity="1" maxCrapScore="2" minCrapScore="2" visitedClasses="0" numClasses="0" visitedMethods="0" numMethods="1" />
              <MetadataToken>100663324</MetadataToken>
              <Name>System.Void Ws_BancoTabajara.Infra.ORM.Tests.Features.BankAccounts.BankAccountRepositoryTests::BankAccount_Repository_GetAll_ShouldBeOk()</Name>
              <FileRef uid="5" />
              <SequencePoints>
                <SequencePoint vc="0" uspid="129" ordinal="0" offset="0" sl="52" sc="9" el="52" ec="10" bec="0" bev="0" fileid="5" />
                <SequencePoint vc="0" uspid="130" ordinal="1" offset="1" sl="54" sc="13" el="54" ec="30" bec="0" bev="0" fileid="5" />
                <SequencePoint vc="0" uspid="131" ordinal="2" offset="3" sl="57" sc="13" el="57" ec="70" bec="0" bev="0" fileid="5" />
                <SequencePoint vc="0" uspid="132" ordinal="3" offset="21" sl="60" sc="13" el="60" ec="47" bec="0" bev="0" fileid="5" />
                <SequencePoint vc="0" uspid="133" ordinal="4" offset="43" sl="61" sc="13" el="61" ec="76" bec="0" bev="0" fileid="5" />
                <SequencePoint vc="0" uspid="134" ordinal="5" offset="81" sl="62" sc="13" el="62" ec="60" bec="0" bev="0" fileid="5" />
                <SequencePoint vc="0" uspid="135" ordinal="6" offset="114" sl="63" sc="9" el="63" ec="10" bec="0" bev="0" fileid="5" />
              </SequencePoints>
              <BranchPoints />
              <MethodPoint xsi:type="SequencePoint" vc="0" uspid="129" ordinal="0" offset="0" sl="52" sc="9" el="52" ec="10" bec="0" bev="0" fileid="5" />
            </Method>
            <Method visited="false" cyclomaticComplexity="1" nPathComplexity="0" sequenceCoverage="0" branchCoverage="0" crapScore="2" isConstructor="false" isStatic="false" isGetter="false" isSetter="false">
              <Summary numSequencePoints="5" visitedSequencePoints="0" numBranchPoints="1" visitedBranchPoints="0" sequenceCoverage="0" branchCoverage="0" maxCyclomaticComplexity="1" minCyclomaticComplexity="1" maxCrapScore="2" minCrapScore="2" visitedClasses="0" numClasses="0" visitedMethods="0" numMethods="1" />
              <MetadataToken>100663325</MetadataToken>
              <Name>System.Void Ws_BancoTabajara.Infra.ORM.Tests.Features.BankAccounts.BankAccountRepositoryTests::BankAccount_Repository_GetById_ShouldBeOk()</Name>
              <FileRef uid="5" />
              <SequencePoints>
                <SequencePoint vc="0" uspid="136" ordinal="0" offset="0" sl="67" sc="9" el="67" ec="10" bec="0" bev="0" fileid="5" />
                <SequencePoint vc="0" uspid="137" ordinal="1" offset="1" sl="69" sc="13" el="69" ec="74" bec="0" bev="0" fileid="5" />
                <SequencePoint vc="0" uspid="138" ordinal="2" offset="24" sl="72" sc="13" el="72" ec="52" bec="0" bev="0" fileid="5" />
                <SequencePoint vc="0" uspid="139" ordinal="3" offset="46" sl="73" sc="13" el="73" ec="57" bec="0" bev="0" fileid="5" />
                <SequencePoint vc="0" uspid="140" ordinal="4" offset="74" sl="74" sc="9" el="74" ec="10" bec="0" bev="0" fileid="5" />
              </SequencePoints>
              <BranchPoints />
              <MethodPoint xsi:type="SequencePoint" vc="0" uspid="136" ordinal="0" offset="0" sl="67" sc="9" el="67" ec="10" bec="0" bev="0" fileid="5" />
            </Method>
            <Method visited="false" cyclomaticComplexity="1" nPathComplexity="0" sequenceCoverage="0" branchCoverage="0" crapScore="2" isConstructor="false" isStatic="false" isGetter="false" isSetter="false">
              <Summary numSequencePoints="5" visitedSequencePoints="0" numBranchPoints="1" visitedBranchPoints="0" sequenceCoverage="0" branchCoverage="0" maxCyclomaticComplexity="1" minCyclomaticComplexity="1" maxCrapScore="2" minCrapScore="2" visitedClasses="0" numClasses="0" visitedMethods="0" numMethods="1" />
              <MetadataToken>100663326</MetadataToken>
              <Name>System.Void Ws_BancoTabajara.Infra.ORM.Tests.Features.BankAccounts.BankAccountRepositoryTests::BankAccount_Repository_GetById_ShouldThrowNotFoundException()</Name>
              <FileRef uid="5" />
              <SequencePoints>
                <SequencePoint vc="0" uspid="141" ordinal="0" offset="13" sl="78" sc="9" el="78" ec="10" bec="0" bev="0" fileid="5" />
                <SequencePoint vc="0" uspid="142" ordinal="1" offset="14" sl="80" sc="13" el="80" ec="33" bec="0" bev="0" fileid="5" />
                <SequencePoint vc="0" uspid="143" ordinal="2" offset="22" sl="83" sc="13" el="83" ec="64" bec="0" bev="0" fileid="5" />
                <SequencePoint vc="0" uspid="144" ordinal="3" offset="35" sl="86" sc="13" el="86" ec="53" bec="0" bev="0" fileid="5" />
                <SequencePoint vc="0" uspid="145" ordinal="4" offset="57" sl="87" sc="9" el="87" ec="10" bec="0" bev="0" fileid="5" />
              </SequencePoints>
              <BranchPoints />
              <MethodPoint vc="0" uspid="146" ordinal="0" offset="0" />
            </Method>
            <Method visited="false" cyclomaticComplexity="1" nPathComplexity="0" sequenceCoverage="0" branchCoverage="0" crapScore="2" isConstructor="false" isStatic="false" isGetter="false" isSetter="false">
              <Summary numSequencePoints="5" visitedSequencePoints="0" numBranchPoints="1" visitedBranchPoints="0" sequenceCoverage="0" branchCoverage="0" maxCyclomaticComplexity="1" minCyclomaticComplexity="1" maxCrapScore="2" minCrapScore="2" visitedClasses="0" numClasses="0" visitedMethods="0" numMethods="1" />
              <MetadataToken>100663327</MetadataToken>
              <Name>System.Void Ws_BancoTabajara.Infra.ORM.Tests.Features.BankAccounts.BankAccountRepositoryTests::BankAccount_Repository_Remove_ShouldBeOk()</Name>
              <FileRef uid="5" />
              <SequencePoints>
                <SequencePoint vc="0" uspid="147" ordinal="0" offset="0" sl="91" sc="9" el="91" ec="10" bec="0" bev="0" fileid="5" />
                <SequencePoint vc="0" uspid="148" ordinal="1" offset="1" sl="93" sc="13" el="93" ec="66" bec="0" bev="0" fileid="5" />
                <SequencePoint vc="0" uspid="149" ordinal="2" offset="24" sl="96" sc="13" el="96" ec="42" bec="0" bev="0" fileid="5" />
                <SequencePoint vc="0" uspid="150" ordinal="3" offset="46" sl="97" sc="13" el="97" ec="105" bec="0" bev="0" fileid="5" />
                <SequencePoint vc="0" uspid="151" ordinal="4" offset="201" sl="98" sc="9" el="98" ec="10" bec="0" bev="0" fileid="5" />
              </SequencePoints>
              <BranchPoints />
              <MethodPoint xsi:type="SequencePoint" vc="0" uspid="147" ordinal="0" offset="0" sl="91" sc="9" el="91" ec="10" bec="0" bev="0" fileid="5" />
            </Method>
            <Method visited="false" cyclomaticComplexity="1" nPathComplexity="0" sequenceCoverage="0" branchCoverage="0" crapScore="2" isConstructor="false" isStatic="false" isGetter="false" isSetter="false">
              <Summary numSequencePoints="5" visitedSequencePoints="0" numBranchPoints="1" visitedBranchPoints="0" sequenceCoverage="0" branchCoverage="0" maxCyclomaticComplexity="1" minCyclomaticComplexity="1" maxCrapScore="2" minCrapScore="2" visitedClasses="0" numClasses="0" visitedMethods="0" numMethods="1" />
              <MetadataToken>100663328</MetadataToken>
              <Name>System.Void Ws_BancoTabajara.Infra.ORM.Tests.Features.BankAccounts.BankAccountRepositoryTests::BankAccount_Repository_Remove_ShouldThrowIdentifierUndefinedException()</Name>
              <FileRef uid="5" />
              <SequencePoints>
                <SequencePoint vc="0" uspid="152" ordinal="0" offset="13" sl="102" sc="9" el="102" ec="10" bec="0" bev="0" fileid="5" />
                <SequencePoint vc="0" uspid="153" ordinal="1" offset="14" sl="104" sc="13" el="104" ec="33" bec="0" bev="0" fileid="5" />
                <SequencePoint vc="0" uspid="154" ordinal="2" offset="21" sl="107" sc="13" el="107" ec="64" bec="0" bev="0" fileid="5" />
                <SequencePoint vc="0" uspid="155" ordinal="3" offset="34" sl="110" sc="13" el="110" ec="64" bec="0" bev="0" fileid="5" />
                <SequencePoint vc="0" uspid="156" ordinal="4" offset="56" sl="111" sc="9" el="111" ec="10" bec="0" bev="0" fileid="5" />
              </SequencePoints>
              <BranchPoints />
              <MethodPoint vc="0" uspid="157" ordinal="0" offset="0" />
            </Method>
            <Method visited="false" cyclomaticComplexity="1" nPathComplexity="0" sequenceCoverage="0" branchCoverage="0" crapScore="2" isConstructor="false" isStatic="false" isGetter="false" isSetter="false">
              <Summary numSequencePoints="5" visitedSequencePoints="0" numBranchPoints="1" visitedBranchPoints="0" sequenceCoverage="0" branchCoverage="0" maxCyclomaticComplexity="1" minCyclomaticComplexity="1" maxCrapScore="2" minCrapScore="2" visitedClasses="0" numClasses="0" visitedMethods="0" numMethods="1" />
              <MetadataToken>100663329</MetadataToken>
              <Name>System.Void Ws_BancoTabajara.Infra.ORM.Tests.Features.BankAccounts.BankAccountRepositoryTests::BankAccount_Repository_Remove_ShouldThrowNotFoundException()</Name>
              <FileRef uid="5" />
              <SequencePoints>
                <SequencePoint vc="0" uspid="158" ordinal="0" offset="13" sl="115" sc="9" el="115" ec="10" bec="0" bev="0" fileid="5" />
                <SequencePoint vc="0" uspid="159" ordinal="1" offset="14" sl="117" sc="13" el="117" ec="33" bec="0" bev="0" fileid="5" />
                <SequencePoint vc="0" uspid="160" ordinal="2" offset="22" sl="120" sc="13" el="120" ec="63" bec="0" bev="0" fileid="5" />
                <SequencePoint vc="0" uspid="161" ordinal="3" offset="35" sl="123" sc="13" el="123" ec="53" bec="0" bev="0" fileid="5" />
                <SequencePoint vc="0" uspid="162" ordinal="4" offset="57" sl="124" sc="9" el="124" ec="10" bec="0" bev="0" fileid="5" />
              </SequencePoints>
              <BranchPoints />
              <MethodPoint vc="0" uspid="163" ordinal="0" offset="0" />
            </Method>
            <Method visited="false" cyclomaticComplexity="1" nPathComplexity="0" sequenceCoverage="0" branchCoverage="0" crapScore="2" isConstructor="false" isStatic="false" isGetter="false" isSetter="false">
              <Summary numSequencePoints="8" visitedSequencePoints="0" numBranchPoints="1" visitedBranchPoints="0" sequenceCoverage="0" branchCoverage="0" maxCyclomaticComplexity="1" minCyclomaticComplexity="1" maxCrapScore="2" minCrapScore="2" visitedClasses="0" numClasses="0" visitedMethods="0" numMethods="1" />
              <MetadataToken>100663330</MetadataToken>
              <Name>System.Void Ws_BancoTabajara.Infra.ORM.Tests.Features.BankAccounts.BankAccountRepositoryTests::BankAccount_Repository_Update_ShouldBeOk()</Name>
              <FileRef uid="5" />
              <SequencePoints>
                <SequencePoint vc="0" uspid="164" ordinal="0" offset="0" sl="128" sc="9" el="128" ec="10" bec="0" bev="0" fileid="5" />
                <SequencePoint vc="0" uspid="165" ordinal="1" offset="1" sl="130" sc="13" el="130" ec="29" bec="0" bev="0" fileid="5" />
                <SequencePoint vc="0" uspid="166" ordinal="2" offset="3" sl="131" sc="13" el="131" ec="57" bec="0" bev="0" fileid="5" />
                <SequencePoint vc="0" uspid="167" ordinal="3" offset="21" sl="132" sc="13" el="132" ec="37" bec="0" bev="0" fileid="5" />
                <SequencePoint vc="0" uspid="168" ordinal="4" offset="34" sl="135" sc="13" el="135" ec="63" bec="0" bev="0" fileid="5" />
                <SequencePoint vc="0" uspid="169" ordinal="5" offset="52" sl="138" sc="13" el="138" ec="42" bec="0" bev="0" fileid="5" />
                <SequencePoint vc="0" uspid="170" ordinal="6" offset="74" sl="139" sc="13" el="139" ec="78" bec="0" bev="0" fileid="5" />
                <SequencePoint vc="0" uspid="171" ordinal="7" offset="123" sl="140" sc="9" el="140" ec="10" bec="0" bev="0" fileid="5" />
              </SequencePoints>
              <BranchPoints />
              <MethodPoint xsi:type="SequencePoint" vc="0" uspid="164" ordinal="0" offset="0" sl="128" sc="9" el="128" ec="10" bec="0" bev="0" fileid="5" />
            </Method>
            <Method visited="false" cyclomaticComplexity="1" nPathComplexity="0" sequenceCoverage="0" branchCoverage="0" crapScore="2" isConstructor="false" isStatic="false" isGetter="false" isSetter="false">
              <Summary numSequencePoints="6" visitedSequencePoints="0" numBranchPoints="1" visitedBranchPoints="0" sequenceCoverage="0" branchCoverage="0" maxCyclomaticComplexity="1" minCyclomaticComplexity="1" maxCrapScore="2" minCrapScore="2" visitedClasses="0" numClasses="0" visitedMethods="0" numMethods="1" />
              <MetadataToken>100663331</MetadataToken>
              <Name>System.Void Ws_BancoTabajara.Infra.ORM.Tests.Features.BankAccounts.BankAccountRepositoryTests::BankAccount_Repository_Update_ShouldThrowIdentifierUndefinedException()</Name>
              <FileRef uid="5" />
              <SequencePoints>
                <SequencePoint vc="0" uspid="172" ordinal="0" offset="0" sl="144" sc="9" el="144" ec="10" bec="0" bev="0" fileid="5" />
                <SequencePoint vc="0" uspid="173" ordinal="1" offset="1" sl="146" sc="13" el="146" ec="33" bec="0" bev="0" fileid="5" />
                <SequencePoint vc="0" uspid="174" ordinal="2" offset="3" sl="147" sc="13" el="147" ec="43" bec="0" bev="0" fileid="5" />
                <SequencePoint vc="0" uspid="175" ordinal="3" offset="16" sl="150" sc="13" el="150" ec="65" bec="0" bev="0" fileid="5" />
                <SequencePoint vc="0" uspid="176" ordinal="4" offset="29" sl="153" sc="13" el="153" ec="64" bec="0" bev="0" fileid="5" />
                <SequencePoint vc="0" uspid="177" ordinal="5" offset="51" sl="154" sc="9" el="154" ec="10" bec="0" bev="0" fileid="5" />
              </SequencePoints>
              <BranchPoints />
              <MethodPoint xsi:type="SequencePoint" vc="0" uspid="172" ordinal="0" offset="0" sl="144" sc="9" el="144" ec="10" bec="0" bev="0" fileid="5" />
            </Method>
            <Method visited="false" cyclomaticComplexity="1" nPathComplexity="0" sequenceCoverage="0" branchCoverage="0" crapScore="2" isConstructor="true" isStatic="false" isGetter="false" isSetter="false">
              <Summary numSequencePoints="0" visitedSequencePoints="0" numBranchPoints="0" visitedBranchPoints="0" sequenceCoverage="0" branchCoverage="0" maxCyclomaticComplexity="1" minCyclomaticComplexity="1" maxCrapScore="2" minCrapScore="2" visitedClasses="0" numClasses="0" visitedMethods="0" numMethods="0" />
              <MetadataToken>100663332</MetadataToken>
              <Name>System.Void Ws_BancoTabajara.Infra.ORM.Tests.Features.BankAccounts.BankAccountRepositoryTests::.ctor()</Name>
              <SequencePoints />
              <BranchPoints />
              <MethodPoint vc="0" uspid="178" ordinal="0" offset="0" />
            </Method>
            <Method visited="false" cyclomaticComplexity="1" nPathComplexity="0" sequenceCoverage="0" branchCoverage="0" crapScore="2" isConstructor="false" isStatic="false" isGetter="false" isSetter="false">
              <Summary numSequencePoints="1" visitedSequencePoints="0" numBranchPoints="1" visitedBranchPoints="0" sequenceCoverage="0" branchCoverage="0" maxCyclomaticComplexity="1" minCyclomaticComplexity="1" maxCrapScore="2" minCrapScore="2" visitedClasses="0" numClasses="0" visitedMethods="0" numMethods="1" />
              <MetadataToken>100663333</MetadataToken>
              <Name>System.Void Ws_BancoTabajara.Infra.ORM.Tests.Features.BankAccounts.BankAccountRepositoryTests::&lt;BankAccount_Repository_Update_ShouldThrowIdentifierUndefinedException&gt;b__13_0()</Name>
              <FileRef uid="5" />
              <SequencePoints>
                <SequencePoint vc="0" uspid="179" ordinal="0" offset="0" sl="150" sc="32" el="150" ec="64" bec="0" bev="0" fileid="5" />
              </SequencePoints>
              <BranchPoints />
              <MethodPoint xsi:type="SequencePoint" vc="0" uspid="179" ordinal="0" offset="0" sl="150" sc="32" el="150" ec="64" bec="0" bev="0" fileid="5" />
            </Method>
          </Methods>
        </Class>
        <Class>
          <Summary numSequencePoints="1" visitedSequencePoints="0" numBranchPoints="1" visitedBranchPoints="0" sequenceCoverage="0" branchCoverage="0" maxCyclomaticComplexity="1" minCyclomaticComplexity="1" maxCrapScore="2" minCrapScore="2" visitedClasses="0" numClasses="1" visitedMethods="0" numMethods="1" />
          <FullName>Ws_BancoTabajara.Infra.ORM.Tests.Features.BankAccounts.BankAccountRepositoryTests/&lt;&gt;c__DisplayClass8_0</FullName>
          <Methods>
            <Method visited="false" cyclomaticComplexity="1" nPathComplexity="0" sequenceCoverage="0" branchCoverage="0" crapScore="2" isConstructor="true" isStatic="false" isGetter="false" isSetter="false">
              <Summary numSequencePoints="0" visitedSequencePoints="0" numBranchPoints="0" visitedBranchPoints="0" sequenceCoverage="0" branchCoverage="0" maxCyclomaticComplexity="1" minCyclomaticComplexity="1" maxCrapScore="2" minCrapScore="2" visitedClasses="0" numClasses="0" visitedMethods="0" numMethods="0" />
              <MetadataToken>100663335</MetadataToken>
              <Name>System.Void Ws_BancoTabajara.Infra.ORM.Tests.Features.BankAccounts.BankAccountRepositoryTests/&lt;&gt;c__DisplayClass8_0::.ctor()</Name>
              <SequencePoints />
              <BranchPoints />
              <MethodPoint vc="0" uspid="180" ordinal="0" offset="0" />
            </Method>
            <Method visited="false" cyclomaticComplexity="1" nPathComplexity="0" sequenceCoverage="0" branchCoverage="0" crapScore="2" isConstructor="false" isStatic="false" isGetter="false" isSetter="false">
              <Summary numSequencePoints="1" visitedSequencePoints="0" numBranchPoints="1" visitedBranchPoints="0" sequenceCoverage="0" branchCoverage="0" maxCyclomaticComplexity="1" minCyclomaticComplexity="1" maxCrapScore="2" minCrapScore="2" visitedClasses="0" numClasses="0" visitedMethods="0" numMethods="1" />
              <MetadataToken>100663336</MetadataToken>
              <Name>System.Void Ws_BancoTabajara.Infra.ORM.Tests.Features.BankAccounts.BankAccountRepositoryTests/&lt;&gt;c__DisplayClass8_0::&lt;BankAccount_Repository_GetById_ShouldThrowNotFoundException&gt;b__0()</Name>
              <FileRef uid="5" />
              <SequencePoints>
                <SequencePoint vc="0" uspid="181" ordinal="0" offset="0" sl="83" sc="32" el="83" ec="63" bec="0" bev="0" fileid="5" />
              </SequencePoints>
              <BranchPoints />
              <MethodPoint xsi:type="SequencePoint" vc="0" uspid="181" ordinal="0" offset="0" sl="83" sc="32" el="83" ec="63" bec="0" bev="0" fileid="5" />
            </Method>
          </Methods>
        </Class>
        <Class>
          <Summary numSequencePoints="1" visitedSequencePoints="0" numBranchPoints="1" visitedBranchPoints="0" sequenceCoverage="0" branchCoverage="0" maxCyclomaticComplexity="1" minCyclomaticComplexity="1" maxCrapScore="2" minCrapScore="2" visitedClasses="0" numClasses="1" visitedMethods="0" numMethods="1" />
          <FullName>Ws_BancoTabajara.Infra.ORM.Tests.Features.BankAccounts.BankAccountRepositoryTests/&lt;&gt;c__DisplayClass10_0</FullName>
          <Methods>
            <Method visited="false" cyclomaticComplexity="1" nPathComplexity="0" sequenceCoverage="0" branchCoverage="0" crapScore="2" isConstructor="true" isStatic="false" isGetter="false" isSetter="false">
              <Summary numSequencePoints="0" visitedSequencePoints="0" numBranchPoints="0" visitedBranchPoints="0" sequenceCoverage="0" branchCoverage="0" maxCyclomaticComplexity="1" minCyclomaticComplexity="1" maxCrapScore="2" minCrapScore="2" visitedClasses="0" numClasses="0" visitedMethods="0" numMethods="0" />
              <MetadataToken>100663337</MetadataToken>
              <Name>System.Void Ws_BancoTabajara.Infra.ORM.Tests.Features.BankAccounts.BankAccountRepositoryTests/&lt;&gt;c__DisplayClass10_0::.ctor()</Name>
              <SequencePoints />
              <BranchPoints />
              <MethodPoint vc="0" uspid="182" ordinal="0" offset="0" />
            </Method>
            <Method visited="false" cyclomaticComplexity="1" nPathComplexity="0" sequenceCoverage="0" branchCoverage="0" crapScore="2" isConstructor="false" isStatic="false" isGetter="false" isSetter="false">
              <Summary numSequencePoints="1" visitedSequencePoints="0" numBranchPoints="1" visitedBranchPoints="0" sequenceCoverage="0" branchCoverage="0" maxCyclomaticComplexity="1" minCyclomaticComplexity="1" maxCrapScore="2" minCrapScore="2" visitedClasses="0" numClasses="0" visitedMethods="0" numMethods="1" />
              <MetadataToken>100663338</MetadataToken>
              <Name>System.Void Ws_BancoTabajara.Infra.ORM.Tests.Features.BankAccounts.BankAccountRepositoryTests/&lt;&gt;c__DisplayClass10_0::&lt;BankAccount_Repository_Remove_ShouldThrowIdentifierUndefinedException&gt;b__0()</Name>
              <FileRef uid="5" />
              <SequencePoints>
                <SequencePoint vc="0" uspid="183" ordinal="0" offset="0" sl="107" sc="32" el="107" ec="63" bec="0" bev="0" fileid="5" />
              </SequencePoints>
              <BranchPoints />
              <MethodPoint xsi:type="SequencePoint" vc="0" uspid="183" ordinal="0" offset="0" sl="107" sc="32" el="107" ec="63" bec="0" bev="0" fileid="5" />
            </Method>
          </Methods>
        </Class>
        <Class>
          <Summary numSequencePoints="1" visitedSequencePoints="0" numBranchPoints="1" visitedBranchPoints="0" sequenceCoverage="0" branchCoverage="0" maxCyclomaticComplexity="1" minCyclomaticComplexity="1" maxCrapScore="2" minCrapScore="2" visitedClasses="0" numClasses="1" visitedMethods="0" numMethods="1" />
          <FullName>Ws_BancoTabajara.Infra.ORM.Tests.Features.BankAccounts.BankAccountRepositoryTests/&lt;&gt;c__DisplayClass11_0</FullName>
          <Methods>
            <Method visited="false" cyclomaticComplexity="1" nPathComplexity="0" sequenceCoverage="0" branchCoverage="0" crapScore="2" isConstructor="true" isStatic="false" isGetter="false" isSetter="false">
              <Summary numSequencePoints="0" visitedSequencePoints="0" numBranchPoints="0" visitedBranchPoints="0" sequenceCoverage="0" branchCoverage="0" maxCyclomaticComplexity="1" minCyclomaticComplexity="1" maxCrapScore="2" minCrapScore="2" visitedClasses="0" numClasses="0" visitedMethods="0" numMethods="0" />
              <MetadataToken>100663339</MetadataToken>
              <Name>System.Void Ws_BancoTabajara.Infra.ORM.Tests.Features.BankAccounts.BankAccountRepositoryTests/&lt;&gt;c__DisplayClass11_0::.ctor()</Name>
              <SequencePoints />
              <BranchPoints />
              <MethodPoint vc="0" uspid="184" ordinal="0" offset="0" />
            </Method>
            <Method visited="false" cyclomaticComplexity="1" nPathComplexity="0" sequenceCoverage="0" branchCoverage="0" crapScore="2" isConstructor="false" isStatic="false" isGetter="false" isSetter="false">
              <Summary numSequencePoints="1" visitedSequencePoints="0" numBranchPoints="1" visitedBranchPoints="0" sequenceCoverage="0" branchCoverage="0" maxCyclomaticComplexity="1" minCyclomaticComplexity="1" maxCrapScore="2" minCrapScore="2" visitedClasses="0" numClasses="0" visitedMethods="0" numMethods="1" />
              <MetadataToken>100663340</MetadataToken>
              <Name>System.Void Ws_BancoTabajara.Infra.ORM.Tests.Features.BankAccounts.BankAccountRepositoryTests/&lt;&gt;c__DisplayClass11_0::&lt;BankAccount_Repository_Remove_ShouldThrowNotFoundException&gt;b__0()</Name>
              <FileRef uid="5" />
              <SequencePoints>
                <SequencePoint vc="0" uspid="185" ordinal="0" offset="0" sl="120" sc="32" el="120" ec="62" bec="0" bev="0" fileid="5" />
              </SequencePoints>
              <BranchPoints />
              <MethodPoint xsi:type="SequencePoint" vc="0" uspid="185" ordinal="0" offset="0" sl="120" sc="32" el="120" ec="62" bec="0" bev="0" fileid="5" />
            </Method>
          </Methods>
        </Class>
        <Class>
          <Summary numSequencePoints="3" visitedSequencePoints="3" numBranchPoints="1" visitedBranchPoints="1" sequenceCoverage="100" branchCoverage="100" maxCyclomaticComplexity="1" minCyclomaticComplexity="1" maxCrapScore="1" minCrapScore="1" visitedClasses="1" numClasses="1" visitedMethods="1" numMethods="1" />
          <FullName>Ws_BancoTabajara.Infra.ORM.Tests.Context.FakeDbContext</FullName>
          <Methods>
            <Method visited="true" cyclomaticComplexity="1" nPathComplexity="0" sequenceCoverage="100" branchCoverage="100" crapScore="1" isConstructor="true" isStatic="false" isGetter="false" isSetter="false">
              <Summary numSequencePoints="3" visitedSequencePoints="3" numBranchPoints="1" visitedBranchPoints="1" sequenceCoverage="100" branchCoverage="100" maxCyclomaticComplexity="1" minCyclomaticComplexity="1" maxCrapScore="1" minCrapScore="1" visitedClasses="0" numClasses="0" visitedMethods="1" numMethods="1" />
              <MetadataToken>100663334</MetadataToken>
              <Name>System.Void Ws_BancoTabajara.Infra.ORM.Tests.Context.FakeDbContext::.ctor(System.Data.Common.DbConnection)</Name>
              <FileRef uid="9" />
              <SequencePoints>
                <SequencePoint vc="2" uspid="186" ordinal="0" offset="0" sl="13" sc="57" el="13" ec="73" bec="0" bev="0" fileid="9" />
                <SequencePoint vc="2" uspid="187" ordinal="1" offset="8" sl="14" sc="9" el="14" ec="10" bec="0" bev="0" fileid="9" />
                <SequencePoint vc="2" uspid="188" ordinal="2" offset="9" sl="16" sc="9" el="16" ec="10" bec="0" bev="0" fileid="9" />
              </SequencePoints>
              <BranchPoints />
              <MethodPoint xsi:type="SequencePoint" vc="2" uspid="186" ordinal="0" offset="0" sl="13" sc="57" el="13" ec="73" bec="0" bev="0" fileid="9" />
            </Method>
          </Methods>
        </Class>
      </Classes>
      <TrackedMethods>
        <TrackedMethod uid="1" token="100663305" name="System.Void Ws_BancoTabajara.Infra.ORM.Tests.Features.Transactions.TransactionRepositoryTests::Transaction_Repository_Add_ShouldBeOk()" strategy="NUnitTest" />
        <TrackedMethod uid="2" token="100663306" name="System.Void Ws_BancoTabajara.Infra.ORM.Tests.Features.Transactions.TransactionRepositoryTests::Transaction_Repository_GetManyByBankAccountId_ShouldBeOk()" strategy="NUnitTest" />
        <TrackedMethod uid="3" token="100663309" name="System.Void Ws_BancoTabajara.Infra.ORM.Tests.Features.Clients.ClientRepositoryTests::Client_Repository_Add_ShouldBeOk()" strategy="NUnitTest" />
        <TrackedMethod uid="4" token="100663310" name="System.Void Ws_BancoTabajara.Infra.ORM.Tests.Features.Clients.ClientRepositoryTests::Client_Repository_Update_ShouldBeOk()" strategy="NUnitTest" />
        <TrackedMethod uid="5" token="100663311" name="System.Void Ws_BancoTabajara.Infra.ORM.Tests.Features.Clients.ClientRepositoryTests::Client_Repository_Update_ShouldThrowIdentifierUndefinedException()" strategy="NUnitTest" />
        <TrackedMethod uid="6" token="100663312" name="System.Void Ws_BancoTabajara.Infra.ORM.Tests.Features.Clients.ClientRepositoryTests::Client_Repository_GetById_ShouldBeOk()" strategy="NUnitTest" />
        <TrackedMethod uid="7" token="100663313" name="System.Void Ws_BancoTabajara.Infra.ORM.Tests.Features.Clients.ClientRepositoryTests::Client_Repository_GetById_ShouldThrowIdentifierUndefinedException()" strategy="NUnitTest" />
        <TrackedMethod uid="8" token="100663314" name="System.Void Ws_BancoTabajara.Infra.ORM.Tests.Features.Clients.ClientRepositoryTests::Client_Repository_GetAll_ShouldBeOk()" strategy="NUnitTest" />
        <TrackedMethod uid="9" token="100663315" name="System.Void Ws_BancoTabajara.Infra.ORM.Tests.Features.Clients.ClientRepositoryTests::Client_Repository_GetAllWithoutQuantity_ShouldBeOk()" strategy="NUnitTest" />
        <TrackedMethod uid="10" token="100663316" name="System.Void Ws_BancoTabajara.Infra.ORM.Tests.Features.Clients.ClientRepositoryTests::Client_Repository_Remove_ShouldBeOk()" strategy="NUnitTest" />
[...]
            </Method>
            <Method visited="false" cyclomaticComplexity="1" nPathComplexity="0" sequenceCoverage="0" branchCoverage="0" crapScore="2" isConstructor="false" isStatic="true" isGetter="false" isSetter="false">
              <Summary numSequencePoints="3" visitedSequencePoints="0" numBranchPoints="1" visitedBranchPoints="0" sequenceCoverage="0" branchCoverage="0" maxCyclomaticComplexity="1" minCyclomaticComplexity="1" maxCrapScore="2" minCrapScore="2" visitedClasses="0" numClasses="0" visitedMethods="0" numMethods="1" />
              <MetadataToken>100663304</MetadataToken>
              <Name>Ws_BancoTabajara.Domain.Features.BankAccounts.BankAccount Ws_BancoTabajara.Common.Tests.Base.ObjectMother::BankAccountWithClientWithAnotherId(Ws_BancoTabajara.Domain.Features.Clients.Client)</Name>
              <FileRef uid="83" />
              <SequencePoints>
                <SequencePoint vc="0" uspid="626" ordinal="0" offset="0" sl="102" sc="9" el="102" ec="10" bec="0" bev="0" fileid="83" />
                <SequencePoint vc="0" uspid="627" ordinal="1" offset="1" sl="103" sc="13" el="111" ec="15" bec="0" bev="0" fileid="83" />
                <SequencePoint vc="0" uspid="628" ordinal="2" offset="78" sl="112" sc="9" el="112" ec="10" bec="0" bev="0" fileid="83" />
              </SequencePoints>
              <BranchPoints />
              <MethodPoint xsi:type="SequencePoint" vc="0" uspid="626" ordinal="0" offset="0" sl="102" sc="9" el="102" ec="10" bec="0" bev="0" fileid="83" />
            </Method>
            <Method visited="false" cyclomaticComplexity="1" nPathComplexity="0" sequenceCoverage="0" branchCoverage="0" crapScore="2" isConstructor="false" isStatic="true" isGetter="false" isSetter="false">
              <Summary numSequencePoints="3" visitedSequencePoints="0" numBranchPoints="1" visitedBranchPoints="0" sequenceCoverage="0" branchCoverage="0" maxCyclomaticComplexity="1" minCyclomaticComplexity="1" maxCrapScore="2" minCrapScore="2" visitedClasses="0" numClasses="0" visitedMethods="0" numMethods="1" />
              <MetadataToken>100663305</MetadataToken>
              <Name>Ws_BancoTabajara.Domain.Features.BankAccounts.BankAccount Ws_BancoTabajara.Common.Tests.Base.ObjectMother::BankAccountWithClientWithId(Ws_BancoTabajara.Domain.Features.Clients.Client)</Name>
              <FileRef uid="83" />
              <SequencePoints>
                <SequencePoint vc="0" uspid="629" ordinal="0" offset="0" sl="115" sc="9" el="115" ec="10" bec="0" bev="0" fileid="83" />
                <SequencePoint vc="0" uspid="630" ordinal="1" offset="1" sl="116" sc="13" el="124" ec="15" bec="0" bev="0" fileid="83" />
                <SequencePoint vc="0" uspid="631" ordinal="2" offset="77" sl="125" sc="9" el="125" ec="10" bec="0" bev="0" fileid="83" />
              </SequencePoints>
              <BranchPoints />
              <MethodPoint xsi:type="SequencePoint" vc="0" uspid="629" ordinal="0" offset="0" sl="115" sc="9" el="115" ec="10" bec="0" bev="0" fileid="83" />
            </Method>
            <Method visited="true" cyclomaticComplexity="1" nPathComplexity="0" sequenceCoverage="100" branchCoverage="100" crapScore="1" isConstructor="false" isStatic="true" isGetter="false" isSetter="false">
              <Summary numSequencePoints="3" visitedSequencePoints="3" numBranchPoints="1" visitedBranchPoints="1" sequenceCoverage="100" branchCoverage="100" maxCyclomaticComplexity="1" minCyclomaticComplexity="1" maxCrapScore="1" minCrapScore="1" visitedClasses="0" numClasses="0" visitedMethods="1" numMethods="1" />
              <MetadataToken>100663306</MetadataToken>
              <Name>Ws_BancoTabajara.Domain.Features.Clients.Client Ws_BancoTabajara.Common.Tests.Base.ObjectMother::ValidClientWithoutId()</Name>
              <FileRef uid="83" />
              <SequencePoints>
                <SequencePoint vc="2" uspid="632" ordinal="0" offset="0" sl="130" sc="9" el="130" ec="10" bec="0" bev="0" fileid="83" />
                <SequencePoint vc="2" uspid="633" ordinal="1" offset="1" sl="131" sc="13" el="137" ec="15" bec="0" bev="0" fileid="83" />
                <SequencePoint vc="2" uspid="634" ordinal="2" offset="67" sl="138" sc="9" el="138" ec="10" bec="0" bev="0" fileid="83" />
              </SequencePoints>
              <BranchPoints />
              <MethodPoint xsi:type="SequencePoint" vc="2" uspid="632" ordinal="0" offset="0" sl="130" sc="9" el="130" ec="10" bec="0" bev="0" fileid="83" />
            </Method>
            <Method visited="false" cyclomaticComplexity="1" nPathComplexity="0" sequenceCoverage="0" branchCoverage="0" crapScore="2" isConstructor="false" isStatic="true" isGetter="false" isSetter="false">
              <Summary numSequencePoints="3" visitedSequencePoints="0" numBranchPoints="1" visitedBranchPoints="0" sequenceCoverage="0" branchCoverage="0" maxCyclomaticComplexity="1" minCyclomaticComplexity="1" maxCrapScore="2" minCrapScore="2" visitedClasses="0" numClasses="0" visitedMethods="0" numMethods="1" />
              <MetadataToken>100663307</MetadataToken>
              <Name>Ws_BancoTabajara.Domain.Features.Clients.Client Ws_BancoTabajara.Common.Tests.Base.ObjectMother::ValidClientWithId()</Name>
              <FileRef uid="83" />
              <SequencePoints>
                <SequencePoint vc="0" uspid="635" ordinal="0" offset="0" sl="141" sc="9" el="141" ec="10" bec="0" bev="0" fileid="83" />
                <SequencePoint vc="0" uspid="636" ordinal="1" offset="1" sl="142" sc="13" el="149" ec="15" bec="0" bev="0" fileid="83" />
                <SequencePoint vc="0" uspid="637" ordinal="2" offset="75" sl="150" sc="9" el="150" ec="10" bec="0" bev="0" fileid="83" />
              </SequencePoints>
              <BranchPoints />
              <MethodPoint xsi:type="SequencePoint" vc="0" uspid="635" ordinal="0" offset="0" sl="141" sc="9" el="141" ec="10" bec="0" bev="0" fileid="83" />
            </Method>
            <Method visited="false" cyclomaticComplexity="1" nPathComplexity="0" sequenceCoverage="0" branchCoverage="0" crapScore="2" isConstructor="false" isStatic="true" isGetter="false" isSetter="false">
              <Summary numSequencePoints="3" visitedSequencePoints="0" numBranchPoints="1" visitedBranchPoints="0" sequenceCoverage="0" branchCoverage="0" maxCyclomaticComplexity="1" minCyclomaticComplexity="1" maxCrapScore="2" minCrapScore="2" visitedClasses="0" numClasses="0" visitedMethods="0" numMethods="1" />
              <MetadataToken>100663308</MetadataToken>
              <Name>Ws_BancoTabajara.Domain.Features.Clients.Client Ws_BancoTabajara.Common.Tests.Base.ObjectMother::ClientEmptyName()</Name>
              <FileRef uid="83" />
              <SequencePoints>
                <SequencePoint vc="0" uspid="638" ordinal="0" offset="0" sl="153" sc="9" el="153" ec="10" bec="0" bev="0" fileid="83" />
                <SequencePoint vc="0" uspid="639" ordinal="1" offset="1" sl="154" sc="13" el="159" ec="15" bec="0" bev="0" fileid="83" />
                <SequencePoint vc="0" uspid="640" ordinal="2" offset="55" sl="160" sc="9" el="160" ec="10" bec="0" bev="0" fileid="83" />
              </SequencePoints>
              <BranchPoints />
              <MethodPoint xsi:type="SequencePoint" vc="0" uspid="638" ordinal="0" offset="0" sl="153" sc="9" el="153" ec="10" bec="0" bev="0" fileid="83" />
            </Method>
            <Method visited="false" cyclomaticComplexity="1" nPathComplexity="0" sequenceCoverage="0" branchCoverage="0" crapScore="2" isConstructor="false" isStatic="true" isGetter="false" isSetter="false">
              <Summary numSequencePoints="3" visitedSequencePoints="0" numBranchPoints="1" visitedBranchPoints="0" sequenceCoverage="0" branchCoverage="0" maxCyclomaticComplexity="1" minCyclomaticComplexity="1" maxCrapScore="2" minCrapScore="2" visitedClasses="0" numClasses="0" visitedMethods="0" numMethods="1" />
              <MetadataToken>100663309</MetadataToken>
              <Name>Ws_BancoTabajara.Domain.Features.Clients.Client Ws_BancoTabajara.Common.Tests.Base.ObjectMother::ClientNameOverflow()</Name>
              <FileRef uid="83" />
              <SequencePoints>
                <SequencePoint vc="0" uspid="641" ordinal="0" offset="0" sl="163" sc="9" el="163" ec="10" bec="0" bev="0" fileid="83" />
                <SequencePoint vc="0" uspid="642" ordinal="1" offset="1" sl="164" sc="13" el="170" ec="15" bec="0" bev="0" fileid="83" />
                <SequencePoint vc="0" uspid="643" ordinal="2" offset="67" sl="171" sc="9" el="171" ec="10" bec="0" bev="0" fileid="83" />
              </SequencePoints>
              <BranchPoints />
              <MethodPoint xsi:type="SequencePoint" vc="0" uspid="641" ordinal="0" offset="0" sl="163" sc="9" el="163" ec="10" bec="0" bev="0" fileid="83" />
            </Method>
            <Method visited="false" cyclomaticComplexity="1" nPathComplexity="0" sequenceCoverage="0" branchCoverage="0" crapScore="2" isConstructor="false" isStatic="true" isGetter="false" isSetter="false">
              <Summary numSequencePoints="3" visitedSequencePoints="0" numBranchPoints="1" visitedBranchPoints="0" sequenceCoverage="0" branchCoverage="0" maxCyclomaticComplexity="1" minCyclomaticComplexity="1" maxCrapScore="2" minCrapScore="2" visitedClasses="0" numClasses="0" visitedMethods="0" numMethods="1" />
              <MetadataToken>100663310</MetadataToken>
              <Name>Ws_BancoTabajara.Domain.Features.Clients.Client Ws_BancoTabajara.Common.Tests.Base.ObjectMother::ClientEmptyCPF()</Name>
              <FileRef uid="83" />
              <SequencePoints>
                <SequencePoint vc="0" uspid="644" ordinal="0" offset="0" sl="174" sc="9" el="174" ec="10" bec="0" bev="0" fileid="83" />
                <SequencePoint vc="0" uspid="645" ordinal="1" offset="1" sl="175" sc="13" el="180" ec="15" bec="0" bev="0" fileid="83" />
                <SequencePoint vc="0" uspid="646" ordinal="2" offset="55" sl="181" sc="9" el="181" ec="10" bec="0" bev="0" fileid="83" />
              </SequencePoints>
              <BranchPoints />
              <MethodPoint xsi:type="SequencePoint" vc="0" uspid="644" ordinal="0" offset="0" sl="174" sc="9" el="174" ec="10" bec="0" bev="0" fileid="83" />
            </Method>
            <Method visited="false" cyclomaticComplexity="1" nPathComplexity="0" sequenceCoverage="0" branchCoverage="0" crapScore="2" isConstructor="false" isStatic="true" isGetter="false" isSetter="false">
              <Summary numSequencePoints="3" visitedSequencePoints="0" numBranchPoints="1" visitedBranchPoints="0" sequenceCoverage="0" branchCoverage="0" maxCyclomaticComplexity="1" minCyclomaticComplexity="1" maxCrapScore="2" minCrapScore="2" visitedClasses="0" numClasses="0" visitedMethods="0" numMethods="1" />
              <MetadataToken>100663311</MetadataToken>
              <Name>Ws_BancoTabajara.Domain.Features.Clients.Client Ws_BancoTabajara.Common.Tests.Base.ObjectMother::ClientCPFOverflow()</Name>
              <FileRef uid="83" />
              <SequencePoints>
                <SequencePoint vc="0" uspid="647" ordinal="0" offset="0" sl="184" sc="9" el="184" ec="10" bec="0" bev="0" fileid="83" />
                <SequencePoint vc="0" uspid="648" ordinal="1" offset="1" sl="185" sc="13" el="191" ec="15" bec="0" bev="0" fileid="83" />
                <SequencePoint vc="0" uspid="649" ordinal="2" offset="67" sl="192" sc="9" el="192" ec="10" bec="0" bev="0" fileid="83" />
              </SequencePoints>
              <BranchPoints />
              <MethodPoint xsi:type="SequencePoint" vc="0" uspid="647" ordinal="0" offset="0" sl="184" sc="9" el="184" ec="10" bec="0" bev="0" fileid="83" />
            </Method>
            <Method visited="false" cyclomaticComplexity="1" nPathComplexity="0" sequenceCoverage="0" branchCoverage="0" crapScore="2" isConstructor="false" isStatic="true" isGetter="false" isSetter="false">
              <Summary numSequencePoints="3" visitedSequencePoints="0" numBranchPoints="1" visitedBranchPoints="0" sequenceCoverage="0" branchCoverage="0" maxCyclomaticComplexity="1" minCyclomaticComplexity="1" maxCrapScore="2" minCrapScore="2" visitedClasses="0" numClasses="0" visitedMethods="0" numMethods="1" />
              <MetadataToken>100663312</MetadataToken>
              <Name>Ws_BancoTabajara.Domain.Features.Clients.Client Ws_BancoTabajara.Common.Tests.Base.ObjectMother::ClientEmptyRG()</Name>
              <FileRef uid="83" />
              <SequencePoints>
                <SequencePoint vc="0" uspid="650" ordinal="0" offset="0" sl="195" sc="9" el="195" ec="10" bec="0" bev="0" fileid="83" />
                <SequencePoint vc="0" uspid="651" ordinal="1" offset="1" sl="196" sc="13" el="201" ec="15" bec="0" bev="0" fileid="83" />
                <SequencePoint vc="0" uspid="652" ordinal="2" offset="55" sl="202" sc="9" el="202" ec="10" bec="0" bev="0" fileid="83" />
              </SequencePoints>
              <BranchPoints />
              <MethodPoint xsi:type="SequencePoint" vc="0" uspid="650" ordinal="0" offset="0" sl="195" sc="9" el="195" ec="10" bec="0" bev="0" fileid="83" />
            </Method>
            <Method visited="false" cyclomaticComplexity="1" nPathComplexity="0" sequenceCoverage="0" branchCoverage="0" crapScore="2" isConstructor="false" isStatic="true" isGetter="false" isSetter="false">
              <Summary numSequencePoints="3" visitedSequencePoints="0" numBranchPoints="1" visitedBranchPoints="0" sequenceCoverage="0" branchCoverage="0" maxCyclomaticComplexity="1" minCyclomaticComplexity="1" maxCrapScore="2" minCrapScore="2" visitedClasses="0" numClasses="0" visitedMethods="0" numMethods="1" />
              <MetadataToken>100663313</MetadataToken>
              <Name>Ws_BancoTabajara.Domain.Features.Clients.Client Ws_BancoTabajara.Common.Tests.Base.ObjectMother::ClientRGOverflow()</Name>
              <FileRef uid="83" />
              <SequencePoints>
                <SequencePoint vc="0" uspid="653" ordinal="0" offset="0" sl="205" sc="9" el="205" ec="10" bec="0" bev="0" fileid="83" />
                <SequencePoint vc="0" uspid="654" ordinal="1" offset="1" sl="206" sc="13" el="212" ec="15" bec="0" bev="0" fileid="83" />
                <SequencePoint vc="0" uspid="655" ordinal="2" offset="67" sl="213" sc="9" el="213" ec="10" bec="0" bev="0" fileid="83" />
              </SequencePoints>
              <BranchPoints />
              <MethodPoint xsi:type="SequencePoint" vc="0" uspid="653" ordinal="0" offset="0" sl="205" sc="9" el="205" ec="10" bec="0" bev="0" fileid="83" />
            </Method>
            <Method visited="true" cyclomaticComplexity="1" nPathComplexity="0" sequenceCoverage="100" branchCoverage="100" crapScore="1" isConstructor="false" isStatic="true" isGetter="false" isSetter="false">
              <Summary numSequencePoints="3" visitedSequencePoints="3" numBranchPoints="1" visitedBranchPoints="1" sequenceCoverage="100" branchCoverage="100" maxCyclomaticComplexity="1" minCyclomaticComplexity="1" maxCrapScore="1" minCrapScore="1" visitedClasses="0" numClasses="0" visitedMethods="1" numMethods="1" />
              <MetadataToken>100663314</MetadataToken>
              <Name>Ws_BancoTabajara.Domain.Features.Transactions.Transaction Ws_BancoTabajara.Common.Tests.Base.ObjectMother::ValidCreditTransaction(Ws_BancoTabajara.Domain.Features.BankAccounts.BankAccount)</Name>
              <FileRef uid="83" />
              <SequencePoints>
                <SequencePoint vc="3" uspid="656" ordinal="0" offset="0" sl="219" sc="9" el="219" ec="10" bec="0" bev="0" fileid="83">
                  <TrackedMethodRefs>
                    <TrackedMethodRef uid="1" vc="1" />
                  </TrackedMethodRefs>
                </SequencePoint>
                <SequencePoint vc="3" uspid="657" ordinal="1" offset="1" sl="220" sc="13" el="226" ec="15" bec="0" bev="0" fileid="83">
                  <TrackedMethodRefs>
                    <TrackedMethodRef uid="1" vc="1" />
                  </TrackedMethodRefs>
                </SequencePoint>
                <SequencePoint vc="3" uspid="658" ordinal="2" offset="53" sl="227" sc="9" el="227" ec="10" bec="0" bev="0" fileid="83">
                  <TrackedMethodRefs>
                    <TrackedMethodRef uid="1" vc="1" />
                  </TrackedMethodRefs>
                </SequencePoint>
              </SequencePoints>
              <BranchPoints />
              <MethodPoint xsi:type="SequencePoint" vc="3" uspid="656" ordinal="0" offset="0" sl="219" sc="9" el="219" ec="10" bec="0" bev="0" fileid="83">
                <TrackedMethodRefs>
                  <TrackedMethodRef uid="1" vc="1" />
                </TrackedMethodRefs>
              </MethodPoint>
            </Method>
            <Method visited="false" cyclomaticComplexity="1" nPathComplexity="0" sequenceCoverage="0" branchCoverage="0" crapScore="2" isConstructor="false" isStatic="true" isGetter="false" isSetter="false">
              <Summary numSequencePoints="3" visitedSequencePoints="0" numBranchPoints="1" visitedBranchPoints="0" sequenceCoverage="0" branchCoverage="0" maxCyclomaticComplexity="1" minCyclomaticComplexity="1" maxCrapScore="2" minCrapScore="2" visitedClasses="0" numClasses="0" visitedMethods="0" numMethods="1" />
              <MetadataToken>100663315</MetadataToken>
              <Name>Ws_BancoTabajara.Domain.Features.Transactions.Transaction Ws_BancoTabajara.Common.Tests.Base.ObjectMother::TransactionInvalidValue(Ws_BancoTabajara.Domain.Features.BankAccounts.BankAccount)</Name>
              <FileRef uid="83" />
              <SequencePoints>
                <SequencePoint vc="0" uspid="659" ordinal="0" offset="0" sl="230" sc="9" el="230" ec="10" bec="0" bev="0" fileid="83" />
                <SequencePoint vc="0" uspid="660" ordinal="1" offset="1" sl="231" sc="13" el="237" ec="15" bec="0" bev="0" fileid="83" />
                <SequencePoint vc="0" uspid="661" ordinal="2" offset="53" sl="238" sc="9" el="238" ec="10" bec="0" bev="0" fileid="83" />
              </SequencePoints>
              <BranchPoints />
              <MethodPoint xsi:type="SequencePoint" vc="0" uspid="659" ordinal="0" offset="0" sl="230" sc="9" el="230" ec="10" bec="0" bev="0" fileid="83" />
            </Method>
            <Method visited="false" cyclomaticComplexity="1" nPathComplexity="0" sequenceCoverage="0" branchCoverage="0" crapScore="2" isConstructor="false" isStatic="true" isGetter="false" isSetter="false">
              <Summary numSequencePoints="3" visitedSequencePoints="0" numBranchPoints="1" visitedBranchPoints="0" sequenceCoverage="0" branchCoverage="0" maxCyclomaticComplexity="1" minCyclomaticComplexity="1" maxCrapScore="2" minCrapScore="2" visitedClasses="0" numClasses="0" visitedMethods="0" numMethods="1" />
              <MetadataToken>100663316</MetadataToken>
              <Name>Ws_BancoTabajara.Domain.Features.Transactions.Transaction Ws_BancoTabajara.Common.Tests.Base.ObjectMother::TransactionWithoutBankAccount()</Name>
              <FileRef uid="83" />
              <SequencePoints>
                <SequencePoint vc="0" uspid="662" ordinal="0" offset="0" sl="241" sc="9" el="241" ec="10" bec="0" bev="0" fileid="83" />
                <SequencePoint vc="0" uspid="663" ordinal="1" offset="1" sl="242" sc="13" el="247" ec="15" bec="0" bev="0" fileid="83" />
                <SequencePoint vc="0" uspid="664" ordinal="2" offset="45" sl="248" sc="9" el="248" ec="10" bec="0" bev="0" fileid="83" />
              </SequencePoints>
              <BranchPoints />
              <MethodPoint xsi:type="SequencePoint" vc="0" uspid="662" ordinal="0" offset="0" sl="241" sc="9" el="241" ec="10" bec="0" bev="0" fileid="83" />
            </Method>
          </Methods>
        </Class>
      </Classes>
      <TrackedMethods />
    </Module>
  </Modules>
</CoverageSession>